{"total": {"lines":{"total":361,"covered":146,"skipped":0,"pct":40.44},"statements":{"total":375,"covered":148,"skipped":0,"pct":39.46},"functions":{"total":70,"covered":18,"skipped":0,"pct":25.71},"branches":{"total":177,"covered":43,"skipped":0,"pct":24.29},"branchesTrue":{"total":0,"covered":0,"skipped":0,"pct":100}}
,"/Applications/MAMP/htdocs/WTF-Adventure/client/index.js": {"lines":{"total":298,"covered":121,"skipped":0,"pct":40.6},"functions":{"total":59,"covered":13,"skipped":0,"pct":22.03},"statements":{"total":311,"covered":122,"skipped":0,"pct":39.22},"branches":{"total":121,"covered":26,"skipped":0,"pct":21.48}}
,"/Applications/MAMP/htdocs/WTF-Adventure/client/lib/log.js": {"lines":{"total":56,"covered":24,"skipped":0,"pct":42.85},"functions":{"total":10,"covered":5,"skipped":0,"pct":50},"statements":{"total":57,"covered":25,"skipped":0,"pct":43.85},"branches":{"total":51,"covered":17,"skipped":0,"pct":33.33}}
,"/Applications/MAMP/htdocs/WTF-Adventure/client/utils/modules.js": {"lines":{"total":7,"covered":1,"skipped":0,"pct":14.28},"functions":{"total":1,"covered":0,"skipped":0,"pct":0},"statements":{"total":7,"covered":1,"skipped":0,"pct":14.28},"branches":{"total":5,"covered":0,"skipped":0,"pct":0}}
}
