{"total": {"lines":{"total":363,"covered":60,"skipped":0,"pct":16.52},"statements":{"total":377,"covered":61,"skipped":0,"pct":16.18},"functions":{"total":70,"covered":6,"skipped":0,"pct":8.57},"branches":{"total":177,"covered":15,"skipped":0,"pct":8.47},"branchesTrue":{"total":0,"covered":0,"skipped":0,"pct":100}}
,"/Applications/MAMP/htdocs/WTF-Adventure/client/index.js": {"lines":{"total":300,"covered":37,"skipped":0,"pct":12.33},"functions":{"total":59,"covered":1,"skipped":0,"pct":1.69},"statements":{"total":313,"covered":37,"skipped":0,"pct":11.82},"branches":{"total":121,"covered":1,"skipped":0,"pct":0.82}}
,"/Applications/MAMP/htdocs/WTF-Adventure/client/lib/log.js": {"lines":{"total":56,"covered":22,"skipped":0,"pct":39.28},"functions":{"total":10,"covered":5,"skipped":0,"pct":50},"statements":{"total":57,"covered":23,"skipped":0,"pct":40.35},"branches":{"total":51,"covered":14,"skipped":0,"pct":27.45}}
,"/Applications/MAMP/htdocs/WTF-Adventure/client/utils/modules.js": {"lines":{"total":7,"covered":1,"skipped":0,"pct":14.28},"functions":{"total":1,"covered":0,"skipped":0,"pct":0},"statements":{"total":7,"covered":1,"skipped":0,"pct":14.28},"branches":{"total":5,"covered":0,"skipped":0,"pct":0}}
}
