TN:
SF:app/layout.tsx
FN:54,RootLayout
FNF:1
FNH:1
FNDA:3,RootLayout
DA:7,1
DA:8,1
DA:10,1
DA:59,3
LF:4
LH:4
BRF:0
BRH:0
end_of_record
TN:
SF:app/page.tsx
FN:9,(anonymous_0)
FNF:1
FNH:1
FNDA:5,(anonymous_0)
DA:9,1
DA:11,5
DA:12,5
DA:14,5
LF:4
LH:4
BRDA:16,0,0,0
BRDA:16,0,1,5
BRF:2
BRH:1
end_of_record
TN:
SF:app/game/index.tsx
FN:21,(anonymous_0)
FNF:1
FNH:1
FNDA:5,(anonymous_0)
DA:21,1
DA:22,5
LF:2
LH:2
BRF:0
BRH:0
end_of_record
TN:
SF:client/game.js
FN:35,(anonymous_0)
FN:224,(anonymous_1)
FN:242,(anonymous_2)
FN:254,(anonymous_3)
FN:277,(anonymous_4)
FN:308,(anonymous_5)
FN:330,(anonymous_6)
FN:382,(anonymous_7)
FN:386,(anonymous_8)
FN:397,(anonymous_9)
FN:426,(anonymous_10)
FN:435,(anonymous_11)
FN:439,(anonymous_12)
FN:446,(anonymous_13)
FN:447,(anonymous_14)
FN:448,(anonymous_15)
FN:449,(anonymous_16)
FN:450,(anonymous_17)
FN:451,(anonymous_18)
FN:452,(anonymous_19)
FN:453,(anonymous_20)
FN:454,(anonymous_21)
FN:455,(anonymous_22)
FN:456,(anonymous_23)
FN:457,(anonymous_24)
FN:458,(anonymous_25)
FN:459,(anonymous_26)
FN:460,(anonymous_27)
FN:462,(anonymous_28)
FN:463,(anonymous_29)
FN:464,(anonymous_30)
FN:465,(anonymous_31)
FN:466,(anonymous_32)
FN:467,(anonymous_33)
FN:468,(anonymous_34)
FN:469,(anonymous_35)
FN:470,(anonymous_36)
FN:471,(anonymous_37)
FN:472,(anonymous_38)
FN:473,(anonymous_39)
FN:474,(anonymous_40)
FN:475,(anonymous_41)
FN:476,(anonymous_42)
FN:477,(anonymous_43)
FN:478,(anonymous_44)
FN:479,(anonymous_45)
FN:492,(anonymous_46)
FN:564,(anonymous_47)
FN:582,(anonymous_48)
FN:628,(anonymous_49)
FN:639,(anonymous_50)
FN:647,(anonymous_51)
FN:664,(anonymous_52)
FN:705,(anonymous_53)
FN:771,(anonymous_54)
FN:793,(anonymous_55)
FN:821,(anonymous_56)
FN:840,(anonymous_57)
FN:861,(anonymous_58)
FN:884,(anonymous_59)
FN:896,(anonymous_60)
FN:982,(anonymous_61)
FN:1002,(anonymous_62)
FN:1018,(anonymous_63)
FN:1028,(anonymous_64)
FN:1058,(anonymous_65)
FN:1068,(anonymous_66)
FN:1098,(anonymous_67)
FN:1144,(anonymous_68)
FN:1176,(anonymous_69)
FN:1205,(anonymous_70)
FN:1229,(anonymous_71)
FN:1245,(anonymous_72)
FN:1291,(anonymous_73)
FN:1316,(anonymous_74)
FN:1336,(anonymous_75)
FN:1353,(anonymous_76)
FN:1397,(anonymous_77)
FN:1452,(anonymous_78)
FN:1474,(anonymous_79)
FN:1499,(anonymous_80)
FN:1519,(anonymous_81)
FN:1557,(anonymous_82)
FN:1576,(anonymous_83)
FN:1600,(anonymous_84)
FN:1642,(anonymous_85)
FN:1670,(anonymous_86)
FN:1681,(anonymous_87)
FN:1693,(anonymous_88)
FN:1711,(anonymous_89)
FN:1722,(anonymous_90)
FN:1741,(anonymous_91)
FN:1752,(anonymous_92)
FN:1781,(anonymous_93)
FN:1794,(anonymous_94)
FN:1807,(anonymous_95)
FN:1820,(anonymous_96)
FN:1830,(anonymous_97)
FN:1838,(anonymous_98)
FN:1848,(anonymous_99)
FN:1859,(anonymous_100)
FN:1872,(anonymous_101)
FN:1884,(anonymous_102)
FN:1901,(anonymous_103)
FN:1911,(anonymous_104)
FN:1921,(anonymous_105)
FN:1931,(anonymous_106)
FN:1943,(anonymous_107)
FN:1955,(anonymous_108)
FN:1967,(anonymous_109)
FN:1979,(anonymous_110)
FN:1991,(anonymous_111)
FN:2003,(anonymous_112)
FN:2016,(anonymous_113)
FN:2028,(anonymous_114)
FN:2040,(anonymous_115)
FN:2052,(anonymous_116)
FN:2064,(anonymous_117)
FN:2076,(anonymous_118)
FNF:119
FNH:26
FNDA:31,(anonymous_0)
FNDA:4,(anonymous_1)
FNDA:2,(anonymous_2)
FNDA:6,(anonymous_3)
FNDA:4,(anonymous_4)
FNDA:31,(anonymous_5)
FNDA:31,(anonymous_6)
FNDA:0,(anonymous_7)
FNDA:0,(anonymous_8)
FNDA:0,(anonymous_9)
FNDA:0,(anonymous_10)
FNDA:0,(anonymous_11)
FNDA:0,(anonymous_12)
FNDA:0,(anonymous_13)
FNDA:0,(anonymous_14)
FNDA:0,(anonymous_15)
FNDA:0,(anonymous_16)
FNDA:0,(anonymous_17)
FNDA:0,(anonymous_18)
FNDA:0,(anonymous_19)
FNDA:0,(anonymous_20)
FNDA:0,(anonymous_21)
FNDA:0,(anonymous_22)
FNDA:0,(anonymous_23)
FNDA:0,(anonymous_24)
FNDA:0,(anonymous_25)
FNDA:0,(anonymous_26)
FNDA:0,(anonymous_27)
FNDA:0,(anonymous_28)
FNDA:0,(anonymous_29)
FNDA:0,(anonymous_30)
FNDA:0,(anonymous_31)
FNDA:0,(anonymous_32)
FNDA:0,(anonymous_33)
FNDA:0,(anonymous_34)
FNDA:0,(anonymous_35)
FNDA:0,(anonymous_36)
FNDA:0,(anonymous_37)
FNDA:0,(anonymous_38)
FNDA:0,(anonymous_39)
FNDA:0,(anonymous_40)
FNDA:0,(anonymous_41)
FNDA:0,(anonymous_42)
FNDA:0,(anonymous_43)
FNDA:0,(anonymous_44)
FNDA:0,(anonymous_45)
FNDA:0,(anonymous_46)
FNDA:0,(anonymous_47)
FNDA:0,(anonymous_48)
FNDA:0,(anonymous_49)
FNDA:0,(anonymous_50)
FNDA:0,(anonymous_51)
FNDA:0,(anonymous_52)
FNDA:0,(anonymous_53)
FNDA:0,(anonymous_54)
FNDA:0,(anonymous_55)
FNDA:0,(anonymous_56)
FNDA:0,(anonymous_57)
FNDA:0,(anonymous_58)
FNDA:0,(anonymous_59)
FNDA:0,(anonymous_60)
FNDA:0,(anonymous_61)
FNDA:0,(anonymous_62)
FNDA:0,(anonymous_63)
FNDA:0,(anonymous_64)
FNDA:0,(anonymous_65)
FNDA:0,(anonymous_66)
FNDA:0,(anonymous_67)
FNDA:0,(anonymous_68)
FNDA:0,(anonymous_69)
FNDA:0,(anonymous_70)
FNDA:0,(anonymous_71)
FNDA:0,(anonymous_72)
FNDA:0,(anonymous_73)
FNDA:0,(anonymous_74)
FNDA:0,(anonymous_75)
FNDA:0,(anonymous_76)
FNDA:0,(anonymous_77)
FNDA:0,(anonymous_78)
FNDA:0,(anonymous_79)
FNDA:0,(anonymous_80)
FNDA:0,(anonymous_81)
FNDA:0,(anonymous_82)
FNDA:0,(anonymous_83)
FNDA:0,(anonymous_84)
FNDA:31,(anonymous_85)
FNDA:0,(anonymous_86)
FNDA:0,(anonymous_87)
FNDA:0,(anonymous_88)
FNDA:0,(anonymous_89)
FNDA:0,(anonymous_90)
FNDA:0,(anonymous_91)
FNDA:0,(anonymous_92)
FNDA:0,(anonymous_93)
FNDA:0,(anonymous_94)
FNDA:2,(anonymous_95)
FNDA:1,(anonymous_96)
FNDA:1,(anonymous_97)
FNDA:1,(anonymous_98)
FNDA:1,(anonymous_99)
FNDA:1,(anonymous_100)
FNDA:0,(anonymous_101)
FNDA:0,(anonymous_102)
FNDA:0,(anonymous_103)
FNDA:0,(anonymous_104)
FNDA:31,(anonymous_105)
FNDA:31,(anonymous_106)
FNDA:31,(anonymous_107)
FNDA:31,(anonymous_108)
FNDA:31,(anonymous_109)
FNDA:0,(anonymous_110)
FNDA:31,(anonymous_111)
FNDA:31,(anonymous_112)
FNDA:0,(anonymous_113)
FNDA:31,(anonymous_114)
FNDA:31,(anonymous_115)
FNDA:31,(anonymous_116)
FNDA:31,(anonymous_117)
FNDA:31,(anonymous_118)
DA:36,31
DA:42,31
DA:49,31
DA:55,31
DA:61,31
DA:67,31
DA:73,31
DA:79,31
DA:85,31
DA:91,31
DA:97,31
DA:103,31
DA:109,31
DA:115,31
DA:123,31
DA:129,31
DA:135,31
DA:141,31
DA:147,31
DA:153,31
DA:159,31
DA:165,31
DA:171,31
DA:177,31
DA:183,31
DA:189,31
DA:195,31
DA:201,31
DA:207,31
DA:213,31
DA:215,31
DA:216,31
DA:225,4
DA:227,4
DA:228,1
DA:231,3
DA:233,3
DA:234,3
DA:236,3
DA:243,2
DA:245,2
DA:246,2
DA:257,6
DA:259,2
DA:260,2
DA:261,2
DA:263,2
DA:265,0
DA:278,4
DA:280,4
DA:281,4
DA:282,4
DA:283,4
DA:284,4
DA:285,4
DA:286,4
DA:287,4
DA:288,4
DA:289,4
DA:290,4
DA:291,4
DA:292,4
DA:293,4
DA:294,4
DA:296,4
DA:309,31
DA:310,31
DA:311,31
DA:312,31
DA:313,31
DA:315,31
DA:317,31
DA:319,31
DA:321,31
DA:323,31
DA:331,31
DA:333,31
DA:335,31
DA:337,31
DA:338,0
DA:341,31
DA:342,31
DA:343,31
DA:345,31
DA:346,31
DA:347,31
DA:348,31
DA:350,31
DA:351,31
DA:353,31
DA:354,31
DA:356,31
DA:357,31
DA:359,31
DA:360,31
DA:362,31
DA:363,31
DA:365,31
DA:366,31
DA:368,31
DA:370,31
DA:371,31
DA:372,31
DA:375,31
DA:383,0
DA:385,0
DA:386,0
DA:387,0
DA:388,0
DA:390,0
DA:398,0
DA:400,0
DA:401,0
DA:403,0
DA:404,0
DA:406,0
DA:407,0
DA:409,0
DA:410,0
DA:411,0
DA:416,0
DA:417,0
DA:418,0
DA:419,0
DA:420,0
DA:427,0
DA:436,0
DA:438,0
DA:439,0
DA:446,0
DA:447,0
DA:448,0
DA:449,0
DA:450,0
DA:451,0
DA:452,0
DA:453,0
DA:454,0
DA:455,0
DA:456,0
DA:457,0
DA:458,0
DA:459,0
DA:460,0
DA:461,0
DA:462,0
DA:463,0
DA:464,0
DA:465,0
DA:466,0
DA:467,0
DA:468,0
DA:469,0
DA:470,0
DA:471,0
DA:472,0
DA:473,0
DA:474,0
DA:475,0
DA:476,0
DA:477,0
DA:478,0
DA:479,0
DA:481,0
DA:493,0
DA:495,0
DA:496,0
DA:498,0
DA:499,0
DA:502,0
DA:503,0
DA:506,0
DA:508,0
DA:509,0
DA:511,0
DA:512,0
DA:513,0
DA:514,0
DA:516,0
DA:522,0
DA:523,0
DA:524,0
DA:531,0
DA:532,0
DA:533,0
DA:534,0
DA:536,0
DA:543,0
DA:544,0
DA:545,0
DA:547,0
DA:548,0
DA:551,0
DA:554,0
DA:565,0
DA:567,0
DA:568,0
DA:573,0
DA:583,0
DA:585,0
DA:587,0
DA:588,0
DA:590,0
DA:591,0
DA:593,0
DA:594,0
DA:595,0
DA:596,0
DA:597,0
DA:598,0
DA:600,0
DA:608,0
DA:609,0
DA:611,0
DA:612,0
DA:613,0
DA:614,0
DA:616,0
DA:617,0
DA:619,0
DA:629,0
DA:630,0
DA:640,0
DA:641,0
DA:642,0
DA:643,0
DA:645,0
DA:647,0
DA:651,0
DA:652,0
DA:653,0
DA:665,0
DA:667,0
DA:669,0
DA:670,0
DA:673,0
DA:674,0
DA:675,0
DA:678,0
DA:679,0
DA:680,0
DA:683,0
DA:684,0
DA:685,0
DA:688,0
DA:689,0
DA:692,0
DA:693,0
DA:696,0
DA:697,0
DA:706,0
DA:708,0
DA:709,0
DA:711,0
DA:713,0
DA:715,0
DA:716,0
DA:717,0
DA:718,0
DA:719,0
DA:720,0
DA:722,0
DA:723,0
DA:726,0
DA:727,0
DA:730,0
DA:731,0
DA:733,0
DA:734,0
DA:736,0
DA:737,0
DA:740,0
DA:741,0
DA:744,0
DA:745,0
DA:747,0
DA:748,0
DA:751,0
DA:752,0
DA:755,0
DA:756,0
DA:757,0
DA:758,0
DA:760,0
DA:763,0
DA:772,0
DA:774,0
DA:775,0
DA:776,0
DA:777,0
DA:778,0
DA:779,0
DA:781,0
DA:782,0
DA:785,0
DA:786,0
DA:793,0
DA:794,0
DA:796,0
DA:797,0
DA:799,0
DA:800,0
DA:801,0
DA:802,0
DA:803,0
DA:804,0
DA:805,0
DA:806,0
DA:809,0
DA:810,0
DA:812,0
DA:813,0
DA:816,0
DA:817,0
DA:818,0
DA:819,0
DA:821,0
DA:822,0
DA:823,0
DA:824,0
DA:825,0
DA:826,0
DA:829,0
DA:832,0
DA:841,0
DA:843,0
DA:845,0
DA:846,0
DA:849,0
DA:850,0
DA:852,0
DA:854,0
DA:856,0
DA:857,0
DA:859,0
DA:861,0
DA:862,0
DA:863,0
DA:865,0
DA:868,0
DA:869,0
DA:872,0
DA:874,0
DA:875,0
DA:881,0
DA:882,0
DA:884,0
DA:885,0
DA:886,0
DA:889,0
DA:897,0
DA:899,0
DA:900,0
DA:901,0
DA:903,0
DA:904,0
DA:907,0
DA:909,0
DA:911,0
DA:912,0
DA:914,0
DA:915,0
DA:921,0
DA:923,0
DA:924,0
DA:926,0
DA:927,0
DA:928,0
DA:932,0
DA:933,0
DA:936,0
DA:938,0
DA:939,0
DA:941,0
DA:942,0
DA:947,0
DA:950,0
DA:957,0
DA:958,0
DA:960,0
DA:961,0
DA:963,0
DA:965,0
DA:966,0
DA:967,0
DA:970,0
DA:971,0
DA:973,0
DA:983,0
DA:985,0
DA:986,0
DA:987,0
DA:988,0
DA:990,0
DA:991,0
DA:994,0
DA:1003,0
DA:1005,0
DA:1007,0
DA:1009,0
DA:1010,0
DA:1019,0
DA:1021,0
DA:1029,0
DA:1031,0
DA:1032,0
DA:1033,0
DA:1034,0
DA:1036,0
DA:1037,0
DA:1040,0
DA:1041,0
DA:1043,0
DA:1047,0
DA:1050,0
DA:1051,0
DA:1059,0
DA:1061,0
DA:1069,0
DA:1071,0
DA:1072,0
DA:1075,0
DA:1076,0
DA:1078,0
DA:1079,0
DA:1080,0
DA:1082,0
DA:1086,0
DA:1087,0
DA:1090,0
DA:1099,0
DA:1101,0
DA:1103,0
DA:1105,0
DA:1106,0
DA:1108,0
DA:1109,0
DA:1111,0
DA:1112,0
DA:1115,0
DA:1117,0
DA:1118,0
DA:1121,0
DA:1122,0
DA:1124,0
DA:1125,0
DA:1128,0
DA:1130,0
DA:1131,0
DA:1134,0
DA:1135,0
DA:1145,0
DA:1147,0
DA:1149,0
DA:1151,0
DA:1152,0
DA:1154,0
DA:1155,0
DA:1158,0
DA:1159,0
DA:1162,0
DA:1163,0
DA:1166,0
DA:1167,0
DA:1177,0
DA:1179,0
DA:1181,0
DA:1182,0
DA:1184,0
DA:1185,0
DA:1186,0
DA:1189,0
DA:1190,0
DA:1191,0
DA:1194,0
DA:1195,0
DA:1196,0
DA:1206,0
DA:1208,0
DA:1210,0
DA:1212,0
DA:1213,0
DA:1216,0
DA:1217,0
DA:1220,0
DA:1221,0
DA:1230,0
DA:1232,0
DA:1234,0
DA:1235,0
DA:1238,0
DA:1246,0
DA:1248,0
DA:1250,0
DA:1251,0
DA:1254,0
DA:1256,0
DA:1258,0
DA:1265,0
DA:1268,0
DA:1275,0
DA:1278,0
DA:1279,0
DA:1281,0
DA:1284,0
DA:1292,0
DA:1294,0
DA:1296,0
DA:1297,0
DA:1300,0
DA:1302,0
DA:1303,0
DA:1304,0
DA:1305,0
DA:1306,0
DA:1309,0
DA:1317,0
DA:1319,0
DA:1321,0
DA:1322,0
DA:1325,0
DA:1326,0
DA:1327,0
DA:1328,0
DA:1329,0
DA:1337,0
DA:1339,0
DA:1341,0
DA:1342,0
DA:1345,0
DA:1354,0
DA:1356,0
DA:1358,0
DA:1360,0
DA:1361,0
DA:1362,0
DA:1363,0
DA:1365,0
DA:1366,0
DA:1367,0
DA:1370,0
DA:1371,0
DA:1372,0
DA:1373,0
DA:1376,0
DA:1380,0
DA:1382,0
DA:1383,0
DA:1384,0
DA:1385,0
DA:1387,0
DA:1389,0
DA:1390,0
DA:1393,0
DA:1394,0
DA:1395,0
DA:1397,0
DA:1398,0
DA:1400,0
DA:1401,0
DA:1402,0
DA:1410,0
DA:1411,0
DA:1412,0
DA:1415,0
DA:1417,0
DA:1418,0
DA:1419,0
DA:1422,0
DA:1424,0
DA:1427,0
DA:1428,0
DA:1431,0
DA:1432,0
DA:1435,0
DA:1436,0
DA:1438,0
DA:1439,0
DA:1442,0
DA:1453,0
DA:1455,0
DA:1456,0
DA:1457,0
DA:1460,0
DA:1461,0
DA:1462,0
DA:1463,0
DA:1464,0
DA:1465,0
DA:1466,0
DA:1475,0
DA:1480,0
DA:1482,0
DA:1484,0
DA:1486,0
DA:1487,0
DA:1489,0
DA:1490,0
DA:1500,0
DA:1502,0
DA:1504,0
DA:1506,0
DA:1508,0
DA:1511,0
DA:1520,0
DA:1522,0
DA:1524,0
DA:1526,0
DA:1528,0
DA:1529,0
DA:1532,0
DA:1533,0
DA:1534,0
DA:1537,0
DA:1538,0
DA:1539,0
DA:1542,0
DA:1543,0
DA:1544,0
DA:1547,0
DA:1548,0
DA:1558,0
DA:1560,0
DA:1561,0
DA:1563,0
DA:1565,0
DA:1566,0
DA:1577,0
DA:1579,0
DA:1581,0
DA:1583,0
DA:1585,0
DA:1587,0
DA:1589,0
DA:1593,0
DA:1601,0
DA:1604,0
DA:1606,0
DA:1608,0
DA:1610,0
DA:1612,0
DA:1614,0
DA:1615,0
DA:1617,0
DA:1619,0
DA:1621,0
DA:1623,0
DA:1625,0
DA:1627,0
DA:1629,0
DA:1630,0
DA:1631,0
DA:1634,0
DA:1635,0
DA:1643,31
DA:1645,31
DA:1646,31
DA:1648,31
DA:1649,31
DA:1651,31
DA:1652,31
DA:1655,0
DA:1656,0
DA:1659,0
DA:1660,0
DA:1663,0
DA:1671,0
DA:1673,0
DA:1682,0
DA:1684,0
DA:1694,0
DA:1696,0
DA:1697,0
DA:1700,0
DA:1712,0
DA:1714,0
DA:1715,0
DA:1717,0
DA:1718,0
DA:1721,0
DA:1722,0
DA:1723,0
DA:1727,0
DA:1729,0
DA:1730,0
DA:1733,0
DA:1742,0
DA:1744,0
DA:1753,0
DA:1755,0
DA:1756,0
DA:1759,0
DA:1760,0
DA:1762,0
DA:1764,0
DA:1766,0
DA:1767,0
DA:1768,0
DA:1771,0
DA:1772,0
DA:1774,0
DA:1775,0
DA:1782,0
DA:1784,0
DA:1785,0
DA:1787,0
DA:1795,0
DA:1797,0
DA:1798,0
DA:1801,0
DA:1808,2
DA:1810,2
DA:1812,2
DA:1813,2
DA:1821,1
DA:1823,1
DA:1831,1
DA:1839,1
DA:1841,1
DA:1849,1
DA:1851,1
DA:1860,1
DA:1862,1
DA:1873,0
DA:1875,0
DA:1877,0
DA:1878,0
DA:1881,0
DA:1883,0
DA:1884,0
DA:1885,0
DA:1886,0
DA:1888,0
DA:1891,0
DA:1894,0
DA:1902,0
DA:1904,0
DA:1912,0
DA:1914,0
DA:1922,31
DA:1924,31
DA:1932,31
DA:1934,31
DA:1935,31
DA:1944,31
DA:1946,31
DA:1947,31
DA:1956,31
DA:1958,31
DA:1959,31
DA:1968,31
DA:1970,31
DA:1971,31
DA:1980,0
DA:1982,0
DA:1983,0
DA:1992,31
DA:1994,31
DA:1995,31
DA:2004,31
DA:2006,31
DA:2007,31
DA:2008,31
DA:2017,0
DA:2019,0
DA:2020,0
DA:2029,31
DA:2031,31
DA:2032,31
DA:2041,31
DA:2043,31
DA:2044,31
DA:2053,31
DA:2055,31
DA:2056,31
DA:2065,31
DA:2067,31
DA:2068,31
DA:2077,31
DA:2079,31
DA:2080,31
LF:781
LH:158
BRDA:227,0,0,1
BRDA:227,0,1,3
BRDA:257,1,0,2
BRDA:257,1,1,4
BRDA:263,2,0,0
BRDA:263,2,1,2
BRDA:335,3,0,0
BRDA:335,3,1,31
BRDA:337,4,0,0
BRDA:337,4,1,31
BRDA:370,5,0,31
BRDA:370,5,1,0
BRDA:498,6,0,0
BRDA:498,6,1,0
BRDA:502,7,0,0
BRDA:502,7,1,0
BRDA:508,8,0,0
BRDA:508,8,1,0
BRDA:522,9,0,0
BRDA:522,9,1,0
BRDA:543,10,0,0
BRDA:543,10,1,0
BRDA:585,11,0,0
BRDA:585,11,1,0
BRDA:585,11,2,0
BRDA:585,11,3,0
BRDA:613,12,0,0
BRDA:613,12,1,0
BRDA:647,13,0,0
BRDA:647,13,1,0
BRDA:669,14,0,0
BRDA:669,14,1,0
BRDA:669,15,0,0
BRDA:669,15,1,0
BRDA:673,16,0,0
BRDA:673,16,1,0
BRDA:678,17,0,0
BRDA:678,17,1,0
BRDA:683,18,0,0
BRDA:683,18,1,0
BRDA:688,19,0,0
BRDA:688,19,1,0
BRDA:692,20,0,0
BRDA:692,20,1,0
BRDA:711,21,0,0
BRDA:711,21,1,0
BRDA:711,21,2,0
BRDA:711,21,3,0
BRDA:711,21,4,0
BRDA:722,22,0,0
BRDA:722,22,1,0
BRDA:726,23,0,0
BRDA:726,23,1,0
BRDA:736,24,0,0
BRDA:736,24,1,0
BRDA:736,25,0,0
BRDA:736,25,1,0
BRDA:747,26,0,0
BRDA:747,26,1,0
BRDA:751,27,0,0
BRDA:751,27,1,0
BRDA:755,28,0,0
BRDA:755,28,1,0
BRDA:757,29,0,0
BRDA:757,29,1,0
BRDA:781,30,0,0
BRDA:781,30,1,0
BRDA:799,31,0,0
BRDA:799,31,1,0
BRDA:804,32,0,0
BRDA:804,32,1,0
BRDA:816,33,0,0
BRDA:816,33,1,0
BRDA:845,34,0,0
BRDA:845,34,1,0
BRDA:852,35,0,0
BRDA:852,35,1,0
BRDA:852,35,2,0
BRDA:868,36,0,0
BRDA:868,36,1,0
BRDA:868,37,0,0
BRDA:868,37,1,0
BRDA:874,38,0,0
BRDA:874,38,1,0
BRDA:874,39,0,0
BRDA:874,39,1,0
BRDA:903,40,0,0
BRDA:903,40,1,0
BRDA:903,41,0,0
BRDA:903,41,1,0
BRDA:907,42,0,0
BRDA:907,42,1,0
BRDA:907,42,2,0
BRDA:907,42,3,0
BRDA:914,43,0,0
BRDA:914,43,1,0
BRDA:914,44,0,0
BRDA:914,44,1,0
BRDA:926,45,0,0
BRDA:926,45,1,0
BRDA:932,46,0,0
BRDA:932,46,1,0
BRDA:936,47,0,0
BRDA:936,47,1,0
BRDA:941,48,0,0
BRDA:941,48,1,0
BRDA:941,49,0,0
BRDA:941,49,1,0
BRDA:960,50,0,0
BRDA:960,50,1,0
BRDA:960,51,0,0
BRDA:960,51,1,0
BRDA:965,52,0,0
BRDA:965,52,1,0
BRDA:970,53,0,0
BRDA:970,53,1,0
BRDA:990,54,0,0
BRDA:990,54,1,0
BRDA:1005,55,0,0
BRDA:1005,55,1,0
BRDA:1036,56,0,0
BRDA:1036,56,1,0
BRDA:1040,57,0,0
BRDA:1040,57,1,0
BRDA:1043,58,0,0
BRDA:1043,58,1,0
BRDA:1044,59,0,0
BRDA:1044,59,1,0
BRDA:1044,59,2,0
BRDA:1050,60,0,0
BRDA:1050,60,1,0
BRDA:1071,61,0,0
BRDA:1071,61,1,0
BRDA:1075,62,0,0
BRDA:1075,62,1,0
BRDA:1078,63,0,0
BRDA:1078,63,1,0
BRDA:1086,64,0,0
BRDA:1086,64,1,0
BRDA:1101,65,0,0
BRDA:1101,65,1,0
BRDA:1101,65,2,0
BRDA:1101,65,3,0
BRDA:1111,66,0,0
BRDA:1111,66,1,0
BRDA:1117,67,0,0
BRDA:1117,67,1,0
BRDA:1124,68,0,0
BRDA:1124,68,1,0
BRDA:1130,69,0,0
BRDA:1130,69,1,0
BRDA:1147,70,0,0
BRDA:1147,70,1,0
BRDA:1147,70,2,0
BRDA:1147,70,3,0
BRDA:1158,71,0,0
BRDA:1158,71,1,0
BRDA:1179,72,0,0
BRDA:1179,72,1,0
BRDA:1179,72,2,0
BRDA:1179,72,3,0
BRDA:1208,73,0,0
BRDA:1208,73,1,0
BRDA:1208,73,2,0
BRDA:1208,73,3,0
BRDA:1234,74,0,0
BRDA:1234,74,1,0
BRDA:1250,75,0,0
BRDA:1250,75,1,0
BRDA:1254,76,0,0
BRDA:1254,76,1,0
BRDA:1254,76,2,0
BRDA:1278,77,0,0
BRDA:1278,77,1,0
BRDA:1296,78,0,0
BRDA:1296,78,1,0
BRDA:1296,79,0,0
BRDA:1296,79,1,0
BRDA:1302,80,0,0
BRDA:1302,80,1,0
BRDA:1305,81,0,0
BRDA:1305,81,1,0
BRDA:1321,82,0,0
BRDA:1321,82,1,0
BRDA:1321,83,0,0
BRDA:1321,83,1,0
BRDA:1341,84,0,0
BRDA:1341,84,1,0
BRDA:1341,85,0,0
BRDA:1341,85,1,0
BRDA:1356,86,0,0
BRDA:1356,86,1,0
BRDA:1356,86,2,0
BRDA:1356,86,3,0
BRDA:1356,86,4,0
BRDA:1365,87,0,0
BRDA:1365,87,1,0
BRDA:1370,88,0,0
BRDA:1370,88,1,0
BRDA:1376,89,0,0
BRDA:1376,89,1,0
BRDA:1382,90,0,0
BRDA:1382,90,1,0
BRDA:1389,91,0,0
BRDA:1389,91,1,0
BRDA:1389,92,0,0
BRDA:1389,92,1,0
BRDA:1393,93,0,0
BRDA:1393,93,1,0
BRDA:1400,94,0,0
BRDA:1400,94,1,0
BRDA:1417,95,0,0
BRDA:1417,95,1,0
BRDA:1417,96,0,0
BRDA:1417,96,1,0
BRDA:1438,97,0,0
BRDA:1438,97,1,0
BRDA:1455,98,0,0
BRDA:1455,98,1,0
BRDA:1482,99,0,0
BRDA:1482,99,1,0
BRDA:1482,99,2,0
BRDA:1502,100,0,0
BRDA:1502,100,1,0
BRDA:1502,100,2,0
BRDA:1522,101,0,0
BRDA:1522,101,1,0
BRDA:1522,101,2,0
BRDA:1522,101,3,0
BRDA:1522,101,4,0
BRDA:1528,102,0,0
BRDA:1528,102,1,0
BRDA:1560,103,0,0
BRDA:1560,103,1,0
BRDA:1565,104,0,0
BRDA:1565,104,1,0
BRDA:1579,105,0,0
BRDA:1579,105,1,0
BRDA:1579,105,2,0
BRDA:1579,105,3,0
BRDA:1579,105,4,0
BRDA:1629,106,0,0
BRDA:1629,106,1,0
BRDA:1634,107,0,0
BRDA:1634,107,1,0
BRDA:1651,108,0,31
BRDA:1651,108,1,0
BRDA:1655,109,0,0
BRDA:1655,109,1,0
BRDA:1659,110,0,0
BRDA:1659,110,1,0
BRDA:1696,111,0,0
BRDA:1696,111,1,0
BRDA:1717,112,0,0
BRDA:1717,112,1,0
BRDA:1717,113,0,0
BRDA:1717,113,1,0
BRDA:1717,113,2,0
BRDA:1721,114,0,0
BRDA:1721,114,1,0
BRDA:1729,115,0,0
BRDA:1729,115,1,0
BRDA:1755,116,0,0
BRDA:1755,116,1,0
BRDA:1766,117,0,0
BRDA:1766,117,1,0
BRDA:1797,118,0,0
BRDA:1797,118,1,0
BRDA:1797,119,0,0
BRDA:1797,119,1,0
BRDA:1812,120,0,2
BRDA:1812,120,1,0
BRDA:1877,121,0,0
BRDA:1877,121,1,0
BRDA:1878,122,0,0
BRDA:1878,122,1,0
BRDA:1883,123,0,0
BRDA:1883,123,1,0
BRDA:1885,124,0,0
BRDA:1885,124,1,0
BRDA:1934,125,0,31
BRDA:1934,125,1,0
BRDA:1946,126,0,31
BRDA:1946,126,1,0
BRDA:1958,127,0,31
BRDA:1958,127,1,0
BRDA:1970,128,0,31
BRDA:1970,128,1,0
BRDA:1982,129,0,0
BRDA:1982,129,1,0
BRDA:1994,130,0,31
BRDA:1994,130,1,0
BRDA:2006,131,0,31
BRDA:2006,131,1,0
BRDA:2019,132,0,0
BRDA:2019,132,1,0
BRDA:2031,133,0,31
BRDA:2031,133,1,0
BRDA:2043,134,0,31
BRDA:2043,134,1,0
BRDA:2055,135,0,31
BRDA:2055,135,1,0
BRDA:2067,136,0,31
BRDA:2067,136,1,0
BRDA:2079,137,0,31
BRDA:2079,137,1,0
BRF:306
BRH:21
end_of_record
TN:
SF:client/index.js
FN:19,(anonymous_0)
FN:243,(anonymous_1)
FN:257,(anonymous_2)
FN:258,(anonymous_3)
FN:259,(anonymous_4)
FN:260,(anonymous_5)
FN:261,(anonymous_6)
FN:262,(anonymous_7)
FN:263,(anonymous_8)
FN:264,(anonymous_9)
FN:265,(anonymous_10)
FN:266,(anonymous_11)
FN:267,(anonymous_12)
FN:268,(anonymous_13)
FN:283,(anonymous_14)
FN:299,(anonymous_15)
FN:318,(anonymous_16)
FN:339,(anonymous_17)
FN:357,(anonymous_18)
FN:381,(anonymous_19)
FN:400,(anonymous_20)
FN:416,(anonymous_21)
FN:444,(anonymous_22)
FN:461,(anonymous_23)
FN:479,(anonymous_24)
FN:496,(anonymous_25)
FN:525,(anonymous_26)
FN:530,(anonymous_27)
FN:540,(anonymous_28)
FN:553,(anonymous_29)
FN:571,(anonymous_30)
FN:595,(anonymous_31)
FN:617,(anonymous_32)
FN:665,(anonymous_33)
FN:694,(anonymous_34)
FN:707,(anonymous_35)
FN:730,(anonymous_36)
FN:742,(anonymous_37)
FN:753,(anonymous_38)
FN:773,(anonymous_39)
FN:783,(anonymous_40)
FN:793,(anonymous_41)
FN:802,(anonymous_42)
FN:813,(anonymous_43)
FN:824,(anonymous_44)
FN:835,(anonymous_45)
FN:857,(anonymous_46)
FN:867,(anonymous_47)
FN:884,(anonymous_48)
FN:907,(anonymous_49)
FN:911,(anonymous_50)
FN:917,(anonymous_51)
FN:927,(anonymous_52)
FN:946,(anonymous_53)
FN:957,(anonymous_54)
FN:967,(anonymous_55)
FN:979,(anonymous_56)
FN:989,(anonymous_57)
FN:999,(anonymous_58)
FNF:59
FNH:13
FNDA:13,(anonymous_0)
FNDA:1,(anonymous_1)
FNDA:0,(anonymous_2)
FNDA:0,(anonymous_3)
FNDA:0,(anonymous_4)
FNDA:0,(anonymous_5)
FNDA:0,(anonymous_6)
FNDA:0,(anonymous_7)
FNDA:0,(anonymous_8)
FNDA:0,(anonymous_9)
FNDA:0,(anonymous_10)
FNDA:0,(anonymous_11)
FNDA:0,(anonymous_12)
FNDA:0,(anonymous_13)
FNDA:0,(anonymous_14)
FNDA:2,(anonymous_15)
FNDA:6,(anonymous_16)
FNDA:2,(anonymous_17)
FNDA:7,(anonymous_18)
FNDA:0,(anonymous_19)
FNDA:0,(anonymous_20)
FNDA:0,(anonymous_21)
FNDA:0,(anonymous_22)
FNDA:0,(anonymous_23)
FNDA:0,(anonymous_24)
FNDA:2,(anonymous_25)
FNDA:0,(anonymous_26)
FNDA:0,(anonymous_27)
FNDA:0,(anonymous_28)
FNDA:0,(anonymous_29)
FNDA:3,(anonymous_30)
FNDA:0,(anonymous_31)
FNDA:0,(anonymous_32)
FNDA:0,(anonymous_33)
FNDA:0,(anonymous_34)
FNDA:1,(anonymous_35)
FNDA:0,(anonymous_36)
FNDA:0,(anonymous_37)
FNDA:1,(anonymous_38)
FNDA:1,(anonymous_39)
FNDA:0,(anonymous_40)
FNDA:0,(anonymous_41)
FNDA:0,(anonymous_42)
FNDA:0,(anonymous_43)
FNDA:0,(anonymous_44)
FNDA:0,(anonymous_45)
FNDA:0,(anonymous_46)
FNDA:0,(anonymous_47)
FNDA:0,(anonymous_48)
FNDA:0,(anonymous_49)
FNDA:0,(anonymous_50)
FNDA:0,(anonymous_51)
FNDA:0,(anonymous_52)
FNDA:1,(anonymous_53)
FNDA:1,(anonymous_54)
FNDA:0,(anonymous_55)
FNDA:0,(anonymous_56)
FNDA:0,(anonymous_57)
FNDA:0,(anonymous_58)
DA:20,13
DA:27,13
DA:33,13
DA:39,13
DA:45,13
DA:51,13
DA:57,13
DA:63,13
DA:69,13
DA:75,13
DA:81,13
DA:87,13
DA:93,13
DA:99,13
DA:105,13
DA:111,13
DA:117,13
DA:123,13
DA:129,13
DA:135,13
DA:141,13
DA:147,13
DA:153,13
DA:159,13
DA:165,13
DA:171,13
DA:177,13
DA:183,13
DA:189,13
DA:195,13
DA:201,13
DA:207,13
DA:213,13
DA:219,13
DA:225,13
DA:231,13
DA:237,13
DA:244,1
DA:247,1
DA:248,1
DA:249,1
DA:250,1
DA:251,1
DA:253,1
DA:254,1
DA:255,1
DA:257,1
DA:258,1
DA:259,1
DA:260,1
DA:261,1
DA:262,1
DA:263,1
DA:264,1
DA:265,1
DA:266,1
DA:267,1
DA:268,1
DA:270,1
DA:271,1
DA:274,1
DA:276,1
DA:277,1
DA:278,1
DA:279,1
DA:283,1
DA:284,0
DA:287,1
DA:288,0
DA:289,0
DA:291,1
DA:300,2
DA:302,2
DA:303,1
DA:307,1
DA:308,1
DA:309,1
DA:310,1
DA:319,6
DA:321,6
DA:327,5
DA:330,1
DA:331,1
DA:340,2
DA:342,2
DA:343,1
DA:344,1
DA:347,1
DA:348,1
DA:349,1
DA:358,7
DA:360,7
DA:365,3
DA:366,3
DA:367,3
DA:370,4
DA:382,0
DA:384,0
DA:385,0
DA:388,0
DA:390,0
DA:391,0
DA:392,0
DA:401,0
DA:403,0
DA:404,0
DA:407,0
DA:408,0
DA:417,0
DA:419,0
DA:421,0
DA:422,0
DA:425,0
DA:427,0
DA:428,0
DA:429,0
DA:432,0
DA:433,0
DA:436,0
DA:445,0
DA:447,0
DA:449,0
DA:450,0
DA:453,0
DA:454,0
DA:464,0
DA:465,0
DA:468,0
DA:469,0
DA:471,0
DA:480,0
DA:482,0
DA:483,0
DA:486,0
DA:487,0
DA:489,0
DA:497,2
DA:518,2
DA:526,0
DA:528,0
DA:530,0
DA:531,0
DA:532,0
DA:533,0
DA:541,0
DA:543,0
DA:544,0
DA:545,0
DA:554,0
DA:556,0
DA:557,0
DA:560,0
DA:562,0
DA:563,0
DA:564,0
DA:572,3
DA:574,3
DA:576,3
DA:577,3
DA:578,3
DA:580,3
DA:581,0
DA:584,3
DA:585,3
DA:587,0
DA:588,0
DA:596,0
DA:598,0
DA:600,0
DA:601,0
DA:604,0
DA:605,0
DA:606,0
DA:607,0
DA:610,0
DA:618,0
DA:620,0
DA:621,0
DA:622,0
DA:623,0
DA:625,0
DA:626,0
DA:634,0
DA:635,0
DA:636,0
DA:639,0
DA:640,0
DA:641,0
DA:644,0
DA:645,0
DA:649,0
DA:652,0
DA:653,0
DA:654,0
DA:657,0
DA:666,0
DA:668,0
DA:669,0
DA:671,0
DA:672,0
DA:675,0
DA:676,0
DA:677,0
DA:680,0
DA:681,0
DA:682,0
DA:685,0
DA:695,0
DA:697,0
DA:708,1
DA:710,1
DA:712,1
DA:714,1
DA:715,0
DA:716,0
DA:717,0
DA:720,1
DA:721,1
DA:731,0
DA:733,0
DA:734,0
DA:735,0
DA:737,0
DA:738,0
DA:741,0
DA:742,0
DA:743,0
DA:744,0
DA:745,0
DA:754,1
DA:756,1
DA:757,1
DA:761,1
DA:762,0
DA:765,1
DA:766,1
DA:774,1
DA:776,1
DA:784,0
DA:786,0
DA:794,0
DA:796,0
DA:803,0
DA:805,0
DA:806,0
DA:814,0
DA:816,0
DA:817,0
DA:825,0
DA:827,0
DA:836,0
DA:837,0
DA:838,0
DA:839,0
DA:848,0
DA:858,0
DA:860,0
DA:868,0
DA:870,0
DA:871,0
DA:872,0
DA:873,0
DA:876,0
DA:877,0
DA:885,0
DA:887,0
DA:888,0
DA:889,0
DA:891,0
DA:892,0
DA:893,0
DA:894,0
DA:896,0
DA:897,0
DA:898,0
DA:908,0
DA:910,0
DA:911,0
DA:912,0
DA:916,0
DA:917,0
DA:918,0
DA:928,0
DA:930,0
DA:931,0
DA:933,0
DA:938,0
DA:947,1
DA:950,1
DA:958,1
DA:960,1
DA:970,0
DA:980,0
DA:982,0
DA:990,0
DA:992,0
DA:1000,0
DA:1002,0
LF:298
LH:121
BRDA:51,0,0,13
BRDA:51,0,1,0
BRDA:287,1,0,0
BRDA:287,1,1,1
BRDA:302,2,0,1
BRDA:302,2,1,1
BRDA:321,3,0,5
BRDA:321,3,1,1
BRDA:322,4,0,6
BRDA:322,4,1,5
BRDA:322,4,2,4
BRDA:322,4,3,3
BRDA:322,4,4,1
BRDA:342,5,0,1
BRDA:342,5,1,1
BRDA:360,6,0,3
BRDA:360,6,1,4
BRDA:361,7,0,7
BRDA:361,7,1,6
BRDA:361,7,2,5
BRDA:384,8,0,0
BRDA:384,8,1,0
BRDA:384,9,0,0
BRDA:384,9,1,0
BRDA:403,10,0,0
BRDA:403,10,1,0
BRDA:403,11,0,0
BRDA:403,11,1,0
BRDA:403,11,2,0
BRDA:421,12,0,0
BRDA:421,12,1,0
BRDA:427,13,0,0
BRDA:427,13,1,0
BRDA:427,14,0,0
BRDA:427,14,1,0
BRDA:432,15,0,0
BRDA:432,15,1,0
BRDA:449,16,0,0
BRDA:449,16,1,0
BRDA:449,17,0,0
BRDA:449,17,1,0
BRDA:464,18,0,0
BRDA:464,18,1,0
BRDA:464,19,0,0
BRDA:464,19,1,0
BRDA:464,19,2,0
BRDA:482,20,0,0
BRDA:482,20,1,0
BRDA:482,21,0,0
BRDA:482,21,1,0
BRDA:556,22,0,0
BRDA:556,22,1,0
BRDA:556,23,0,0
BRDA:556,23,1,0
BRDA:576,24,0,3
BRDA:576,24,1,0
BRDA:580,25,0,0
BRDA:580,25,1,3
BRDA:584,26,0,3
BRDA:584,26,1,0
BRDA:587,27,0,0
BRDA:587,27,1,0
BRDA:588,28,0,0
BRDA:588,28,1,0
BRDA:600,29,0,0
BRDA:600,29,1,0
BRDA:604,30,0,0
BRDA:604,30,1,0
BRDA:604,30,2,0
BRDA:625,31,0,0
BRDA:625,31,1,0
BRDA:634,32,0,0
BRDA:634,32,1,0
BRDA:639,33,0,0
BRDA:639,33,1,0
BRDA:644,34,0,0
BRDA:644,34,1,0
BRDA:652,35,0,0
BRDA:652,35,1,0
BRDA:652,36,0,0
BRDA:652,36,1,0
BRDA:671,37,0,0
BRDA:671,37,1,0
BRDA:675,38,0,0
BRDA:675,38,1,0
BRDA:675,39,0,0
BRDA:675,39,1,0
BRDA:680,40,0,0
BRDA:680,40,1,0
BRDA:680,41,0,0
BRDA:680,41,1,0
BRDA:714,42,0,0
BRDA:714,42,1,1
BRDA:737,43,0,0
BRDA:737,43,1,0
BRDA:757,44,0,0
BRDA:757,44,1,1
BRDA:776,45,0,1
BRDA:776,45,1,1
BRDA:776,45,2,0
BRDA:805,46,0,0
BRDA:805,46,1,0
BRDA:839,47,0,0
BRDA:839,47,1,0
BRDA:839,48,0,0
BRDA:839,48,1,0
BRDA:848,49,0,0
BRDA:848,49,1,0
BRDA:870,50,0,0
BRDA:870,50,1,0
BRDA:891,51,0,0
BRDA:891,51,1,0
BRDA:910,52,0,0
BRDA:910,52,1,0
BRDA:916,53,0,0
BRDA:916,53,1,0
BRDA:960,54,0,0
BRDA:960,54,1,1
BRDA:1002,55,0,0
BRDA:1002,55,1,0
BRDA:1002,55,2,0
BRF:121
BRH:26
end_of_record
TN:
SF:client/contexts/clientContext.tsx
FN:12,(anonymous_0)
FN:22,(anonymous_1)
FN:24,(anonymous_2)
FN:33,(anonymous_3)
FNF:4
FNH:4
FNDA:22,(anonymous_0)
FNDA:18,(anonymous_1)
FNDA:9,(anonymous_2)
FNDA:9,(anonymous_3)
DA:10,3
DA:12,3
DA:13,22
DA:15,22
DA:16,0
DA:19,22
DA:22,3
DA:24,18
DA:25,9
DA:29,18
DA:30,18
DA:33,18
DA:34,9
DA:35,9
DA:36,9
DA:37,9
DA:40,18
LF:17
LH:16
BRDA:15,0,0,0
BRDA:15,0,1,22
BRF:2
BRH:1
end_of_record
TN:
SF:client/contexts/gameContext.tsx
FN:13,(anonymous_0)
FN:23,(anonymous_1)
FN:32,(anonymous_2)
FNF:3
FNH:3
FNDA:6,(anonymous_0)
FNDA:18,(anonymous_1)
FNDA:12,(anonymous_2)
DA:11,2
DA:13,2
DA:14,6
DA:16,6
DA:17,0
DA:20,6
DA:23,2
DA:25,18
DA:28,18
DA:29,18
DA:32,18
DA:33,12
DA:34,6
DA:35,6
DA:36,6
DA:37,6
DA:42,18
LF:17
LH:16
BRDA:16,0,0,0
BRDA:16,0,1,6
BRDA:33,1,0,6
BRDA:33,1,1,6
BRDA:33,2,0,12
BRDA:33,2,1,6
BRF:6
BRH:5
end_of_record
TN:
SF:client/contexts/userContext.tsx
FN:7,(anonymous_0)
FN:19,(anonymous_1)
FN:24,(anonymous_2)
FN:29,(anonymous_3)
FN:30,(anonymous_4)
FN:34,(anonymous_5)
FN:35,(anonymous_6)
FN:36,(anonymous_7)
FN:43,(anonymous_8)
FNF:9
FNH:7
FNDA:2,(anonymous_0)
FNDA:6,(anonymous_1)
FNDA:0,(anonymous_2)
FNDA:6,(anonymous_3)
FNDA:6,(anonymous_4)
FNDA:6,(anonymous_5)
FNDA:6,(anonymous_6)
FNDA:0,(anonymous_7)
FNDA:6,(anonymous_8)
DA:4,2
DA:7,2
DA:9,2
DA:12,2
DA:13,0
DA:16,2
DA:19,2
DA:21,6
DA:24,6
DA:25,0
DA:29,6
DA:30,6
DA:33,6
DA:34,6
DA:35,6
DA:36,0
DA:39,6
DA:43,6
DA:48,6
LF:19
LH:16
BRDA:12,0,0,0
BRDA:12,0,1,2
BRF:2
BRH:1
end_of_record
TN:
SF:client/contexts/windowContext.tsx
FN:20,(anonymous_0)
FN:22,(anonymous_1)
FN:29,(anonymous_2)
FN:36,(anonymous_3)
FN:44,(anonymous_4)
FN:51,(anonymous_5)
FN:63,(anonymous_6)
FN:81,(anonymous_7)
FNF:8
FNH:7
FNDA:12,(anonymous_0)
FNDA:6,(anonymous_1)
FNDA:6,(anonymous_2)
FNDA:12,(anonymous_3)
FNDA:6,(anonymous_4)
FNDA:0,(anonymous_5)
FNDA:6,(anonymous_6)
FNDA:5,(anonymous_7)
DA:12,2
DA:18,2
DA:20,2
DA:22,12
DA:23,6
DA:29,12
DA:30,6
DA:36,12
DA:37,12
DA:40,12
DA:41,12
DA:42,12
DA:44,12
DA:45,6
DA:46,6
DA:47,6
DA:48,6
DA:51,6
DA:52,0
DA:53,0
DA:54,0
DA:57,6
DA:58,6
DA:59,6
DA:60,6
DA:61,6
DA:63,6
DA:64,6
DA:65,6
DA:66,6
DA:67,6
DA:68,6
DA:73,12
DA:81,2
DA:83,5
DA:86,5
DA:87,0
DA:90,5
LF:38
LH:34
BRDA:24,0,0,6
BRDA:24,0,1,6
BRDA:25,1,0,6
BRDA:25,1,1,0
BRDA:31,2,0,6
BRDA:31,2,1,6
BRDA:32,3,0,6
BRDA:32,3,1,0
BRDA:37,4,0,12
BRDA:37,4,1,0
BRDA:45,5,0,6
BRDA:45,5,1,0
BRDA:45,6,0,6
BRDA:45,6,1,6
BRDA:86,7,0,0
BRDA:86,7,1,5
BRF:16
BRH:11
end_of_record
TN:
SF:client/contexts/providers/index.tsx
FN:8,(anonymous_0)
FNF:1
FNH:1
FNDA:3,(anonymous_0)
DA:8,1
DA:10,3
LF:2
LH:2
BRF:0
BRH:0
end_of_record
TN:
SF:client/controllers/audio.js
FN:17,(anonymous_0)
FN:73,(anonymous_1)
FN:114,(anonymous_2)
FN:120,callbackPlayThrough
FN:132,(anonymous_4)
FN:149,(anonymous_5)
FN:166,(anonymous_6)
FN:177,(anonymous_7)
FN:214,(anonymous_8)
FN:239,(anonymous_9)
FN:260,(anonymous_10)
FN:267,(anonymous_11)
FN:288,(anonymous_12)
FN:295,(anonymous_13)
FN:320,(anonymous_14)
FN:325,(anonymous_15)
FN:337,(anonymous_16)
FN:350,(anonymous_17)
FN:363,(anonymous_18)
FN:381,(anonymous_19)
FN:386,(anonymous_20)
FN:399,(anonymous_21)
FN:408,(anonymous_22)
FN:413,(anonymous_23)
FN:429,(anonymous_24)
FN:441,(anonymous_25)
FN:450,(anonymous_26)
FN:458,(anonymous_27)
FN:466,(anonymous_28)
FNF:29
FNH:25
FNDA:67,(anonymous_0)
FNDA:67,(anonymous_1)
FNDA:13,(anonymous_2)
FNDA:1,callbackPlayThrough
FNDA:1,(anonymous_4)
FNDA:8,(anonymous_5)
FNDA:13,(anonymous_6)
FNDA:0,(anonymous_7)
FNDA:6,(anonymous_8)
FNDA:0,(anonymous_9)
FNDA:8,(anonymous_10)
FNDA:2,(anonymous_11)
FNDA:13,(anonymous_12)
FNDA:2,(anonymous_13)
FNDA:4,(anonymous_14)
FNDA:0,(anonymous_15)
FNDA:13,(anonymous_16)
FNDA:8,(anonymous_17)
FNDA:5,(anonymous_18)
FNDA:2,(anonymous_19)
FNDA:0,(anonymous_20)
FNDA:15,(anonymous_21)
FNDA:18,(anonymous_22)
FNDA:8,(anonymous_23)
FNDA:6,(anonymous_24)
FNDA:1,(anonymous_25)
FNDA:2,(anonymous_26)
FNDA:5,(anonymous_27)
FNDA:22,(anonymous_28)
DA:22,67
DA:28,67
DA:34,67
DA:40,67
DA:46,67
DA:52,67
DA:59,67
DA:65,67
DA:67,67
DA:74,67
DA:76,67
DA:85,67
DA:115,13
DA:116,13
DA:118,13
DA:121,1
DA:123,1
DA:124,1
DA:130,13
DA:133,1
DA:137,1
DA:142,13
DA:143,13
DA:144,13
DA:145,13
DA:147,13
DA:149,13
DA:150,8
DA:153,13
DA:154,8
DA:155,5
DA:156,5
DA:167,13
DA:168,13
DA:169,5
DA:170,5
DA:173,8
DA:175,8
DA:177,4
DA:178,0
DA:181,4
DA:182,1
DA:183,1
DA:186,3
DA:187,3
DA:188,3
DA:189,3
DA:191,3
DA:192,2
DA:195,3
DA:196,2
DA:197,2
DA:200,1
DA:201,1
DA:202,1
DA:204,1
DA:207,4
DA:215,6
DA:217,6
DA:218,1
DA:219,1
DA:222,5
DA:224,5
DA:225,5
DA:226,2
DA:227,3
DA:228,2
DA:231,5
DA:232,2
DA:234,2
DA:236,2
DA:237,2
DA:240,0
DA:246,5
DA:247,0
DA:248,0
DA:250,0
DA:253,5
DA:261,8
DA:262,2
DA:265,6
DA:267,6
DA:268,2
DA:269,2
DA:270,0
DA:271,0
DA:274,2
DA:275,1
DA:276,1
DA:280,6
DA:289,13
DA:290,3
DA:293,10
DA:295,10
DA:296,2
DA:297,1
DA:298,1
DA:299,1
DA:302,2
DA:303,1
DA:305,1
DA:306,1
DA:309,1
DA:313,10
DA:321,4
DA:322,1
DA:325,3
DA:326,0
DA:329,3
DA:330,3
DA:338,13
DA:339,2
DA:340,2
DA:341,2
DA:343,11
DA:351,8
DA:352,4
DA:353,4
DA:354,4
DA:356,4
DA:364,5
DA:365,3
DA:368,5
DA:369,1
DA:372,4
DA:373,4
DA:374,4
DA:382,2
DA:383,1
DA:386,1
DA:387,0
DA:388,0
DA:391,1
DA:400,15
DA:409,18
DA:410,10
DA:413,8
DA:415,8
DA:416,1
DA:418,7
DA:421,8
DA:430,6
DA:442,1
DA:443,1
DA:451,2
DA:459,5
DA:467,22
LF:147
LH:137
BRDA:123,0,0,1
BRDA:123,0,1,0
BRDA:153,1,0,8
BRDA:153,1,1,5
BRDA:155,2,0,5
BRDA:155,2,1,0
BRDA:168,3,0,5
BRDA:168,3,1,8
BRDA:168,4,0,13
BRDA:168,4,1,12
BRDA:175,5,0,4
BRDA:175,5,1,3
BRDA:175,5,2,1
BRDA:181,6,0,1
BRDA:181,6,1,3
BRDA:191,7,0,2
BRDA:191,7,1,1
BRDA:195,8,0,2
BRDA:195,8,1,1
BRDA:217,9,0,1
BRDA:217,9,1,5
BRDA:224,10,0,5
BRDA:224,10,1,0
BRDA:224,11,0,5
BRDA:224,11,1,5
BRDA:224,12,0,5
BRDA:224,12,1,4
BRDA:225,13,0,2
BRDA:225,13,1,3
BRDA:227,14,0,2
BRDA:227,14,1,1
BRDA:231,15,0,2
BRDA:231,15,1,3
BRDA:231,16,0,5
BRDA:231,16,1,2
BRDA:247,17,0,0
BRDA:247,17,1,0
BRDA:261,18,0,2
BRDA:261,18,1,6
BRDA:261,19,0,8
BRDA:261,19,1,7
BRDA:268,20,0,2
BRDA:268,20,1,0
BRDA:268,21,0,2
BRDA:268,21,1,2
BRDA:270,22,0,0
BRDA:270,22,1,0
BRDA:274,23,0,1
BRDA:274,23,1,1
BRDA:274,24,0,2
BRDA:274,24,1,2
BRDA:289,25,0,3
BRDA:289,25,1,10
BRDA:289,26,0,13
BRDA:289,26,1,11
BRDA:296,27,0,1
BRDA:296,27,1,1
BRDA:296,28,0,2
BRDA:296,28,1,2
BRDA:298,29,0,1
BRDA:298,29,1,0
BRDA:302,30,0,1
BRDA:302,30,1,1
BRDA:302,31,0,2
BRDA:302,31,1,2
BRDA:305,32,0,1
BRDA:305,32,1,0
BRDA:321,33,0,1
BRDA:321,33,1,3
BRDA:338,34,0,2
BRDA:338,34,1,11
BRDA:351,35,0,4
BRDA:351,35,1,4
BRDA:364,36,0,3
BRDA:364,36,1,2
BRDA:368,37,0,1
BRDA:368,37,1,4
BRDA:368,38,0,5
BRDA:368,38,1,4
BRDA:382,39,0,1
BRDA:382,39,1,1
BRDA:400,40,0,15
BRDA:400,40,1,9
BRDA:409,41,0,10
BRDA:409,41,1,8
BRDA:413,42,0,8
BRDA:413,42,1,7
BRDA:415,43,0,1
BRDA:415,43,1,7
BRDA:415,44,0,8
BRDA:415,44,1,7
BRDA:467,45,0,22
BRDA:467,45,1,19
BRF:93
BRH:83
end_of_record
TN:
SF:client/controllers/bubble.js
FN:14,(anonymous_0)
FN:42,(anonymous_1)
FN:65,(anonymous_2)
FN:92,(anonymous_3)
FN:93,(anonymous_4)
FN:112,(anonymous_5)
FN:124,(anonymous_6)
FN:125,(anonymous_7)
FN:137,(anonymous_8)
FNF:9
FNH:9
FNDA:21,(anonymous_0)
FNDA:6,(anonymous_1)
FNDA:4,(anonymous_2)
FNDA:3,(anonymous_3)
FNDA:3,(anonymous_4)
FNDA:8,(anonymous_5)
FNDA:2,(anonymous_6)
FNDA:2,(anonymous_7)
FNDA:2,(anonymous_8)
DA:19,21
DA:25,21
DA:31,21
DA:43,6
DA:44,2
DA:45,2
DA:47,4
DA:52,4
DA:54,4
DA:57,6
DA:66,4
DA:68,4
DA:69,2
DA:72,2
DA:73,2
DA:74,2
DA:75,2
DA:76,2
DA:77,2
DA:78,2
DA:80,2
DA:84,2
DA:93,3
DA:94,3
DA:96,3
DA:97,1
DA:100,3
DA:101,1
DA:102,1
DA:113,8
DA:114,4
DA:117,4
DA:125,2
DA:126,2
DA:129,2
DA:138,2
DA:140,2
DA:141,1
DA:144,1
DA:146,1
LF:40
LH:40
BRDA:43,0,0,2
BRDA:43,0,1,4
BRDA:68,1,0,2
BRDA:68,1,1,2
BRDA:68,2,0,4
BRDA:68,2,1,2
BRDA:96,3,0,1
BRDA:96,3,1,2
BRDA:100,4,0,1
BRDA:100,4,1,2
BRDA:113,5,0,4
BRDA:113,5,1,4
BRDA:140,6,0,1
BRDA:140,6,1,1
BRF:14
BRH:14
end_of_record
TN:
SF:client/controllers/chat.js
FN:14,(anonymous_0)
FN:67,(anonymous_1)
FN:86,(anonymous_2)
FN:114,(anonymous_3)
FN:133,(anonymous_4)
FN:142,(anonymous_5)
FN:159,(anonymous_6)
FN:169,(anonymous_7)
FN:183,(anonymous_8)
FN:189,(anonymous_9)
FN:202,(anonymous_10)
FN:216,(anonymous_11)
FN:226,(anonymous_12)
FNF:13
FNH:11
FNDA:25,(anonymous_0)
FNDA:0,(anonymous_1)
FNDA:2,(anonymous_2)
FNDA:3,(anonymous_3)
FNDA:2,(anonymous_4)
FNDA:5,(anonymous_5)
FNDA:8,(anonymous_6)
FNDA:7,(anonymous_7)
FNDA:9,(anonymous_8)
FNDA:0,(anonymous_9)
FNDA:6,(anonymous_10)
FNDA:14,(anonymous_11)
FNDA:5,(anonymous_12)
DA:19,25
DA:25,25
DA:31,25
DA:37,25
DA:43,25
DA:49,25
DA:55,25
DA:61,25
DA:67,25
DA:68,0
DA:70,0
DA:71,0
DA:73,0
DA:87,2
DA:88,2
DA:90,2
DA:97,2
DA:99,2
DA:100,2
DA:103,2
DA:105,2
DA:106,2
DA:115,3
DA:117,2
DA:118,1
DA:120,1
DA:123,2
DA:125,1
DA:134,2
DA:135,2
DA:143,5
DA:145,5
DA:146,5
DA:147,1
DA:148,1
DA:150,4
DA:151,4
DA:160,8
DA:162,8
DA:170,7
DA:172,7
DA:173,7
DA:174,7
DA:176,7
DA:184,9
DA:185,3
DA:186,3
DA:189,9
DA:190,0
DA:191,0
DA:193,0
DA:203,6
DA:205,6
DA:206,6
DA:207,6
DA:209,6
DA:217,14
DA:218,14
DA:227,5
LF:59
LH:52
BRDA:70,0,0,0
BRDA:70,0,1,0
BRDA:87,1,0,2
BRDA:87,1,1,1
BRDA:88,2,0,2
BRDA:88,2,1,1
BRDA:99,3,0,2
BRDA:99,3,1,0
BRDA:115,4,0,2
BRDA:115,4,1,1
BRDA:117,5,0,1
BRDA:117,5,1,1
BRDA:145,6,0,0
BRDA:145,6,1,5
BRDA:145,7,0,5
BRDA:145,7,1,1
BRDA:146,8,0,1
BRDA:146,8,1,4
BRDA:184,9,0,3
BRDA:184,9,1,6
BRDA:190,10,0,0
BRDA:190,10,1,0
BRF:22
BRH:16
end_of_record
TN:
SF:client/controllers/entities.js
FN:30,(anonymous_0)
FN:74,(anonymous_1)
FN:82,(anonymous_2)
FN:102,(anonymous_3)
FN:116,(anonymous_4)
FN:199,(anonymous_5)
FN:306,(anonymous_6)
FN:316,(anonymous_7)
FN:331,(anonymous_8)
FN:341,(anonymous_9)
FN:343,(anonymous_10)
FN:365,(anonymous_11)
FN:388,(anonymous_12)
FN:406,(anonymous_13)
FN:438,(anonymous_14)
FN:465,(anonymous_15)
FN:480,(anonymous_16)
FN:488,(anonymous_17)
FN:498,(anonymous_18)
FN:500,(anonymous_19)
FN:514,(anonymous_20)
FN:520,(anonymous_21)
FNF:22
FNH:18
FNDA:54,(anonymous_0)
FNDA:41,(anonymous_1)
FNDA:0,(anonymous_2)
FNDA:2,(anonymous_3)
FNDA:9,(anonymous_4)
FNDA:0,(anonymous_5)
FNDA:11,(anonymous_6)
FNDA:6,(anonymous_7)
FNDA:2,(anonymous_8)
FNDA:2,(anonymous_9)
FNDA:3,(anonymous_10)
FNDA:12,(anonymous_11)
FNDA:2,(anonymous_12)
FNDA:18,(anonymous_13)
FNDA:4,(anonymous_14)
FNDA:2,(anonymous_15)
FNDA:7,(anonymous_16)
FNDA:1,(anonymous_17)
FNDA:1,(anonymous_18)
FNDA:2,(anonymous_19)
FNDA:0,(anonymous_20)
FNDA:0,(anonymous_21)
DA:31,54
DA:37,54
DA:43,54
DA:49,54
DA:55,54
DA:61,54
DA:67,54
DA:75,41
DA:76,41
DA:78,41
DA:79,39
DA:80,39
DA:82,39
DA:83,0
DA:84,0
DA:85,0
DA:86,0
DA:90,41
DA:92,41
DA:93,39
DA:94,39
DA:103,2
DA:105,2
DA:106,1
DA:117,9
DA:121,9
DA:122,1
DA:125,8
DA:127,1
DA:135,1
DA:136,1
DA:137,1
DA:140,1
DA:141,1
DA:142,1
DA:145,1
DA:153,1
DA:154,1
DA:157,1
DA:159,1
DA:160,1
DA:162,1
DA:163,1
DA:165,1
DA:167,1
DA:170,2
DA:171,2
DA:173,2
DA:174,1
DA:177,1
DA:179,1
DA:186,1
DA:187,1
DA:189,1
DA:190,1
DA:192,1
DA:193,1
DA:199,1
DA:205,0
DA:206,0
DA:213,0
DA:214,0
DA:217,0
DA:224,0
DA:226,0
DA:227,0
DA:230,1
DA:232,1
DA:233,1
DA:234,1
DA:237,1
DA:239,1
DA:240,1
DA:241,1
DA:243,1
DA:244,1
DA:245,1
DA:246,1
DA:247,1
DA:248,1
DA:250,1
DA:251,1
DA:253,1
DA:254,1
DA:256,1
DA:257,1
DA:259,1
DA:260,1
DA:262,1
DA:263,1
DA:264,1
DA:265,1
DA:266,1
DA:268,1
DA:270,1
DA:271,1
DA:275,5
DA:276,1
DA:279,4
DA:280,4
DA:282,4
DA:290,4
DA:291,4
DA:293,4
DA:295,4
DA:296,2
DA:297,2
DA:307,11
DA:308,11
DA:317,6
DA:319,6
DA:320,3
DA:323,3
DA:332,2
DA:333,2
DA:342,2
DA:343,2
DA:344,3
DA:345,1
DA:351,1
DA:353,1
DA:357,2
DA:366,12
DA:368,12
DA:369,1
DA:372,11
DA:373,11
DA:375,11
DA:379,10
DA:389,2
DA:391,2
DA:392,1
DA:395,1
DA:396,1
DA:398,1
DA:407,18
DA:409,18
DA:410,1
DA:413,17
DA:419,12
DA:421,12
DA:422,10
DA:426,17
DA:427,3
DA:430,17
DA:439,4
DA:441,4
DA:442,1
DA:445,3
DA:447,3
DA:449,3
DA:450,2
DA:454,2
DA:455,1
DA:466,2
DA:468,2
DA:469,1
DA:472,1
DA:481,7
DA:482,7
DA:489,1
DA:490,1
DA:500,1
DA:501,2
DA:515,0
DA:517,0
DA:518,0
DA:519,0
DA:520,0
DA:521,0
LF:170
LH:152
BRDA:78,0,0,39
BRDA:78,0,1,2
BRDA:92,1,0,39
BRDA:92,1,1,2
BRDA:105,2,0,1
BRDA:105,2,1,1
BRDA:121,3,0,1
BRDA:121,3,1,8
BRDA:125,4,0,1
BRDA:125,4,1,1
BRDA:125,4,2,1
BRDA:125,4,3,1
BRDA:125,4,4,1
BRDA:125,4,5,2
BRDA:125,4,6,1
BRDA:173,5,0,1
BRDA:173,5,1,1
BRDA:173,6,0,2
BRDA:173,6,1,1
BRDA:205,7,0,0
BRDA:205,7,1,0
BRDA:205,8,0,0
BRDA:205,8,1,0
BRDA:213,9,0,0
BRDA:213,9,1,0
BRDA:275,10,0,1
BRDA:275,10,1,4
BRDA:284,11,0,1
BRDA:284,11,1,3
BRDA:295,12,0,2
BRDA:295,12,1,2
BRDA:295,13,0,4
BRDA:295,13,1,3
BRDA:319,14,0,3
BRDA:319,14,1,3
BRDA:344,15,0,1
BRDA:344,15,1,2
BRDA:344,16,0,3
BRDA:344,16,1,2
BRDA:368,17,0,1
BRDA:368,17,1,11
BRDA:375,18,0,10
BRDA:375,18,1,1
BRDA:376,19,0,11
BRDA:376,19,1,11
BRDA:376,20,0,11
BRDA:376,20,1,0
BRDA:391,21,0,1
BRDA:391,21,1,1
BRDA:409,22,0,1
BRDA:409,22,1,17
BRDA:413,23,0,12
BRDA:413,23,1,5
BRDA:414,24,0,17
BRDA:414,24,1,14
BRDA:414,24,2,10
BRDA:414,24,3,7
BRDA:421,25,0,10
BRDA:421,25,1,2
BRDA:421,26,0,12
BRDA:421,26,1,3
BRDA:426,27,0,3
BRDA:426,27,1,14
BRDA:441,28,0,1
BRDA:441,28,1,3
BRDA:449,29,0,2
BRDA:449,29,1,1
BRDA:449,30,0,3
BRDA:449,30,1,2
BRDA:454,31,0,1
BRDA:454,31,1,1
BRDA:468,32,0,1
BRDA:468,32,1,1
BRDA:519,33,0,0
BRDA:519,33,1,0
BRF:75
BRH:66
end_of_record
TN:
SF:client/controllers/info.js
FN:20,(anonymous_0)
FN:47,(anonymous_1)
FN:74,(anonymous_2)
FN:101,(anonymous_3)
FN:135,(anonymous_4)
FN:148,(anonymous_5)
FN:156,(anonymous_6)
FN:159,(anonymous_7)
FN:168,(anonymous_8)
FN:169,(anonymous_9)
FN:173,(anonymous_10)
FN:184,(anonymous_11)
FN:185,(anonymous_12)
FN:197,(anonymous_13)
FNF:14
FNH:12
FNDA:25,(anonymous_0)
FNDA:8,(anonymous_1)
FNDA:5,(anonymous_2)
FNDA:5,(anonymous_3)
FNDA:2,(anonymous_4)
FNDA:2,(anonymous_5)
FNDA:13,(anonymous_6)
FNDA:0,(anonymous_7)
FNDA:2,(anonymous_8)
FNDA:1,(anonymous_9)
FNDA:0,(anonymous_10)
FNDA:3,(anonymous_11)
FNDA:3,(anonymous_12)
FNDA:14,(anonymous_13)
DA:25,25
DA:31,25
DA:37,25
DA:48,8
DA:52,3
DA:53,3
DA:57,3
DA:58,3
DA:60,1
DA:61,1
DA:63,1
DA:75,5
DA:76,5
DA:77,5
DA:79,5
DA:80,1
DA:83,5
DA:85,5
DA:89,5
DA:91,5
DA:102,5
DA:103,5
DA:104,5
DA:105,5
DA:107,5
DA:108,1
DA:111,4
DA:112,3
DA:115,4
DA:117,4
DA:118,2
DA:119,2
DA:120,1
DA:121,1
DA:122,1
DA:125,4
DA:126,4
DA:136,2
DA:137,2
DA:138,2
DA:140,2
DA:141,2
DA:149,2
DA:157,13
DA:159,13
DA:160,0
DA:169,2
DA:170,1
DA:173,2
DA:174,0
DA:177,2
DA:185,3
DA:186,3
DA:198,14
LF:54
LH:52
BRDA:48,0,0,1
BRDA:48,0,1,2
BRDA:48,0,2,3
BRDA:48,0,3,1
BRDA:48,0,4,2
BRDA:48,0,5,3
BRDA:48,0,6,1
BRDA:48,0,7,1
BRDA:79,1,0,1
BRDA:79,1,1,4
BRDA:79,2,0,5
BRDA:79,2,1,4
BRDA:85,3,0,1
BRDA:85,3,1,4
BRDA:107,4,0,1
BRDA:107,4,1,4
BRDA:107,5,0,5
BRDA:107,5,1,4
BRDA:111,6,0,3
BRDA:111,6,1,1
BRDA:117,7,0,2
BRDA:117,7,1,2
BRDA:119,8,0,1
BRDA:119,8,1,1
BRDA:121,9,0,1
BRDA:121,9,1,0
BRF:26
BRH:25
end_of_record
TN:
SF:client/controllers/input.js
FN:18,(anonymous_0)
FN:154,(anonymous_1)
FN:168,(anonymous_2)
FN:189,(anonymous_3)
FN:243,(anonymous_4)
FN:275,(anonymous_5)
FN:287,(anonymous_6)
FN:391,(anonymous_7)
FN:410,(anonymous_8)
FN:463,(anonymous_9)
FN:472,(anonymous_10)
FN:511,(anonymous_11)
FN:522,(anonymous_12)
FN:530,(anonymous_13)
FN:539,(anonymous_14)
FN:547,(anonymous_15)
FN:577,(anonymous_16)
FN:606,(anonymous_17)
FN:619,(anonymous_18)
FN:630,(anonymous_19)
FN:638,(anonymous_20)
FNF:21
FNH:15
FNDA:37,(anonymous_0)
FNDA:37,(anonymous_1)
FNDA:0,(anonymous_2)
FNDA:3,(anonymous_3)
FNDA:3,(anonymous_4)
FNDA:0,(anonymous_5)
FNDA:0,(anonymous_6)
FNDA:3,(anonymous_7)
FNDA:2,(anonymous_8)
FNDA:1,(anonymous_9)
FNDA:0,(anonymous_10)
FNDA:2,(anonymous_11)
FNDA:2,(anonymous_12)
FNDA:2,(anonymous_13)
FNDA:0,(anonymous_14)
FNDA:1,(anonymous_15)
FNDA:0,(anonymous_16)
FNDA:4,(anonymous_17)
FNDA:7,(anonymous_18)
FNDA:5,(anonymous_19)
FNDA:1,(anonymous_20)
DA:23,37
DA:29,37
DA:35,37
DA:41,37
DA:47,37
DA:53,37
DA:59,37
DA:65,37
DA:71,37
DA:77,37
DA:83,37
DA:89,37
DA:95,37
DA:101,37
DA:107,37
DA:113,37
DA:119,37
DA:125,37
DA:131,37
DA:137,37
DA:143,37
DA:148,37
DA:159,37
DA:160,37
DA:161,37
DA:162,37
DA:169,0
DA:171,0
DA:172,0
DA:173,0
DA:174,0
DA:175,0
DA:176,0
DA:177,0
DA:178,0
DA:180,0
DA:181,0
DA:190,3
DA:191,3
DA:193,0
DA:197,3
DA:198,3
DA:199,1
DA:200,1
DA:203,2
DA:205,0
DA:208,1
DA:209,1
DA:212,0
DA:213,0
DA:216,0
DA:217,0
DA:220,0
DA:221,0
DA:223,1
DA:224,1
DA:226,2
DA:230,0
DA:231,0
DA:232,0
DA:233,0
DA:234,0
DA:235,0
DA:244,3
DA:247,3
DA:249,1
DA:252,1
DA:253,1
DA:256,0
DA:257,0
DA:260,1
DA:261,1
DA:264,0
DA:265,0
DA:268,3
DA:276,0
DA:278,0
DA:279,0
DA:288,0
DA:290,0
DA:291,0
DA:292,0
DA:295,0
DA:301,0
DA:306,0
DA:307,0
DA:310,0
DA:311,0
DA:312,0
DA:315,0
DA:321,0
DA:323,0
DA:324,0
DA:325,0
DA:327,0
DA:328,0
DA:329,0
DA:332,0
DA:337,0
DA:338,0
DA:342,0
DA:343,0
DA:346,0
DA:347,0
DA:348,0
DA:361,0
DA:362,0
DA:363,0
DA:364,0
DA:367,0
DA:369,0
DA:370,0
DA:373,0
DA:375,0
DA:377,0
DA:378,0
DA:379,0
DA:382,0
DA:383,0
DA:384,0
DA:392,3
DA:393,1
DA:397,2
DA:398,1
DA:401,2
DA:402,1
DA:411,2
DA:412,2
DA:415,0
DA:416,0
DA:417,0
DA:423,0
DA:425,0
DA:426,0
DA:427,0
DA:429,0
DA:431,0
DA:434,0
DA:435,0
DA:436,0
DA:438,0
DA:439,0
DA:440,0
DA:442,0
DA:447,0
DA:448,0
DA:451,0
DA:452,0
DA:453,0
DA:464,1
DA:465,1
DA:474,0
DA:475,0
DA:476,0
DA:482,0
DA:484,0
DA:488,0
DA:494,0
DA:495,0
DA:496,0
DA:497,0
DA:500,0
DA:501,0
DA:502,0
DA:503,0
DA:512,2
DA:513,1
DA:515,1
DA:523,2
DA:524,2
DA:531,2
DA:532,2
DA:540,0
DA:548,1
DA:549,0
DA:552,1
DA:553,1
DA:554,1
DA:555,1
DA:556,1
DA:558,1
DA:578,0
DA:579,0
DA:580,0
DA:582,0
DA:583,0
DA:586,0
DA:598,0
DA:607,4
DA:620,7
DA:631,5
DA:639,1
LF:192
LH:74
BRDA:191,0,0,0
BRDA:191,0,1,3
BRDA:191,0,2,0
BRDA:198,1,0,1
BRDA:198,1,1,2
BRDA:203,2,0,0
BRDA:203,2,1,1
BRDA:203,2,2,1
BRDA:203,2,3,0
BRDA:203,2,4,0
BRDA:203,2,5,0
BRDA:203,2,6,0
BRDA:203,2,7,0
BRDA:203,2,8,0
BRDA:203,2,9,1
BRDA:247,3,0,1
BRDA:247,3,1,1
BRDA:247,3,2,1
BRDA:247,3,3,0
BRDA:247,3,4,0
BRDA:247,3,5,1
BRDA:247,3,6,1
BRDA:247,3,7,0
BRDA:247,3,8,0
BRDA:278,4,0,0
BRDA:278,4,1,0
BRDA:290,5,0,0
BRDA:290,5,1,0
BRDA:301,6,0,0
BRDA:301,6,1,0
BRDA:302,7,0,0
BRDA:302,7,1,0
BRDA:302,7,2,0
BRDA:310,8,0,0
BRDA:310,8,1,0
BRDA:310,9,0,0
BRDA:310,9,1,0
BRDA:318,10,0,0
BRDA:318,10,1,0
BRDA:323,11,0,0
BRDA:323,11,1,0
BRDA:323,12,0,0
BRDA:323,12,1,0
BRDA:327,13,0,0
BRDA:327,13,1,0
BRDA:332,14,0,0
BRDA:332,14,1,0
BRDA:333,15,0,0
BRDA:333,15,1,0
BRDA:333,15,2,0
BRDA:346,16,0,0
BRDA:346,16,1,0
BRDA:346,17,0,0
BRDA:346,17,1,0
BRDA:361,18,0,0
BRDA:361,18,1,0
BRDA:377,19,0,0
BRDA:377,19,1,0
BRDA:382,20,0,0
BRDA:382,20,1,0
BRDA:382,21,0,0
BRDA:382,21,1,0
BRDA:392,22,0,1
BRDA:392,22,1,2
BRDA:397,23,0,1
BRDA:397,23,1,1
BRDA:401,24,0,1
BRDA:401,24,1,1
BRDA:411,25,0,2
BRDA:411,25,1,0
BRDA:411,26,0,2
BRDA:411,26,1,2
BRDA:411,26,2,1
BRDA:420,27,0,0
BRDA:420,27,1,0
BRDA:425,28,0,0
BRDA:425,28,1,0
BRDA:425,29,0,0
BRDA:425,29,1,0
BRDA:429,30,0,0
BRDA:429,30,1,0
BRDA:429,30,2,0
BRDA:429,30,3,0
BRDA:429,30,4,0
BRDA:429,30,5,0
BRDA:443,31,0,0
BRDA:443,31,1,0
BRDA:443,32,0,0
BRDA:443,32,1,0
BRDA:494,33,0,0
BRDA:494,33,1,0
BRDA:496,34,0,0
BRDA:496,34,1,0
BRDA:500,35,0,0
BRDA:500,35,1,0
BRDA:502,36,0,0
BRDA:502,36,1,0
BRDA:512,37,0,1
BRDA:512,37,1,1
BRDA:540,38,0,0
BRDA:540,38,1,0
BRDA:548,39,0,0
BRDA:548,39,1,1
BRDA:548,40,0,1
BRDA:548,40,1,1
BRDA:582,41,0,0
BRDA:582,41,1,0
BRDA:608,42,0,4
BRDA:608,42,1,3
BRDA:608,42,2,2
BRDA:621,43,0,7
BRDA:621,43,1,5
BRDA:621,43,2,1
BRDA:621,43,3,1
BRF:114
BRH:33
end_of_record
TN:
SF:client/controllers/interface.js
FN:19,(anonymous_0)
FN:97,(anonymous_1)
FN:106,(anonymous_2)
FN:130,(anonymous_3)
FN:141,(anonymous_4)
FN:152,(anonymous_5)
FN:161,(anonymous_6)
FN:170,(anonymous_7)
FN:179,(anonymous_8)
FN:188,(anonymous_9)
FN:196,(anonymous_10)
FN:205,(anonymous_11)
FN:213,(anonymous_12)
FN:222,(anonymous_13)
FN:261,(anonymous_14)
FN:277,(anonymous_15)
FN:289,(anonymous_16)
FN:298,(anonymous_17)
FN:306,(anonymous_18)
FN:314,(anonymous_19)
FN:322,(anonymous_20)
FNF:21
FNH:16
FNDA:31,(anonymous_0)
FNDA:0,(anonymous_1)
FNDA:2,(anonymous_2)
FNDA:7,(anonymous_3)
FNDA:3,(anonymous_4)
FNDA:3,(anonymous_5)
FNDA:32,(anonymous_6)
FNDA:4,(anonymous_7)
FNDA:32,(anonymous_8)
FNDA:31,(anonymous_9)
FNDA:0,(anonymous_10)
FNDA:0,(anonymous_11)
FNDA:0,(anonymous_12)
FNDA:3,(anonymous_13)
FNDA:2,(anonymous_14)
FNDA:1,(anonymous_15)
FNDA:1,(anonymous_16)
FNDA:1,(anonymous_17)
FNDA:0,(anonymous_18)
FNDA:4,(anonymous_19)
FNDA:3,(anonymous_20)
DA:24,31
DA:30,31
DA:36,31
DA:42,31
DA:48,31
DA:54,31
DA:60,31
DA:66,31
DA:72,31
DA:78,31
DA:84,31
DA:90,31
DA:93,31
DA:94,31
DA:95,31
DA:97,31
DA:98,0
DA:107,2
DA:108,1
DA:111,2
DA:112,0
DA:115,2
DA:116,0
DA:119,2
DA:120,0
DA:131,7
DA:132,7
DA:142,3
DA:143,3
DA:146,3
DA:153,3
DA:154,2
DA:162,32
DA:163,32
DA:171,4
DA:172,4
DA:180,32
DA:181,32
DA:189,31
DA:190,31
DA:191,31
DA:196,31
DA:197,0
DA:198,0
DA:205,31
DA:206,0
DA:207,0
DA:213,31
DA:214,0
DA:215,0
DA:223,3
DA:224,1
DA:227,3
DA:228,1
DA:231,3
DA:234,0
DA:236,3
DA:241,0
DA:244,3
DA:245,0
DA:248,3
DA:249,0
DA:252,3
DA:253,0
DA:262,2
DA:263,1
DA:266,1
DA:267,1
DA:268,1
DA:270,1
DA:278,1
DA:279,0
DA:282,1
DA:283,1
DA:290,1
DA:291,1
DA:292,1
DA:299,1
DA:307,0
DA:315,4
DA:323,3
LF:81
LH:64
BRDA:107,0,0,1
BRDA:107,0,1,1
BRDA:111,1,0,0
BRDA:111,1,1,2
BRDA:115,2,0,0
BRDA:115,2,1,2
BRDA:119,3,0,0
BRDA:119,3,1,2
BRDA:153,4,0,2
BRDA:153,4,1,1
BRDA:162,5,0,32
BRDA:162,5,1,0
BRDA:171,6,0,4
BRDA:171,6,1,0
BRDA:180,7,0,32
BRDA:180,7,1,0
BRDA:223,8,0,1
BRDA:223,8,1,2
BRDA:223,9,0,3
BRDA:223,9,1,1
BRDA:227,10,0,1
BRDA:227,10,1,2
BRDA:227,11,0,3
BRDA:227,11,1,3
BRDA:231,12,0,0
BRDA:231,12,1,3
BRDA:232,13,0,3
BRDA:232,13,1,0
BRDA:232,13,2,0
BRDA:236,14,0,0
BRDA:236,14,1,3
BRDA:237,15,0,3
BRDA:237,15,1,3
BRDA:237,15,2,3
BRDA:244,16,0,0
BRDA:244,16,1,3
BRDA:244,17,0,3
BRDA:244,17,1,0
BRDA:248,18,0,0
BRDA:248,18,1,3
BRDA:248,19,0,3
BRDA:248,19,1,0
BRDA:252,20,0,0
BRDA:252,20,1,3
BRDA:252,21,0,3
BRDA:252,21,1,3
BRDA:262,22,0,1
BRDA:262,22,1,1
BRDA:278,23,0,0
BRDA:278,23,1,1
BRF:50
BRH:34
end_of_record
TN:
SF:client/controllers/overlay.js
FN:14,(anonymous_0)
FN:70,(anonymous_1)
FN:103,(anonymous_2)
FN:131,(anonymous_3)
FN:142,(anonymous_4)
FN:151,(anonymous_5)
FN:158,(anonymous_6)
FN:165,(anonymous_7)
FN:173,(anonymous_8)
FN:181,(anonymous_9)
FN:189,(anonymous_10)
FNF:11
FNH:10
FNDA:24,(anonymous_0)
FNDA:6,(anonymous_1)
FNDA:0,(anonymous_2)
FNDA:11,(anonymous_3)
FNDA:1,(anonymous_4)
FNDA:7,(anonymous_5)
FNDA:5,(anonymous_6)
FNDA:2,(anonymous_7)
FNDA:8,(anonymous_8)
FNDA:1,(anonymous_9)
FNDA:5,(anonymous_10)
DA:19,24
DA:25,24
DA:31,24
DA:37,24
DA:43,24
DA:49,24
DA:56,24
DA:62,24
DA:71,6
DA:72,2
DA:74,2
DA:75,1
DA:78,2
DA:81,4
DA:82,4
DA:85,4
DA:87,4
DA:91,4
DA:92,4
DA:97,4
DA:99,0
DA:100,0
DA:103,4
DA:104,0
DA:110,0
DA:111,0
DA:113,0
DA:119,0
DA:132,11
DA:143,1
DA:144,1
DA:152,7
DA:159,5
DA:166,2
DA:174,8
DA:182,1
DA:190,5
LF:37
LH:30
BRDA:71,0,0,2
BRDA:71,0,1,4
BRDA:74,1,0,1
BRDA:74,1,1,1
BRDA:81,2,0,4
BRDA:81,2,1,0
BRDA:87,3,0,1
BRDA:87,3,1,3
BRDA:91,4,0,4
BRDA:91,4,1,0
BRDA:104,5,0,0
BRDA:104,5,1,0
BRDA:105,6,0,0
BRDA:105,6,1,0
BRDA:105,6,2,0
BRDA:105,6,3,0
BRDA:110,7,0,0
BRDA:110,7,1,0
BRDA:133,8,0,11
BRDA:133,8,1,7
BRDA:133,8,2,6
BRDA:152,9,0,7
BRDA:152,9,1,3
BRF:23
BRH:13
end_of_record
TN:
SF:client/controllers/pickcharacter.js
FN:16,(anonymous_0)
FN:57,(anonymous_1)
FN:71,(anonymous_2)
FN:80,(anonymous_3)
FN:105,(anonymous_4)
FN:118,(anonymous_5)
FN:127,(anonymous_6)
FN:128,(anonymous_7)
FN:148,(anonymous_8)
FN:166,(anonymous_9)
FN:181,(anonymous_10)
FN:213,(anonymous_11)
FN:237,(anonymous_12)
FN:250,(anonymous_13)
FN:258,(anonymous_14)
FN:266,(anonymous_15)
FN:267,(anonymous_16)
FN:279,(anonymous_17)
FN:283,(anonymous_18)
FNF:19
FNH:13
FNDA:31,(anonymous_0)
FNDA:3,(anonymous_1)
FNDA:2,(anonymous_2)
FNDA:0,(anonymous_3)
FNDA:2,(anonymous_4)
FNDA:2,(anonymous_5)
FNDA:0,(anonymous_6)
FNDA:0,(anonymous_7)
FNDA:6,(anonymous_8)
FNDA:2,(anonymous_9)
FNDA:9,(anonymous_10)
FNDA:0,(anonymous_11)
FNDA:2,(anonymous_12)
FNDA:1,(anonymous_13)
FNDA:1,(anonymous_14)
FNDA:1,(anonymous_15)
FNDA:2,(anonymous_16)
FNDA:0,(anonymous_17)
FNDA:0,(anonymous_18)
DA:21,31
DA:27,31
DA:33,31
DA:39,31
DA:45,31
DA:51,31
DA:58,3
DA:59,3
DA:61,3
DA:62,2
DA:65,3
DA:72,2
DA:73,1
DA:81,0
DA:83,0
DA:86,0
DA:87,0
DA:88,0
DA:89,0
DA:90,0
DA:91,0
DA:92,0
DA:94,0
DA:95,0
DA:96,0
DA:106,2
DA:107,1
DA:110,1
DA:119,2
DA:128,0
DA:129,0
DA:130,0
DA:135,0
DA:137,0
DA:141,0
DA:149,6
DA:150,1
DA:153,5
DA:154,5
DA:156,5
DA:159,4
DA:167,2
DA:168,1
DA:171,1
DA:172,1
DA:174,1
DA:182,9
DA:184,9
DA:185,1
DA:188,8
DA:194,7
DA:196,7
DA:197,6
DA:201,8
DA:202,1
DA:205,8
DA:214,0
DA:215,0
DA:218,0
DA:220,0
DA:222,0
DA:223,0
DA:227,0
DA:228,0
DA:238,2
DA:239,1
DA:242,1
DA:251,1
DA:259,1
DA:267,1
DA:268,2
DA:280,0
DA:281,0
DA:282,0
DA:283,0
DA:284,0
LF:76
LH:45
BRDA:61,0,0,2
BRDA:61,0,1,1
BRDA:72,1,0,1
BRDA:72,1,1,1
BRDA:94,2,0,0
BRDA:94,2,1,0
BRDA:106,3,0,1
BRDA:106,3,1,1
BRDA:129,4,0,0
BRDA:129,4,1,0
BRDA:129,5,0,0
BRDA:129,5,1,0
BRDA:149,6,0,1
BRDA:149,6,1,5
BRDA:156,7,0,4
BRDA:156,7,1,1
BRDA:157,8,0,5
BRDA:157,8,1,5
BRDA:157,9,0,5
BRDA:157,9,1,0
BRDA:167,10,0,1
BRDA:167,10,1,1
BRDA:184,11,0,1
BRDA:184,11,1,8
BRDA:188,12,0,7
BRDA:188,12,1,1
BRDA:189,13,0,8
BRDA:189,13,1,7
BRDA:189,13,2,1
BRDA:189,13,3,1
BRDA:196,14,0,6
BRDA:196,14,1,1
BRDA:196,15,0,7
BRDA:196,15,1,1
BRDA:201,16,0,1
BRDA:201,16,1,7
BRDA:214,17,0,0
BRDA:214,17,1,0
BRDA:222,18,0,0
BRDA:222,18,1,0
BRDA:222,19,0,0
BRDA:222,19,1,0
BRDA:227,20,0,0
BRDA:227,20,1,0
BRDA:238,21,0,1
BRDA:238,21,1,1
BRDA:282,22,0,0
BRDA:282,22,1,0
BRF:48
BRH:31
end_of_record
TN:
SF:client/controllers/pointer.js
FN:19,(anonymous_0)
FN:56,(anonymous_1)
FN:71,(anonymous_2)
FN:72,(anonymous_3)
FN:98,(anonymous_4)
FN:120,(anonymous_5)
FN:121,(anonymous_6)
FN:132,(anonymous_7)
FN:143,(anonymous_8)
FN:161,(anonymous_9)
FN:179,(anonymous_10)
FN:197,(anonymous_11)
FN:224,(anonymous_12)
FN:225,(anonymous_13)
FN:252,(anonymous_14)
FN:263,(anonymous_15)
FN:271,(anonymous_16)
FN:279,(anonymous_17)
FN:287,(anonymous_18)
FNF:19
FNH:16
FNDA:19,(anonymous_0)
FNDA:9,(anonymous_1)
FNDA:0,(anonymous_2)
FNDA:0,(anonymous_3)
FNDA:8,(anonymous_4)
FNDA:1,(anonymous_5)
FNDA:2,(anonymous_6)
FNDA:2,(anonymous_7)
FNDA:0,(anonymous_8)
FNDA:1,(anonymous_9)
FNDA:1,(anonymous_10)
FNDA:1,(anonymous_11)
FNDA:1,(anonymous_12)
FNDA:1,(anonymous_13)
FNDA:5,(anonymous_14)
FNDA:9,(anonymous_15)
FNDA:1,(anonymous_16)
FNDA:20,(anonymous_17)
FNDA:10,(anonymous_18)
DA:24,19
DA:30,19
DA:36,19
DA:42,19
DA:48,19
DA:57,9
DA:58,1
DA:61,8
DA:63,8
DA:64,8
DA:65,8
DA:72,0
DA:73,0
DA:75,0
DA:76,0
DA:77,0
DA:78,0
DA:79,0
DA:81,0
DA:82,0
DA:83,0
DA:86,0
DA:87,0
DA:88,0
DA:90,0
DA:99,8
DA:100,8
DA:101,8
DA:103,8
DA:105,8
DA:121,1
DA:122,2
DA:125,1
DA:133,2
DA:134,2
DA:144,0
DA:145,0
DA:147,0
DA:148,0
DA:149,0
DA:150,0
DA:151,0
DA:153,0
DA:154,0
DA:162,1
DA:164,1
DA:166,1
DA:167,1
DA:170,0
DA:180,1
DA:182,1
DA:183,1
DA:186,0
DA:187,0
DA:198,1
DA:200,1
DA:201,1
DA:204,0
DA:205,0
DA:206,0
DA:211,0
DA:212,0
DA:213,0
DA:216,0
DA:217,0
DA:218,0
DA:225,1
DA:226,1
DA:228,1
DA:230,1
DA:231,0
DA:233,1
DA:235,1
DA:237,0
DA:238,0
DA:240,0
DA:242,0
DA:253,5
DA:254,1
DA:257,4
DA:264,9
DA:272,1
DA:280,20
DA:288,10
LF:84
LH:44
BRDA:57,0,0,1
BRDA:57,0,1,8
BRDA:73,1,0,0
BRDA:73,1,1,0
BRDA:81,2,0,0
BRDA:81,2,1,0
BRDA:166,3,0,1
BRDA:166,3,1,0
BRDA:182,4,0,1
BRDA:182,4,1,0
BRDA:200,5,0,1
BRDA:200,5,1,0
BRDA:211,6,0,0
BRDA:211,6,1,0
BRDA:226,7,0,1
BRDA:226,7,1,0
BRDA:226,7,2,0
BRDA:230,8,0,0
BRDA:230,8,1,1
BRDA:237,9,0,0
BRDA:237,9,1,0
BRDA:237,10,0,0
BRDA:237,10,1,0
BRDA:253,11,0,1
BRDA:253,11,1,4
BRF:25
BRH:9
end_of_record
TN:
SF:client/controllers/sprites.js
FN:16,(anonymous_0)
FN:43,(anonymous_1)
FN:54,(anonymous_2)
FN:57,(anonymous_3)
FN:73,(anonymous_4)
FN:82,(anonymous_5)
FN:85,(anonymous_6)
FN:94,(anonymous_7)
FNF:8
FNH:7
FNDA:15,(anonymous_0)
FNDA:0,(anonymous_1)
FNDA:5,(anonymous_2)
FNDA:7,(anonymous_3)
FNDA:16,(anonymous_4)
FNDA:2,(anonymous_5)
FNDA:2,(anonymous_6)
FNDA:1,(anonymous_7)
DA:17,15
DA:23,15
DA:29,15
DA:35,15
DA:41,15
DA:43,15
DA:44,0
DA:47,15
DA:55,5
DA:57,5
DA:58,7
DA:64,5
DA:65,1
DA:66,1
DA:74,16
DA:75,16
DA:76,16
DA:83,2
DA:85,2
DA:86,2
DA:95,1
DA:96,1
LF:22
LH:21
BRDA:64,0,0,1
BRDA:64,0,1,4
BRF:2
BRH:2
end_of_record
TN:
SF:client/controllers/zoning.js
FN:12,(anonymous_0)
FN:47,(anonymous_1)
FN:54,(anonymous_2)
FN:61,(anonymous_3)
FN:68,(anonymous_4)
FN:75,(anonymous_5)
FN:83,(anonymous_6)
FNF:7
FNH:7
FNDA:7,(anonymous_0)
FNDA:1,(anonymous_1)
FNDA:2,(anonymous_2)
FNDA:1,(anonymous_3)
FNDA:1,(anonymous_4)
FNDA:1,(anonymous_5)
FNDA:1,(anonymous_6)
DA:17,7
DA:23,7
DA:29,7
DA:35,7
DA:41,7
DA:48,1
DA:55,2
DA:62,1
DA:69,1
DA:76,1
DA:84,1
LF:11
LH:11
BRF:0
BRH:0
end_of_record
TN:
SF:client/entity/animation.js
FN:14,(anonymous_0)
FN:83,(anonymous_1)
FN:109,(anonymous_2)
FN:128,(anonymous_3)
FN:137,(anonymous_4)
FN:145,(anonymous_5)
FN:154,(anonymous_6)
FN:161,(anonymous_7)
FNF:8
FNH:8
FNDA:122,(anonymous_0)
FNDA:5,(anonymous_1)
FNDA:3,(anonymous_2)
FNDA:83,(anonymous_3)
FNDA:111,(anonymous_4)
FNDA:1,(anonymous_5)
FNDA:3,(anonymous_6)
FNDA:123,(anonymous_7)
DA:19,122
DA:25,122
DA:31,122
DA:37,122
DA:43,122
DA:49,122
DA:55,122
DA:61,122
DA:67,122
DA:73,122
DA:76,122
DA:84,5
DA:86,5
DA:88,5
DA:89,1
DA:91,1
DA:92,1
DA:93,1
DA:94,1
DA:98,4
DA:99,4
DA:101,4
DA:110,3
DA:111,1
DA:114,3
DA:115,1
DA:116,1
DA:118,1
DA:120,2
DA:129,83
DA:130,83
DA:138,111
DA:146,1
DA:155,3
DA:162,123
DA:163,123
LF:36
LH:36
BRDA:86,0,0,3
BRDA:86,0,1,2
BRDA:88,1,0,1
BRDA:88,1,1,4
BRDA:88,2,0,5
BRDA:88,2,1,1
BRDA:91,3,0,1
BRDA:91,3,1,0
BRDA:110,4,0,1
BRDA:110,4,1,2
BRDA:110,5,0,3
BRDA:110,5,1,2
BRDA:114,6,0,1
BRDA:114,6,1,2
BRF:14
BRH:13
end_of_record
TN:
SF:client/entity/entity.js
FN:23,(anonymous_0)
FN:258,(anonymous_1)
FN:307,(anonymous_2)
FN:319,(anonymous_3)
FN:328,(anonymous_4)
FN:329,(anonymous_5)
FN:337,(anonymous_6)
FN:349,(anonymous_7)
FN:357,(anonymous_8)
FN:385,(anonymous_9)
FN:395,(anonymous_10)
FN:410,(anonymous_11)
FN:435,(anonymous_12)
FN:445,(anonymous_13)
FN:455,(anonymous_14)
FN:464,(anonymous_15)
FN:476,(anonymous_16)
FN:489,(anonymous_17)
FN:504,(anonymous_18)
FN:518,(anonymous_19)
FN:530,(anonymous_20)
FN:538,(anonymous_21)
FN:545,(anonymous_22)
FN:553,(anonymous_23)
FN:561,(anonymous_24)
FN:569,(anonymous_25)
FN:577,(anonymous_26)
FN:585,(anonymous_27)
FNF:28
FNH:20
FNDA:104,(anonymous_0)
FNDA:2,(anonymous_1)
FNDA:104,(anonymous_2)
FNDA:1,(anonymous_3)
FNDA:2,(anonymous_4)
FNDA:0,(anonymous_5)
FNDA:1,(anonymous_6)
FNDA:1,(anonymous_7)
FNDA:0,(anonymous_8)
FNDA:4,(anonymous_9)
FNDA:3,(anonymous_10)
FNDA:3,(anonymous_11)
FNDA:0,(anonymous_12)
FNDA:1,(anonymous_13)
FNDA:0,(anonymous_14)
FNDA:1,(anonymous_15)
FNDA:1,(anonymous_16)
FNDA:0,(anonymous_17)
FNDA:0,(anonymous_18)
FNDA:0,(anonymous_19)
FNDA:0,(anonymous_20)
FNDA:4,(anonymous_21)
FNDA:1,(anonymous_22)
FNDA:2,(anonymous_23)
FNDA:2,(anonymous_24)
FNDA:2,(anonymous_25)
FNDA:1,(anonymous_26)
FNDA:1,(anonymous_27)
DA:24,104
DA:30,104
DA:36,104
DA:42,104
DA:48,104
DA:54,104
DA:60,104
DA:66,104
DA:72,104
DA:78,104
DA:84,104
DA:90,104
DA:96,104
DA:102,104
DA:108,104
DA:114,104
DA:120,104
DA:126,104
DA:132,104
DA:138,104
DA:144,104
DA:150,104
DA:156,104
DA:162,104
DA:168,104
DA:174,104
DA:180,104
DA:186,104
DA:192,104
DA:198,104
DA:207,104
DA:213,104
DA:219,104
DA:225,104
DA:231,104
DA:237,104
DA:243,104
DA:245,104
DA:260,2
DA:261,0
DA:265,2
DA:266,0
DA:270,2
DA:271,0
DA:275,2
DA:276,0
DA:280,2
DA:281,0
DA:285,2
DA:286,0
DA:290,2
DA:291,1
DA:295,1
DA:296,0
DA:299,1
DA:308,104
DA:310,104
DA:311,0
DA:320,1
DA:321,1
DA:329,2
DA:330,0
DA:338,1
DA:339,1
DA:342,1
DA:350,1
DA:358,0
DA:359,0
DA:362,0
DA:363,0
DA:366,0
DA:368,0
DA:370,0
DA:371,0
DA:372,0
DA:373,0
DA:375,0
DA:376,0
DA:386,4
DA:387,4
DA:396,3
DA:397,3
DA:399,3
DA:411,3
DA:415,3
DA:418,0
DA:420,0
DA:421,0
DA:424,0
DA:426,0
DA:427,0
DA:430,0
DA:432,0
DA:436,0
DA:446,1
DA:447,1
DA:448,1
DA:456,0
DA:465,1
DA:466,1
DA:467,1
DA:477,1
DA:478,1
DA:480,1
DA:490,0
DA:491,0
DA:505,0
DA:506,0
DA:519,0
DA:520,0
DA:523,0
DA:531,0
DA:539,4
DA:546,1
DA:554,2
DA:562,2
DA:570,2
DA:578,1
DA:586,1
LF:119
LH:80
BRDA:258,0,0,2
BRDA:260,1,0,0
BRDA:260,1,1,2
BRDA:260,2,0,2
BRDA:260,2,1,2
BRDA:260,2,2,0
BRDA:265,3,0,0
BRDA:265,3,1,2
BRDA:265,4,0,2
BRDA:265,4,1,1
BRDA:270,5,0,0
BRDA:270,5,1,2
BRDA:270,6,0,2
BRDA:270,6,1,2
BRDA:270,6,2,0
BRDA:275,7,0,0
BRDA:275,7,1,2
BRDA:275,8,0,2
BRDA:275,8,1,0
BRDA:280,9,0,0
BRDA:280,9,1,2
BRDA:280,10,0,2
BRDA:280,10,1,0
BRDA:285,11,0,0
BRDA:285,11,1,2
BRDA:285,12,0,2
BRDA:285,12,1,2
BRDA:285,12,2,0
BRDA:290,13,0,1
BRDA:290,13,1,1
BRDA:290,14,0,2
BRDA:290,14,1,1
BRDA:295,15,0,0
BRDA:295,15,1,1
BRDA:295,16,0,1
BRDA:295,16,1,1
BRDA:295,16,2,0
BRDA:310,17,0,0
BRDA:310,17,1,104
BRDA:338,18,0,1
BRDA:338,18,1,0
BRDA:358,19,0,0
BRDA:358,19,1,0
BRDA:358,20,0,0
BRDA:358,20,1,0
BRDA:358,20,2,0
BRDA:362,21,0,0
BRDA:362,21,1,0
BRDA:375,22,0,0
BRDA:375,22,1,0
BRDA:411,23,0,3
BRDA:411,23,1,0
BRDA:412,24,0,3
BRDA:412,24,1,0
BRDA:412,24,2,0
BRDA:420,25,0,0
BRDA:420,25,1,0
BRDA:426,26,0,0
BRDA:426,26,1,0
BRDA:433,27,0,0
BRDA:433,27,1,0
BRDA:434,28,0,0
BRDA:434,28,1,0
BRDA:467,29,0,1
BRDA:467,29,1,0
BRDA:480,30,0,0
BRDA:480,30,1,1
BRDA:490,31,0,0
BRDA:490,31,1,0
BRDA:492,32,0,0
BRDA:492,32,1,0
BRDA:492,32,2,0
BRDA:494,33,0,0
BRDA:494,33,1,0
BRDA:505,34,0,0
BRDA:505,34,1,0
BRDA:507,35,0,0
BRDA:507,35,1,0
BRDA:507,35,2,0
BRDA:509,36,0,0
BRDA:509,36,1,0
BRDA:519,37,0,0
BRDA:519,37,1,0
BRF:83
BRH:30
end_of_record
TN:
SF:client/entity/entityhandler.js
FN:14,(anonymous_0)
FN:40,(anonymous_1)
FN:46,(anonymous_2)
FN:52,(anonymous_3)
FN:56,(anonymous_4)
FN:59,(anonymous_5)
FN:84,(anonymous_6)
FN:103,(anonymous_7)
FN:116,(anonymous_8)
FN:128,(anonymous_9)
FNF:10
FNH:5
FNDA:81,(anonymous_0)
FNDA:3,(anonymous_1)
FNDA:0,(anonymous_2)
FNDA:0,(anonymous_3)
FNDA:0,(anonymous_4)
FNDA:0,(anonymous_5)
FNDA:0,(anonymous_6)
FNDA:6,(anonymous_7)
FNDA:3,(anonymous_8)
FNDA:6,(anonymous_9)
DA:15,81
DA:21,81
DA:27,81
DA:33,81
DA:41,3
DA:42,2
DA:45,1
DA:46,0
DA:47,0
DA:49,0
DA:52,0
DA:53,0
DA:56,0
DA:57,0
DA:59,0
DA:60,0
DA:64,0
DA:67,0
DA:68,0
DA:76,0
DA:81,0
DA:84,0
DA:85,0
DA:91,0
DA:92,0
DA:96,1
DA:104,6
DA:117,3
DA:118,2
DA:121,3
DA:129,6
DA:130,4
LF:32
LH:14
BRDA:41,0,0,2
BRDA:41,0,1,1
BRDA:41,1,0,3
BRDA:41,1,1,2
BRDA:45,2,0,0
BRDA:45,2,1,1
BRDA:60,3,0,0
BRDA:60,3,1,0
BRDA:61,4,0,0
BRDA:61,4,1,0
BRDA:61,4,2,0
BRDA:67,5,0,0
BRDA:67,5,1,0
BRDA:76,6,0,0
BRDA:76,6,1,0
BRDA:77,7,0,0
BRDA:77,7,1,0
BRDA:77,7,2,0
BRDA:105,8,0,6
BRDA:105,8,1,5
BRDA:105,8,2,4
BRDA:105,8,3,3
BRDA:117,9,0,2
BRDA:117,9,1,1
BRDA:129,10,0,4
BRDA:129,10,1,2
BRF:26
BRH:13
end_of_record
TN:
SF:client/entity/sprite.js
FN:17,(anonymous_0)
FN:67,(anonymous_1)
FN:75,(anonymous_2)
FN:89,(anonymous_3)
FN:127,(anonymous_4)
FN:138,(anonymous_5)
FN:164,(anonymous_6)
FN:221,(anonymous_7)
FN:242,(anonymous_8)
FNF:9
FNH:8
FNDA:6,(anonymous_0)
FNDA:9,(anonymous_1)
FNDA:0,(anonymous_2)
FNDA:7,(anonymous_3)
FNDA:1,(anonymous_4)
FNDA:1,(anonymous_5)
FNDA:1,(anonymous_6)
FNDA:1,(anonymous_7)
FNDA:1,(anonymous_8)
DA:24,6
DA:29,6
DA:34,6
DA:39,6
DA:44,6
DA:49,6
DA:54,6
DA:59,6
DA:61,6
DA:71,9
DA:72,9
DA:73,9
DA:75,9
DA:77,0
DA:79,0
DA:81,0
DA:90,7
DA:92,7
DA:98,7
DA:103,7
DA:109,7
DA:114,7
DA:116,7
DA:117,7
DA:119,7
DA:120,7
DA:128,1
DA:129,1
DA:131,1
DA:139,1
DA:141,1
DA:143,1
DA:144,2
DA:145,2
DA:147,2
DA:157,1
DA:165,1
DA:166,1
DA:167,1
DA:170,1
DA:171,0
DA:174,1
DA:175,1
DA:178,1
DA:179,1
DA:181,1
DA:183,0
DA:184,0
DA:193,0
DA:195,0
DA:196,0
DA:197,0
DA:200,0
DA:202,0
DA:204,0
DA:213,0
DA:222,1
DA:224,1
DA:225,1
DA:226,1
DA:229,1
DA:231,0
DA:233,1
DA:234,1
DA:243,1
DA:245,1
LF:66
LH:51
BRDA:79,0,0,0
BRDA:79,0,1,0
BRDA:116,1,0,7
BRDA:116,1,1,0
BRDA:117,2,0,7
BRDA:117,2,1,0
BRDA:119,3,0,7
BRDA:119,3,1,0
BRDA:144,4,0,2
BRDA:144,4,1,0
BRDA:165,5,0,1
BRDA:165,5,1,0
BRDA:170,6,0,0
BRDA:170,6,1,1
BRDA:225,7,0,1
BRDA:225,7,1,0
BRF:16
BRH:7
end_of_record
TN:
SF:client/entity/character/character.js
FN:19,(anonymous_0)
FN:329,(anonymous_1)
FN:333,(anonymous_2)
FN:343,(anonymous_3)
FN:356,(anonymous_4)
FN:372,(anonymous_5)
FN:399,(anonymous_6)
FN:417,(anonymous_7)
FN:430,(anonymous_8)
FN:440,(anonymous_9)
FN:452,(anonymous_10)
FN:466,(anonymous_11)
FN:479,(anonymous_12)
FN:492,(anonymous_13)
FN:516,(anonymous_14)
FN:529,(anonymous_15)
FN:547,(anonymous_16)
FN:563,(anonymous_17)
FN:641,(anonymous_18)
FN:668,(anonymous_19)
FN:693,(anonymous_20)
FN:712,(anonymous_21)
FN:729,(anonymous_22)
FN:753,(anonymous_23)
FN:776,(anonymous_24)
FN:783,(anonymous_25)
FN:791,(anonymous_26)
FN:803,(anonymous_27)
FN:814,(anonymous_28)
FN:822,(anonymous_29)
FN:833,(anonymous_30)
FN:834,(anonymous_31)
FN:843,(anonymous_32)
FN:851,(anonymous_33)
FN:859,(anonymous_34)
FN:867,(anonymous_35)
FN:875,(anonymous_36)
FN:883,(anonymous_37)
FN:891,(anonymous_38)
FN:899,(anonymous_39)
FN:911,(anonymous_40)
FN:918,(anonymous_41)
FN:930,(anonymous_42)
FN:956,(anonymous_43)
FN:968,(anonymous_44)
FN:976,(anonymous_45)
FN:984,(anonymous_46)
FN:992,(anonymous_47)
FN:1000,(anonymous_48)
FN:1008,(anonymous_49)
FN:1016,(anonymous_50)
FN:1024,(anonymous_51)
FN:1032,(anonymous_52)
FN:1040,(anonymous_53)
FNF:54
FNH:27
FNDA:63,(anonymous_0)
FNDA:63,(anonymous_1)
FNDA:0,(anonymous_2)
FNDA:0,(anonymous_3)
FNDA:0,(anonymous_4)
FNDA:0,(anonymous_5)
FNDA:0,(anonymous_6)
FNDA:0,(anonymous_7)
FNDA:0,(anonymous_8)
FNDA:1,(anonymous_9)
FNDA:4,(anonymous_10)
FNDA:1,(anonymous_11)
FNDA:7,(anonymous_12)
FNDA:0,(anonymous_13)
FNDA:0,(anonymous_14)
FNDA:1,(anonymous_15)
FNDA:1,(anonymous_16)
FNDA:0,(anonymous_17)
FNDA:0,(anonymous_18)
FNDA:0,(anonymous_19)
FNDA:0,(anonymous_20)
FNDA:0,(anonymous_21)
FNDA:2,(anonymous_22)
FNDA:2,(anonymous_23)
FNDA:2,(anonymous_24)
FNDA:0,(anonymous_25)
FNDA:1,(anonymous_26)
FNDA:2,(anonymous_27)
FNDA:0,(anonymous_28)
FNDA:0,(anonymous_29)
FNDA:0,(anonymous_30)
FNDA:0,(anonymous_31)
FNDA:2,(anonymous_32)
FNDA:2,(anonymous_33)
FNDA:2,(anonymous_34)
FNDA:7,(anonymous_35)
FNDA:1,(anonymous_36)
FNDA:0,(anonymous_37)
FNDA:2,(anonymous_38)
FNDA:4,(anonymous_39)
FNDA:1,(anonymous_40)
FNDA:0,(anonymous_41)
FNDA:5,(anonymous_42)
FNDA:1,(anonymous_43)
FNDA:1,(anonymous_44)
FNDA:1,(anonymous_45)
FNDA:1,(anonymous_46)
FNDA:0,(anonymous_47)
FNDA:0,(anonymous_48)
FNDA:0,(anonymous_49)
FNDA:0,(anonymous_50)
FNDA:0,(anonymous_51)
FNDA:0,(anonymous_52)
FNDA:1,(anonymous_53)
DA:20,63
DA:26,63
DA:32,63
DA:38,63
DA:44,63
DA:50,63
DA:56,63
DA:62,63
DA:68,63
DA:74,63
DA:80,63
DA:86,63
DA:92,63
DA:98,63
DA:104,63
DA:110,63
DA:116,63
DA:122,63
DA:128,63
DA:134,63
DA:140,63
DA:146,63
DA:152,63
DA:158,63
DA:164,63
DA:170,63
DA:176,63
DA:182,63
DA:188,63
DA:194,63
DA:200,63
DA:206,63
DA:212,63
DA:218,63
DA:224,63
DA:230,63
DA:236,63
DA:242,63
DA:248,63
DA:254,63
DA:260,63
DA:266,63
DA:272,63
DA:278,63
DA:284,63
DA:290,63
DA:296,63
DA:302,63
DA:308,63
DA:314,63
DA:320,63
DA:323,63
DA:330,63
DA:331,63
DA:333,63
DA:334,0
DA:336,0
DA:337,0
DA:340,63
DA:341,63
DA:343,63
DA:344,0
DA:346,0
DA:347,0
DA:350,63
DA:351,63
DA:353,63
DA:354,63
DA:356,63
DA:357,0
DA:359,0
DA:360,0
DA:373,0
DA:374,0
DA:376,0
DA:377,0
DA:380,0
DA:381,0
DA:383,0
DA:384,0
DA:388,0
DA:389,0
DA:392,0
DA:400,0
DA:401,0
DA:402,0
DA:403,0
DA:404,0
DA:405,0
DA:406,0
DA:407,0
DA:410,0
DA:418,0
DA:419,0
DA:421,0
DA:422,0
DA:431,0
DA:434,0
DA:441,1
DA:442,1
DA:444,1
DA:453,4
DA:454,1
DA:457,3
DA:458,3
DA:467,1
DA:468,1
DA:471,0
DA:480,7
DA:481,0
DA:484,7
DA:493,0
DA:495,0
DA:497,0
DA:498,0
DA:501,0
DA:502,0
DA:505,0
DA:506,0
DA:508,0
DA:517,0
DA:519,0
DA:530,1
DA:531,1
DA:534,0
DA:535,0
DA:536,0
DA:539,0
DA:548,1
DA:564,0
DA:567,0
DA:568,0
DA:571,0
DA:572,0
DA:574,0
DA:575,0
DA:578,0
DA:579,0
DA:582,0
DA:584,0
DA:585,0
DA:586,0
DA:587,0
DA:590,0
DA:591,0
DA:595,0
DA:596,0
DA:598,0
DA:600,0
DA:601,0
DA:604,0
DA:606,0
DA:607,0
DA:609,0
DA:611,0
DA:612,0
DA:613,0
DA:615,0
DA:618,0
DA:619,0
DA:622,0
DA:623,0
DA:624,0
DA:626,0
DA:627,0
DA:630,0
DA:631,0
DA:635,0
DA:642,0
DA:644,0
DA:645,0
DA:648,0
DA:649,0
DA:652,0
DA:653,0
DA:656,0
DA:657,0
DA:669,0
DA:670,0
DA:673,0
DA:674,0
DA:676,0
DA:677,0
DA:680,0
DA:681,0
DA:684,0
DA:694,0
DA:699,0
DA:701,0
DA:702,0
DA:704,0
DA:713,0
DA:714,0
DA:715,0
DA:716,0
DA:717,0
DA:718,0
DA:719,0
DA:720,0
DA:721,0
DA:730,2
DA:731,1
DA:734,1
DA:735,0
DA:738,1
DA:739,0
DA:742,1
DA:743,0
DA:746,1
DA:754,2
DA:755,1
DA:758,1
DA:759,0
DA:762,1
DA:763,0
DA:766,1
DA:767,0
DA:770,1
DA:777,2
DA:779,2
DA:780,0
DA:783,2
DA:784,0
DA:792,1
DA:793,1
DA:794,1
DA:804,2
DA:805,1
DA:808,1
DA:815,0
DA:823,0
DA:834,0
DA:835,0
DA:844,2
DA:852,2
DA:860,2
DA:868,7
DA:876,1
DA:884,0
DA:892,2
DA:900,4
DA:901,1
DA:904,3
DA:905,3
DA:912,1
DA:919,0
DA:921,0
DA:922,0
DA:931,5
DA:932,5
DA:933,1
DA:934,1
DA:938,4
DA:939,0
DA:940,0
DA:944,4
DA:945,0
DA:946,0
DA:949,4
DA:957,1
DA:959,1
DA:960,1
DA:969,1
DA:977,1
DA:985,1
DA:993,0
DA:1001,0
DA:1009,0
DA:1017,0
DA:1025,0
DA:1033,0
DA:1041,1
LF:272
LH:123
BRDA:376,0,0,0
BRDA:376,0,1,0
BRDA:376,1,0,0
BRDA:376,1,1,0
BRDA:383,2,0,0
BRDA:383,2,1,0
BRDA:384,3,0,0
BRDA:384,3,1,0
BRDA:392,4,0,0
BRDA:392,4,1,0
BRDA:400,5,0,0
BRDA:400,5,1,0
BRDA:402,6,0,0
BRDA:402,6,1,0
BRDA:404,7,0,0
BRDA:404,7,1,0
BRDA:406,8,0,0
BRDA:406,8,1,0
BRDA:453,9,0,1
BRDA:453,9,1,3
BRDA:467,10,0,1
BRDA:467,10,1,0
BRDA:480,11,0,0
BRDA:480,11,1,7
BRDA:495,12,0,0
BRDA:495,12,1,0
BRDA:495,12,2,0
BRDA:495,12,3,0
BRDA:517,13,0,0
BRDA:517,13,1,0
BRDA:530,14,0,1
BRDA:530,14,1,0
BRDA:534,15,0,0
BRDA:534,15,1,0
BRDA:567,16,0,0
BRDA:567,16,1,0
BRDA:567,17,0,0
BRDA:567,17,1,0
BRDA:574,18,0,0
BRDA:574,18,1,0
BRDA:578,19,0,0
BRDA:578,19,1,0
BRDA:584,20,0,0
BRDA:584,20,1,0
BRDA:585,21,0,0
BRDA:585,21,1,0
BRDA:590,22,0,0
BRDA:590,22,1,0
BRDA:595,23,0,0
BRDA:595,23,1,0
BRDA:600,24,0,0
BRDA:600,24,1,0
BRDA:606,25,0,0
BRDA:606,25,1,0
BRDA:611,26,0,0
BRDA:611,26,1,0
BRDA:622,27,0,0
BRDA:622,27,1,0
BRDA:626,28,0,0
BRDA:626,28,1,0
BRDA:630,29,0,0
BRDA:630,29,1,0
BRDA:644,30,0,0
BRDA:644,30,1,0
BRDA:648,31,0,0
BRDA:648,31,1,0
BRDA:652,32,0,0
BRDA:652,32,1,0
BRDA:656,33,0,0
BRDA:656,33,1,0
BRDA:669,34,0,0
BRDA:669,34,1,0
BRDA:669,35,0,0
BRDA:669,35,1,0
BRDA:676,36,0,0
BRDA:676,36,1,0
BRDA:680,37,0,0
BRDA:680,37,1,0
BRDA:701,38,0,0
BRDA:701,38,1,0
BRDA:701,39,0,0
BRDA:701,39,1,0
BRDA:713,40,0,0
BRDA:713,40,1,0
BRDA:715,41,0,0
BRDA:715,41,1,0
BRDA:730,42,0,1
BRDA:730,42,1,1
BRDA:734,43,0,0
BRDA:734,43,1,1
BRDA:738,44,0,0
BRDA:738,44,1,1
BRDA:742,45,0,0
BRDA:742,45,1,1
BRDA:754,46,0,1
BRDA:754,46,1,1
BRDA:758,47,0,0
BRDA:758,47,1,1
BRDA:762,48,0,0
BRDA:762,48,1,1
BRDA:766,49,0,0
BRDA:766,49,1,1
BRDA:779,50,0,0
BRDA:779,50,1,2
BRDA:804,51,0,1
BRDA:804,51,1,1
BRDA:824,52,0,0
BRDA:824,52,1,0
BRDA:824,52,2,0
BRDA:900,53,0,1
BRDA:900,53,1,3
BRDA:921,54,0,0
BRDA:921,54,1,0
BRDA:932,55,0,1
BRDA:932,55,1,4
BRDA:938,56,0,0
BRDA:938,56,1,4
BRDA:938,57,0,4
BRDA:938,57,1,0
BRDA:944,58,0,0
BRDA:944,58,1,4
BRDA:959,59,0,1
BRDA:959,59,1,0
BRF:123
BRH:26
end_of_record
TN:
SF:client/entity/character/mob/mob.js
FN:14,(anonymous_0)
FN:46,(anonymous_1)
FNF:2
FNH:2
FNDA:5,(anonymous_0)
FNDA:1,(anonymous_1)
DA:15,5
DA:21,5
DA:27,5
DA:33,5
DA:39,5
DA:47,1
LF:6
LH:6
BRF:0
BRH:0
end_of_record
TN:
SF:client/entity/character/npc/npc.js
FN:14,(anonymous_0)
FN:35,(anonymous_1)
FNF:2
FNH:2
FNDA:6,(anonymous_0)
FNDA:4,(anonymous_1)
DA:15,6
DA:21,6
DA:27,6
DA:36,4
DA:39,4
DA:40,1
DA:43,4
DA:44,4
DA:47,4
DA:49,4
LF:10
LH:10
BRDA:39,0,0,1
BRDA:39,0,1,3
BRDA:43,1,0,4
BRDA:43,1,1,0
BRF:4
BRH:3
end_of_record
TN:
SF:client/entity/character/player/player.js
FN:17,(anonymous_0)
FN:244,(anonymous_1)
FN:261,(anonymous_2)
FN:270,(anonymous_3)
FN:278,(anonymous_4)
FN:285,(anonymous_5)
FN:297,(anonymous_6)
FN:306,(anonymous_7)
FN:314,(anonymous_8)
FN:325,(anonymous_9)
FN:335,(anonymous_10)
FN:343,(anonymous_11)
FN:351,(anonymous_12)
FN:359,(anonymous_13)
FN:368,(anonymous_14)
FN:386,(anonymous_15)
FN:471,(anonymous_16)
FN:500,(anonymous_17)
FN:504,(anonymous_18)
FN:514,(anonymous_19)
FNF:20
FNH:10
FNDA:16,(anonymous_0)
FNDA:0,(anonymous_1)
FNDA:0,(anonymous_2)
FNDA:1,(anonymous_3)
FNDA:0,(anonymous_4)
FNDA:16,(anonymous_5)
FNDA:0,(anonymous_6)
FNDA:1,(anonymous_7)
FNDA:1,(anonymous_8)
FNDA:1,(anonymous_9)
FNDA:1,(anonymous_10)
FNDA:1,(anonymous_11)
FNDA:1,(anonymous_12)
FNDA:1,(anonymous_13)
FNDA:0,(anonymous_14)
FNDA:0,(anonymous_15)
FNDA:0,(anonymous_16)
FNDA:0,(anonymous_17)
FNDA:0,(anonymous_18)
FNDA:0,(anonymous_19)
DA:18,16
DA:24,16
DA:30,16
DA:36,16
DA:42,16
DA:48,16
DA:54,16
DA:60,16
DA:66,16
DA:72,16
DA:78,16
DA:84,16
DA:90,16
DA:96,16
DA:102,16
DA:108,16
DA:114,16
DA:120,16
DA:126,16
DA:132,16
DA:138,16
DA:144,16
DA:150,16
DA:156,16
DA:163,16
DA:169,16
DA:175,16
DA:181,16
DA:187,16
DA:193,16
DA:199,16
DA:205,16
DA:211,16
DA:217,16
DA:223,16
DA:226,16
DA:245,0
DA:246,0
DA:247,0
DA:249,0
DA:250,0
DA:251,0
DA:252,0
DA:253,0
DA:254,0
DA:262,0
DA:263,0
DA:271,1
DA:279,0
DA:286,16
DA:287,16
DA:288,16
DA:289,16
DA:290,16
DA:299,0
DA:307,1
DA:316,1
DA:317,1
DA:326,1
DA:336,1
DA:344,1
DA:352,1
DA:360,1
DA:369,0
DA:370,0
DA:371,0
DA:372,0
DA:374,0
DA:375,0
DA:377,0
DA:378,0
DA:387,0
DA:388,0
DA:389,0
DA:390,0
DA:391,0
DA:393,0
DA:395,0
DA:396,0
DA:404,0
DA:407,0
DA:408,0
DA:411,0
DA:414,0
DA:415,0
DA:423,0
DA:426,0
DA:428,0
DA:431,0
DA:432,0
DA:440,0
DA:443,0
DA:446,0
DA:447,0
DA:449,0
DA:452,0
DA:455,0
DA:456,0
DA:458,0
DA:461,0
DA:463,0
DA:472,0
DA:474,0
DA:475,0
DA:478,0
DA:479,0
DA:482,0
DA:483,0
DA:486,0
DA:487,0
DA:490,0
DA:491,0
DA:493,0
DA:501,0
DA:503,0
DA:504,0
DA:505,0
DA:515,0
LF:118
LH:50
BRDA:271,0,0,1
BRDA:271,0,1,1
BRDA:271,0,2,1
BRDA:271,0,3,1
BRDA:299,1,0,0
BRDA:299,1,1,0
BRDA:307,2,0,0
BRDA:307,2,1,1
BRDA:326,3,0,0
BRDA:326,3,1,1
BRDA:393,4,0,0
BRDA:393,4,1,0
BRDA:393,4,2,0
BRDA:393,4,3,0
BRDA:393,4,4,0
BRDA:393,4,5,0
BRDA:395,5,0,0
BRDA:395,5,1,0
BRDA:407,6,0,0
BRDA:407,6,1,0
BRDA:414,7,0,0
BRDA:414,7,1,0
BRDA:426,8,0,0
BRDA:426,8,1,0
BRDA:431,9,0,0
BRDA:431,9,1,0
BRDA:446,10,0,0
BRDA:446,10,1,0
BRDA:455,11,0,0
BRDA:455,11,1,0
BRDA:472,12,0,0
BRDA:472,12,1,0
BRDA:472,12,2,0
BRDA:472,12,3,0
BRDA:472,12,4,0
BRDA:472,12,5,0
BRDA:503,13,0,0
BRDA:503,13,1,0
BRF:38
BRH:6
end_of_record
TN:
SF:client/entity/character/player/playerhandler.js
FN:14,(anonymous_0)
FN:64,(anonymous_1)
FN:65,(anonymous_2)
FN:87,(anonymous_3)
FN:108,(anonymous_4)
FN:145,(anonymous_5)
FN:162,(anonymous_6)
FN:171,(anonymous_7)
FN:182,(anonymous_8)
FN:189,(anonymous_9)
FN:199,(anonymous_10)
FN:208,(anonymous_11)
FN:221,(anonymous_12)
FNF:13
FNH:4
FNDA:9,(anonymous_0)
FNDA:9,(anonymous_1)
FNDA:2,(anonymous_2)
FNDA:0,(anonymous_3)
FNDA:0,(anonymous_4)
FNDA:0,(anonymous_5)
FNDA:0,(anonymous_6)
FNDA:0,(anonymous_7)
FNDA:0,(anonymous_8)
FNDA:0,(anonymous_9)
FNDA:0,(anonymous_10)
FNDA:4,(anonymous_11)
FNDA:0,(anonymous_12)
DA:19,9
DA:25,9
DA:31,9
DA:37,9
DA:43,9
DA:49,9
DA:55,9
DA:58,9
DA:65,9
DA:66,2
DA:67,1
DA:70,1
DA:72,1
DA:73,0
DA:76,1
DA:84,1
DA:87,9
DA:88,0
DA:90,0
DA:91,0
DA:92,0
DA:94,0
DA:95,0
DA:96,0
DA:99,0
DA:108,9
DA:109,0
DA:110,0
DA:112,0
DA:114,0
DA:116,0
DA:118,0
DA:120,0
DA:122,0
DA:130,0
DA:131,0
DA:132,0
DA:139,0
DA:142,0
DA:145,9
DA:146,0
DA:148,0
DA:149,0
DA:152,0
DA:153,0
DA:154,0
DA:157,0
DA:158,0
DA:162,9
DA:163,0
DA:164,0
DA:167,0
DA:168,0
DA:171,0
DA:172,0
DA:175,0
DA:182,9
DA:183,0
DA:189,9
DA:190,0
DA:191,0
DA:194,0
DA:195,0
DA:199,9
DA:200,0
DA:209,4
DA:211,4
DA:212,1
DA:215,3
DA:225,0
DA:226,0
DA:228,0
DA:229,0
DA:230,0
DA:231,0
DA:232,0
DA:233,0
DA:234,0
DA:235,0
DA:240,0
DA:241,0
DA:242,0
LF:82
LH:26
BRDA:66,0,0,1
BRDA:66,0,1,1
BRDA:72,1,0,0
BRDA:72,1,1,1
BRDA:94,2,0,0
BRDA:94,2,1,0
BRDA:120,3,0,0
BRDA:120,3,1,0
BRDA:120,3,2,0
BRDA:130,4,0,0
BRDA:130,4,1,0
BRDA:133,5,0,0
BRDA:133,5,1,0
BRDA:148,6,0,0
BRDA:148,6,1,0
BRDA:152,7,0,0
BRDA:152,7,1,0
BRDA:153,8,0,0
BRDA:153,8,1,0
BRDA:163,9,0,0
BRDA:163,9,1,0
BRDA:167,10,0,0
BRDA:167,10,1,0
BRDA:172,11,0,0
BRDA:172,11,1,0
BRDA:190,12,0,0
BRDA:190,12,1,0
BRDA:194,13,0,0
BRDA:194,13,1,0
BRDA:211,14,0,1
BRDA:211,14,1,3
BRDA:215,15,0,3
BRDA:215,15,1,2
BRDA:215,15,2,2
BRDA:228,16,0,0
BRDA:228,16,1,0
BRDA:230,17,0,0
BRDA:230,17,1,0
BRDA:232,18,0,0
BRDA:232,18,1,0
BRDA:234,19,0,0
BRDA:234,19,1,0
BRDA:240,20,0,0
BRDA:240,20,1,0
BRF:44
BRH:8
end_of_record
TN:
SF:client/entity/character/player/equipment/armour.js
FN:15,(anonymous_0)
FN:35,(anonymous_1)
FN:43,(anonymous_2)
FNF:3
FNH:3
FNDA:5,(anonymous_0)
FNDA:2,(anonymous_1)
FNDA:1,(anonymous_2)
DA:16,5
DA:22,5
DA:28,5
DA:36,2
DA:44,1
LF:5
LH:5
BRF:0
BRH:0
end_of_record
TN:
SF:client/entity/character/player/equipment/boots.js
FNF:0
FNH:0
LF:0
LH:0
BRF:0
BRH:0
end_of_record
TN:
SF:client/entity/character/player/equipment/equipment.js
FN:17,(anonymous_0)
FN:47,(anonymous_1)
FN:55,(anonymous_2)
FN:63,(anonymous_3)
FN:71,(anonymous_4)
FN:79,(anonymous_5)
FN:90,(anonymous_6)
FNF:7
FNH:7
FNDA:27,(anonymous_0)
FNDA:6,(anonymous_1)
FNDA:4,(anonymous_2)
FNDA:1,(anonymous_3)
FNDA:1,(anonymous_4)
FNDA:1,(anonymous_5)
FNDA:1,(anonymous_6)
DA:22,27
DA:28,27
DA:34,27
DA:40,27
DA:48,6
DA:56,4
DA:64,1
DA:72,1
DA:80,1
DA:91,1
DA:92,1
DA:93,1
DA:94,1
LF:13
LH:13
BRDA:48,0,0,6
BRDA:48,0,1,5
BRF:2
BRH:2
end_of_record
TN:
SF:client/entity/character/player/equipment/pendant.js
FNF:0
FNH:0
LF:0
LH:0
BRF:0
BRH:0
end_of_record
TN:
SF:client/entity/character/player/equipment/ring.js
FNF:0
FNH:0
LF:0
LH:0
BRF:0
BRH:0
end_of_record
TN:
SF:client/entity/character/player/equipment/weapon.js
FN:15,(anonymous_0)
FN:41,(anonymous_1)
FN:49,(anonymous_2)
FN:57,(anonymous_3)
FN:65,(anonymous_4)
FNF:5
FNH:5
FNDA:7,(anonymous_0)
FNDA:2,(anonymous_1)
FNDA:2,(anonymous_2)
FNDA:1,(anonymous_3)
FNDA:1,(anonymous_4)
DA:16,7
DA:22,7
DA:28,7
DA:34,7
DA:42,2
DA:50,2
DA:58,1
DA:66,1
LF:8
LH:8
BRF:0
BRH:0
end_of_record
TN:
SF:client/entity/objects/chest.js
FN:13,(anonymous_0)
FN:26,(anonymous_1)
FN:33,(anonymous_2)
FNF:3
FNH:3
FNDA:4,(anonymous_0)
FNDA:1,(anonymous_1)
FNDA:1,(anonymous_2)
DA:14,4
DA:20,4
DA:27,1
DA:34,1
LF:4
LH:4
BRF:0
BRH:0
end_of_record
TN:
SF:client/entity/objects/item.js
FN:17,(anonymous_0)
FN:66,(anonymous_1)
FN:74,(anonymous_2)
FNF:3
FNH:3
FNDA:4,(anonymous_0)
FNDA:1,(anonymous_1)
FNDA:1,(anonymous_2)
DA:18,4
DA:24,4
DA:30,4
DA:36,4
DA:42,4
DA:48,4
DA:54,4
DA:60,4
DA:67,1
DA:75,1
LF:10
LH:10
BRF:0
BRH:0
end_of_record
TN:
SF:client/entity/objects/projectile.js
FN:15,(anonymous_0)
FN:101,(anonymous_1)
FN:108,(anonymous_2)
FN:119,(anonymous_3)
FN:131,(anonymous_4)
FN:145,(anonymous_5)
FN:161,(anonymous_6)
FN:175,(anonymous_7)
FN:184,(anonymous_8)
FN:193,(anonymous_9)
FN:200,(anonymous_10)
FN:209,(anonymous_11)
FNF:12
FNH:11
FNDA:13,(anonymous_0)
FNDA:1,(anonymous_1)
FNDA:2,(anonymous_2)
FNDA:1,(anonymous_3)
FNDA:1,(anonymous_4)
FNDA:2,(anonymous_5)
FNDA:0,(anonymous_6)
FNDA:1,(anonymous_7)
FNDA:1,(anonymous_8)
FNDA:1,(anonymous_9)
FNDA:3,(anonymous_10)
FNDA:1,(anonymous_11)
DA:16,13
DA:22,13
DA:28,13
DA:34,13
DA:40,13
DA:46,13
DA:52,13
DA:58,13
DA:64,13
DA:70,13
DA:76,13
DA:82,13
DA:88,13
DA:94,13
DA:102,1
DA:109,2
DA:110,1
DA:120,1
DA:122,1
DA:123,1
DA:132,1
DA:134,1
DA:135,1
DA:137,1
DA:146,2
DA:147,1
DA:150,1
DA:152,1
DA:153,1
DA:155,1
DA:157,1
DA:158,0
DA:161,1
DA:162,0
DA:163,0
DA:165,0
DA:168,1
DA:176,1
DA:185,1
DA:186,1
DA:194,1
DA:201,3
DA:210,1
LF:43
LH:39
BRDA:28,0,0,13
BRDA:28,0,1,0
BRDA:109,1,0,1
BRDA:109,1,1,1
BRDA:146,2,0,1
BRDA:146,2,1,1
BRDA:157,3,0,0
BRDA:157,3,1,1
BRF:8
BRH:6
end_of_record
TN:
SF:client/interface/abilities.js
FN:12,(anonymous_0)
FN:29,(anonymous_1)
FNF:2
FNH:2
FNDA:3,(anonymous_0)
FNDA:1,(anonymous_1)
DA:17,3
DA:22,3
DA:30,1
LF:3
LH:3
BRF:0
BRH:0
end_of_record
TN:
SF:client/interface/actions.js
FN:12,(anonymous_0)
FN:69,(anonymous_1)
FN:73,(anonymous_2)
FN:79,(anonymous_3)
FN:90,(anonymous_4)
FN:111,(anonymous_5)
FN:114,(anonymous_6)
FN:128,(anonymous_7)
FN:136,(anonymous_8)
FN:147,(anonymous_9)
FN:157,(anonymous_10)
FN:166,(anonymous_11)
FN:172,(anonymous_12)
FN:182,(anonymous_13)
FN:189,(anonymous_14)
FN:197,(anonymous_15)
FN:207,(anonymous_16)
FN:217,(anonymous_17)
FN:225,(anonymous_18)
FN:233,(anonymous_19)
FN:241,(anonymous_20)
FNF:21
FNH:12
FNDA:13,(anonymous_0)
FNDA:13,(anonymous_1)
FNDA:0,(anonymous_2)
FNDA:0,(anonymous_3)
FNDA:2,(anonymous_4)
FNDA:2,(anonymous_5)
FNDA:0,(anonymous_6)
FNDA:0,(anonymous_7)
FNDA:1,(anonymous_8)
FNDA:1,(anonymous_9)
FNDA:0,(anonymous_10)
FNDA:0,(anonymous_11)
FNDA:0,(anonymous_12)
FNDA:1,(anonymous_13)
FNDA:1,(anonymous_14)
FNDA:0,(anonymous_15)
FNDA:1,(anonymous_16)
FNDA:1,(anonymous_17)
FNDA:1,(anonymous_18)
FNDA:1,(anonymous_19)
FNDA:0,(anonymous_20)
DA:17,13
DA:23,13
DA:28,13
DA:33,13
DA:39,13
DA:44,13
DA:49,13
DA:55,13
DA:61,13
DA:63,13
DA:70,13
DA:71,13
DA:73,13
DA:74,0
DA:75,0
DA:79,13
DA:80,0
DA:81,0
DA:91,2
DA:93,2
DA:95,0
DA:97,1
DA:98,1
DA:99,1
DA:102,1
DA:112,2
DA:114,2
DA:115,0
DA:116,0
DA:120,2
DA:121,1
DA:129,0
DA:130,0
DA:137,1
DA:139,1
DA:140,0
DA:148,1
DA:158,0
DA:160,0
DA:161,0
DA:166,0
DA:167,0
DA:169,0
DA:172,0
DA:173,0
DA:175,0
DA:183,1
DA:190,1
DA:198,0
DA:199,0
DA:200,0
DA:201,0
DA:208,1
DA:209,1
DA:210,1
DA:218,1
DA:226,1
DA:234,1
DA:242,0
LF:59
LH:35
BRDA:74,0,0,0
BRDA:74,0,1,0
BRDA:80,1,0,0
BRDA:80,1,1,0
BRDA:93,2,0,0
BRDA:93,2,1,1
BRDA:93,2,2,1
BRDA:115,3,0,0
BRDA:115,3,1,0
BRDA:120,4,0,1
BRDA:120,4,1,1
BRDA:158,5,0,0
BRDA:158,5,1,0
BRF:13
BRH:4
end_of_record
TN:
SF:client/interface/bank.js
FN:16,(anonymous_0)
FN:58,(anonymous_1)
FN:67,(anonymous_2)
FN:91,(anonymous_3)
FN:138,(anonymous_4)
FN:165,(anonymous_5)
FN:221,(anonymous_6)
FN:236,(anonymous_7)
FN:272,(anonymous_8)
FN:296,(anonymous_9)
FN:324,(anonymous_10)
FN:340,(anonymous_11)
FN:347,(anonymous_12)
FN:355,(anonymous_13)
FN:363,(anonymous_14)
FN:371,(anonymous_15)
FN:379,(anonymous_16)
FN:387,(anonymous_17)
FNF:18
FNH:7
FNDA:10,(anonymous_0)
FNDA:0,(anonymous_1)
FNDA:0,(anonymous_2)
FNDA:0,(anonymous_3)
FNDA:0,(anonymous_4)
FNDA:0,(anonymous_5)
FNDA:0,(anonymous_6)
FNDA:0,(anonymous_7)
FNDA:0,(anonymous_8)
FNDA:0,(anonymous_9)
FNDA:0,(anonymous_10)
FNDA:1,(anonymous_11)
FNDA:1,(anonymous_12)
FNDA:0,(anonymous_13)
FNDA:1,(anonymous_14)
FNDA:1,(anonymous_15)
FNDA:1,(anonymous_16)
FNDA:1,(anonymous_17)
DA:21,10
DA:26,10
DA:31,10
DA:36,10
DA:41,10
DA:46,10
DA:51,10
DA:56,10
DA:57,10
DA:58,10
DA:59,0
DA:68,0
DA:69,0
DA:71,0
DA:72,0
DA:73,0
DA:75,0
DA:77,0
DA:82,0
DA:84,0
DA:85,0
DA:91,0
DA:92,0
DA:95,0
DA:96,0
DA:99,0
DA:100,0
DA:104,0
DA:110,0
DA:112,0
DA:113,0
DA:116,0
DA:117,0
DA:118,0
DA:122,0
DA:127,0
DA:131,0
DA:132,0
DA:138,0
DA:139,0
DA:142,0
DA:143,0
DA:146,0
DA:147,0
DA:151,0
DA:156,0
DA:157,0
DA:158,0
DA:166,0
DA:167,0
DA:169,0
DA:170,0
DA:171,0
DA:172,0
DA:174,0
DA:179,0
DA:185,0
DA:186,0
DA:188,0
DA:195,0
DA:196,0
DA:197,0
DA:198,0
DA:200,0
DA:205,0
DA:206,0
DA:208,0
DA:222,0
DA:223,0
DA:225,0
DA:237,0
DA:238,0
DA:240,0
DA:241,0
DA:244,0
DA:245,0
DA:248,0
DA:250,0
DA:251,0
DA:252,0
DA:254,0
DA:259,0
DA:260,0
DA:263,0
DA:264,0
DA:273,0
DA:274,0
DA:276,0
DA:277,0
DA:280,0
DA:282,0
DA:283,0
DA:285,0
DA:286,0
DA:288,0
DA:297,0
[...]
DA:1804,0
DA:1805,0
DA:1806,0
DA:1807,0
DA:1808,0
DA:1809,0
DA:1810,0
DA:1813,0
DA:1825,0
DA:1826,0
DA:1827,0
DA:1829,0
DA:1830,0
DA:1831,0
DA:1832,0
DA:1833,0
DA:1834,0
DA:1835,0
DA:1836,0
DA:1838,0
DA:1848,1
LF:493
LH:84
BRDA:19,0,0,0
BRDA:19,0,1,0
BRDA:23,1,0,0
BRDA:23,1,1,0
BRDA:304,2,0,0
BRDA:304,2,1,0
BRDA:331,3,0,0
BRDA:331,3,1,0
BRDA:332,4,0,0
BRDA:332,4,1,0
BRDA:332,4,2,0
BRDA:332,4,3,0
BRDA:332,4,4,0
BRDA:356,5,0,0
BRDA:356,5,1,0
BRDA:361,6,0,0
BRDA:361,6,1,0
BRDA:369,7,0,0
BRDA:369,7,1,0
BRDA:373,8,0,0
BRDA:373,8,1,0
BRDA:377,9,0,0
BRDA:377,9,1,0
BRDA:381,10,0,0
BRDA:381,10,1,0
BRDA:398,11,0,1
BRDA:398,11,1,0
BRDA:433,12,0,0
BRDA:433,12,1,0
BRDA:443,13,0,0
BRDA:443,13,1,0
BRDA:445,14,0,0
BRDA:445,14,1,0
BRDA:445,15,0,0
BRDA:445,15,1,0
BRDA:468,16,0,0
BRDA:468,16,1,0
BRDA:491,17,0,0
BRDA:491,17,1,0
BRDA:496,18,0,0
BRDA:496,18,1,0
BRDA:520,19,0,0
BRDA:520,19,1,0
BRDA:526,20,0,0
BRDA:526,20,1,0
BRDA:539,21,0,0
BRDA:539,21,1,0
BRDA:557,22,0,0
BRDA:557,22,1,0
BRDA:557,23,0,0
BRDA:557,23,1,0
BRDA:557,23,2,0
BRDA:571,24,0,0
BRDA:571,24,1,0
BRDA:571,25,0,0
BRDA:571,25,1,0
BRDA:579,26,0,0
BRDA:579,26,1,0
BRDA:583,27,0,0
BRDA:583,27,1,0
BRDA:590,28,0,0
BRDA:590,28,1,0
BRDA:594,29,0,0
BRDA:594,29,1,0
BRDA:597,30,0,0
BRDA:597,30,1,0
BRDA:602,31,0,0
BRDA:602,31,1,0
BRDA:606,32,0,0
BRDA:606,32,1,0
BRDA:634,33,0,0
BRDA:634,33,1,0
BRDA:635,34,0,0
BRDA:635,34,1,0
BRDA:635,34,2,0
BRDA:635,34,3,0
BRDA:642,35,0,0
BRDA:642,35,1,0
BRDA:643,36,0,0
BRDA:643,36,1,0
BRDA:649,37,0,0
BRDA:649,37,1,0
BRDA:673,38,0,0
BRDA:673,38,1,0
BRDA:679,39,0,0
BRDA:679,39,1,0
BRDA:729,40,0,0
BRDA:729,40,1,0
BRDA:730,41,0,0
BRDA:730,41,1,0
BRDA:730,41,2,0
BRDA:730,41,3,0
BRDA:737,42,0,0
BRDA:737,42,1,0
BRDA:741,43,0,0
BRDA:741,43,1,0
BRDA:773,44,0,0
BRDA:773,44,1,0
BRDA:773,45,0,0
BRDA:773,45,1,0
BRDA:773,45,2,0
BRDA:810,46,0,0
BRDA:810,46,1,0
BRDA:810,47,0,0
BRDA:810,47,1,0
BRDA:810,47,2,0
BRDA:814,48,0,0
BRDA:814,48,1,0
BRDA:815,49,0,0
BRDA:815,49,1,0
BRDA:817,50,0,0
BRDA:817,50,1,0
BRDA:819,51,0,0
BRDA:819,51,1,0
BRDA:823,52,0,0
BRDA:823,52,1,0
BRDA:831,53,0,0
BRDA:831,53,1,0
BRDA:832,54,0,0
BRDA:832,54,1,0
BRDA:832,55,0,0
BRDA:832,55,1,0
BRDA:836,56,0,0
BRDA:836,56,1,0
BRDA:842,57,0,0
BRDA:842,57,1,0
BRDA:843,58,0,0
BRDA:843,58,1,0
BRDA:843,58,2,0
BRDA:855,59,0,0
BRDA:855,59,1,0
BRDA:855,60,0,0
BRDA:855,60,1,0
BRDA:865,61,0,0
BRDA:865,61,1,0
BRDA:870,62,0,0
BRDA:870,62,1,0
BRDA:892,63,0,0
BRDA:892,63,1,0
BRDA:892,64,0,0
BRDA:892,64,1,0
BRDA:901,65,0,0
BRDA:901,65,1,0
BRDA:901,66,0,0
BRDA:901,66,1,0
BRDA:902,67,0,0
BRDA:902,67,1,0
BRDA:906,68,0,0
BRDA:906,68,1,0
BRDA:933,69,0,0
BRDA:933,69,1,0
BRDA:971,70,0,0
BRDA:971,70,1,0
BRDA:976,71,0,0
BRDA:976,71,1,0
BRDA:976,72,0,0
BRDA:976,72,1,0
BRDA:980,73,0,0
BRDA:980,73,1,0
BRDA:992,74,0,0
BRDA:992,74,1,0
BRDA:1001,75,0,0
BRDA:1001,75,1,0
BRDA:1022,76,0,0
BRDA:1022,76,1,0
BRDA:1069,77,0,0
BRDA:1069,77,1,0
BRDA:1073,78,0,0
BRDA:1073,78,1,0
BRDA:1073,79,0,0
BRDA:1073,79,1,0
BRDA:1073,79,2,0
BRDA:1076,80,0,0
BRDA:1076,80,1,0
BRDA:1080,81,0,0
BRDA:1080,81,1,0
BRDA:1083,82,0,0
BRDA:1083,82,1,0
BRDA:1104,83,0,0
BRDA:1104,83,1,0
BRDA:1127,84,0,0
BRDA:1127,84,1,0
BRDA:1140,85,0,0
BRDA:1140,85,1,0
BRDA:1150,86,0,0
BRDA:1150,86,1,0
BRDA:1182,87,0,0
BRDA:1182,87,1,0
BRDA:1182,88,0,0
BRDA:1182,88,1,0
BRDA:1182,88,2,0
BRDA:1184,89,0,0
BRDA:1184,89,1,0
BRDA:1184,90,0,0
BRDA:1184,90,1,0
BRDA:1189,91,0,0
BRDA:1189,91,1,0
BRDA:1189,92,0,0
BRDA:1189,92,1,0
BRDA:1191,93,0,0
BRDA:1191,93,1,0
BRDA:1191,94,0,0
BRDA:1191,94,1,0
BRDA:1197,95,0,0
BRDA:1197,95,1,0
BRDA:1197,96,0,0
BRDA:1197,96,1,0
BRDA:1200,97,0,0
BRDA:1200,97,1,0
BRDA:1249,98,0,0
BRDA:1249,98,1,0
BRDA:1250,99,0,0
BRDA:1250,99,1,0
BRDA:1250,99,2,0
BRDA:1250,99,3,0
BRDA:1250,99,4,0
BRDA:1261,100,0,0
BRDA:1261,100,1,0
BRDA:1263,101,0,0
BRDA:1263,101,1,0
BRDA:1284,102,0,0
BRDA:1284,102,1,0
BRDA:1296,103,0,0
BRDA:1296,103,1,0
BRDA:1296,104,0,0
BRDA:1296,104,1,0
BRDA:1301,105,0,0
BRDA:1301,105,1,0
BRDA:1305,106,0,0
BRDA:1305,106,1,0
BRDA:1330,107,0,0
BRDA:1330,107,1,0
BRDA:1330,108,0,0
BRDA:1330,108,1,0
BRDA:1337,109,0,0
BRDA:1337,109,1,0
BRDA:1337,110,0,0
BRDA:1337,110,1,0
BRDA:1355,111,0,0
BRDA:1355,111,1,0
BRDA:1355,111,2,0
BRDA:1355,111,3,0
BRDA:1381,112,0,0
BRDA:1381,112,1,40
BRDA:1397,113,0,0
BRDA:1397,113,1,0
BRDA:1531,114,0,0
BRDA:1531,114,1,0
BRDA:1531,115,0,0
BRDA:1531,115,1,0
BRDA:1563,116,0,0
BRDA:1563,116,1,0
BRDA:1567,117,0,0
BRDA:1567,117,1,0
BRDA:1567,118,0,0
BRDA:1567,118,1,0
BRDA:1567,118,2,0
BRDA:1572,119,0,0
BRDA:1572,119,1,0
BRDA:1583,120,0,0
BRDA:1583,120,1,0
BRDA:1596,121,0,0
BRDA:1596,121,1,0
BRDA:1596,122,0,0
BRDA:1596,122,1,0
BRDA:1651,123,0,0
BRDA:1651,123,1,0
BRDA:1698,124,0,2
BRDA:1698,124,1,1
BRDA:1698,124,2,1
BRDA:1708,125,0,3
BRDA:1708,125,1,2
BRDA:1800,126,0,0
BRDA:1800,126,1,0
BRDA:1826,127,0,0
BRDA:1826,127,1,0
BRDA:1827,128,0,0
BRDA:1827,128,1,0
BRF:278
BRH:7
end_of_record
TN:
SF:client/renderer/tile.js
FN:13,(anonymous_0)
FN:55,(anonymous_1)
FN:65,(anonymous_2)
FN:76,(anonymous_3)
FN:90,(anonymous_4)
FNF:5
FNH:5
FNDA:8,(anonymous_0)
FNDA:2,(anonymous_1)
FNDA:3,(anonymous_2)
FNDA:2,(anonymous_3)
FNDA:2,(anonymous_4)
DA:18,8
DA:23,8
DA:28,8
DA:33,8
DA:38,8
DA:43,8
DA:48,8
DA:57,2
DA:59,2
DA:66,3
DA:77,2
DA:78,1
DA:79,1
DA:80,1
DA:83,1
DA:91,2
DA:92,1
DA:95,1
LF:18
LH:18
BRDA:66,0,0,2
BRDA:66,0,1,1
BRDA:77,1,0,1
BRDA:77,1,1,1
BRDA:91,2,0,1
BRDA:91,2,1,1
BRDA:91,3,0,2
BRDA:91,3,1,1
BRF:8
BRH:8
end_of_record
TN:
SF:client/renderer/updater.js
FN:13,(anonymous_0)
FN:44,(anonymous_1)
FN:67,(anonymous_2)
FN:72,(anonymous_3)
FN:83,(anonymous_4)
FN:84,(anonymous_5)
FN:120,(anonymous_6)
FN:124,(anonymous_7)
FN:139,(anonymous_8)
FN:143,(anonymous_9)
FN:158,(anonymous_10)
FN:162,(anonymous_11)
FN:177,(anonymous_12)
FN:181,(anonymous_13)
FN:220,(anonymous_14)
FN:242,(anonymous_15)
FN:274,(anonymous_16)
FN:296,(anonymous_17)
FN:307,(anonymous_18)
FN:316,(anonymous_19)
FN:330,(anonymous_20)
FNF:21
FNH:1
FNDA:2,(anonymous_0)
FNDA:0,(anonymous_1)
FNDA:0,(anonymous_2)
FNDA:0,(anonymous_3)
FNDA:0,(anonymous_4)
FNDA:0,(anonymous_5)
FNDA:0,(anonymous_6)
FNDA:0,(anonymous_7)
FNDA:0,(anonymous_8)
FNDA:0,(anonymous_9)
FNDA:0,(anonymous_10)
FNDA:0,(anonymous_11)
FNDA:0,(anonymous_12)
FNDA:0,(anonymous_13)
FNDA:0,(anonymous_14)
FNDA:0,(anonymous_15)
FNDA:0,(anonymous_16)
FNDA:0,(anonymous_17)
FNDA:0,(anonymous_18)
FNDA:0,(anonymous_19)
FNDA:0,(anonymous_20)
DA:18,2
DA:23,2
DA:28,2
DA:33,2
DA:38,2
DA:46,0
DA:48,0
DA:49,0
DA:50,0
DA:51,0
DA:52,0
DA:53,0
DA:54,0
DA:55,0
DA:61,0
DA:70,0
DA:72,0
DA:73,0
DA:74,0
DA:75,0
DA:84,0
DA:85,0
DA:86,0
DA:88,0
DA:90,0
DA:92,0
DA:93,0
DA:94,0
DA:97,0
DA:98,0
DA:101,0
DA:102,0
DA:105,0
DA:106,0
DA:109,0
DA:110,0
DA:113,0
DA:114,0
DA:116,0
DA:118,0
DA:121,0
DA:122,0
DA:125,0
DA:126,0
DA:127,0
DA:134,0
DA:137,0
DA:140,0
DA:141,0
DA:144,0
DA:145,0
DA:146,0
DA:153,0
DA:156,0
DA:159,0
DA:160,0
DA:163,0
DA:164,0
DA:165,0
DA:172,0
DA:175,0
DA:178,0
DA:179,0
DA:182,0
DA:183,0
DA:184,0
DA:191,0
DA:193,0
DA:196,0
DA:197,0
DA:198,0
DA:199,0
DA:200,0
DA:201,0
DA:203,0
DA:204,0
DA:207,0
DA:208,0
DA:210,0
DA:221,0
DA:222,0
DA:225,0
DA:228,0
DA:229,0
DA:231,0
DA:232,0
DA:233,0
DA:235,0
DA:245,0
DA:247,0
DA:252,0
DA:253,0
DA:256,0
DA:257,0
DA:258,0
DA:259,0
DA:260,0
DA:261,0
DA:262,0
DA:263,0
DA:266,0
DA:267,0
DA:275,0
DA:278,0
DA:279,0
DA:282,0
DA:283,0
DA:286,0
DA:288,0
DA:289,0
DA:297,0
DA:299,0
DA:300,0
DA:308,0
DA:309,0
DA:317,0
DA:318,0
DA:321,0
DA:322,0
DA:331,0
LF:120
LH:5
BRDA:73,0,0,0
BRDA:73,0,1,0
BRDA:85,1,0,0
BRDA:85,1,1,0
BRDA:90,2,0,0
BRDA:90,2,1,0
BRDA:92,3,0,0
BRDA:92,3,1,0
BRDA:93,4,0,0
BRDA:93,4,1,0
BRDA:93,5,0,0
BRDA:93,5,1,0
BRDA:97,6,0,0
BRDA:97,6,1,0
BRDA:97,7,0,0
BRDA:97,7,1,0
BRDA:101,8,0,0
BRDA:101,8,1,0
BRDA:101,9,0,0
BRDA:101,9,1,0
BRDA:105,10,0,0
BRDA:105,10,1,0
BRDA:105,11,0,0
BRDA:105,11,1,0
BRDA:109,12,0,0
BRDA:109,12,1,0
BRDA:109,13,0,0
BRDA:109,13,1,0
BRDA:113,14,0,0
BRDA:113,14,1,0
BRDA:113,15,0,0
BRDA:113,15,1,0
BRDA:116,16,0,0
BRDA:116,16,1,0
BRDA:116,16,2,0
BRDA:116,16,3,0
BRDA:116,16,4,0
BRDA:196,17,0,0
BRDA:196,17,1,0
BRDA:203,18,0,0
BRDA:203,18,1,0
BRDA:210,19,0,0
BRDA:210,19,1,0
BRDA:221,20,0,0
BRDA:221,20,1,0
BRDA:221,21,0,0
BRDA:221,21,1,0
BRDA:231,22,0,0
BRDA:231,22,1,0
BRDA:252,23,0,0
BRDA:252,23,1,0
BRDA:256,24,0,0
BRDA:256,24,1,0
BRDA:258,25,0,0
BRDA:258,25,1,0
BRDA:260,26,0,0
BRDA:260,26,1,0
BRDA:262,27,0,0
BRDA:262,27,1,0
BRDA:266,28,0,0
BRDA:266,28,1,0
BRDA:278,29,0,0
BRDA:278,29,1,0
BRDA:278,30,0,0
BRDA:278,30,1,0
BRDA:278,30,2,0
BRDA:282,31,0,0
BRDA:282,31,1,0
BRDA:288,32,0,0
BRDA:288,32,1,0
BRDA:299,33,0,0
BRDA:299,33,1,0
BRDA:299,34,0,0
BRDA:299,34,1,0
BRDA:308,35,0,0
BRDA:308,35,1,0
BRDA:317,36,0,0
BRDA:317,36,1,0
BRDA:321,37,0,0
BRDA:321,37,1,0
BRF:80
BRH:0
end_of_record
TN:
SF:client/renderer/bubbles/blob.js
FN:16,(anonymous_0)
FN:47,(anonymous_1)
FN:56,(anonymous_2)
FN:64,(anonymous_3)
FN:71,(anonymous_4)
FNF:5
FNH:5
FNDA:8,(anonymous_0)
FNDA:1,(anonymous_1)
FNDA:2,(anonymous_2)
FNDA:1,(anonymous_3)
FNDA:1,(anonymous_4)
DA:21,8
DA:26,8
DA:31,8
DA:36,8
DA:41,8
DA:48,1
DA:57,2
DA:65,1
DA:72,1
LF:9
LH:9
BRDA:36,0,0,8
BRDA:36,0,1,1
BRF:2
BRH:2
end_of_record
TN:
SF:client/renderer/infos/splat.js
FN:15,(anonymous_0)
FN:76,(anonymous_1)
FN:87,(anonymous_2)
FN:94,(anonymous_3)
FN:110,(anonymous_4)
FN:120,(anonymous_5)
FN:130,(anonymous_6)
FNF:7
FNH:7
FNDA:10,(anonymous_0)
FNDA:1,(anonymous_1)
FNDA:1,(anonymous_2)
FNDA:4,(anonymous_3)
FNDA:2,(anonymous_4)
FNDA:3,(anonymous_5)
FNDA:2,(anonymous_6)
DA:20,10
DA:25,10
DA:30,10
DA:35,10
DA:40,10
DA:46,10
DA:52,10
DA:57,10
DA:62,10
DA:68,10
DA:78,1
DA:80,1
DA:88,1
DA:95,4
DA:96,3
DA:99,4
DA:101,4
DA:102,1
DA:111,2
DA:112,1
DA:113,1
DA:121,3
DA:122,2
DA:132,2
LF:24
LH:24
BRDA:95,0,0,3
BRDA:95,0,1,1
BRDA:101,1,0,1
BRDA:101,1,1,3
BRDA:111,2,0,1
BRDA:111,2,1,1
BRDA:121,3,0,2
BRDA:121,3,1,1
BRF:8
BRH:8
end_of_record
TN:
SF:client/renderer/pointers/pointer.js
FN:12,(anonymous_0)
FN:57,(anonymous_1)
FN:58,(anonymous_2)
FN:72,(anonymous_3)
FN:82,(anonymous_4)
FN:90,(anonymous_5)
FN:97,(anonymous_6)
FNF:7
FNH:7
FNDA:7,(anonymous_0)
FNDA:7,(anonymous_1)
FNDA:1,(anonymous_2)
FNDA:1,(anonymous_3)
FNDA:1,(anonymous_4)
FNDA:1,(anonymous_5)
FNDA:2,(anonymous_6)
DA:17,7
DA:22,7
DA:27,7
DA:33,7
DA:38,7
DA:44,7
DA:49,7
DA:51,7
DA:58,7
DA:59,1
DA:60,1
DA:62,0
DA:65,1
DA:73,1
DA:74,1
DA:83,1
DA:84,1
DA:91,1
DA:98,2
LF:19
LH:18
BRDA:59,0,0,1
BRDA:59,0,1,0
BRF:2
BRH:1
end_of_record
TN:
SF:client/utils/detect.js
FN:7,(anonymous_0)
FN:13,(anonymous_1)
FN:14,(anonymous_2)
FN:15,(anonymous_3)
FN:16,(anonymous_4)
FN:17,(anonymous_5)
FN:18,(anonymous_6)
FN:19,(anonymous_7)
FN:20,(anonymous_8)
FN:21,(anonymous_9)
FN:22,(anonymous_10)
FN:23,(anonymous_11)
FN:30,(anonymous_12)
FN:55,(anonymous_13)
FN:66,(anonymous_14)
FNF:15
FNH:13
FNDA:12,(anonymous_0)
FNDA:2,(anonymous_1)
FNDA:2,(anonymous_2)
FNDA:2,(anonymous_3)
FNDA:1,(anonymous_4)
FNDA:0,(anonymous_5)
FNDA:0,(anonymous_6)
FNDA:1,(anonymous_7)
FNDA:2,(anonymous_8)
FNDA:1,(anonymous_9)
FNDA:1,(anonymous_10)
FNDA:2,(anonymous_11)
FNDA:2,(anonymous_12)
FNDA:2,(anonymous_13)
FNDA:1,(anonymous_14)
DA:7,12
DA:12,1
DA:13,2
DA:14,2
DA:15,2
DA:16,1
DA:17,0
DA:18,0
DA:19,1
DA:20,2
DA:21,1
DA:22,1
DA:24,2
DA:25,2
DA:26,2
DA:27,2
DA:31,2
DA:32,2
DA:35,0
DA:39,2
DA:43,2
DA:44,1
DA:49,1
DA:52,1
DA:56,2
DA:59,2
DA:60,1
DA:63,2
DA:67,1
DA:76,1
DA:77,1
DA:78,1
DA:79,1
DA:80,1
DA:85,0
LF:35
LH:31
BRDA:16,0,0,1
BRDA:16,0,1,1
BRDA:17,1,0,0
BRDA:17,1,1,0
BRDA:18,2,0,0
BRDA:18,2,1,0
BRDA:20,3,0,2
BRDA:20,3,1,2
BRDA:22,4,0,1
BRDA:22,4,1,1
BRDA:27,5,0,2
BRDA:27,5,1,0
BRDA:27,5,2,2
BRDA:31,6,0,2
BRDA:31,6,1,0
BRDA:32,7,0,0
BRDA:32,7,1,2
BRDA:43,8,0,1
BRDA:43,8,1,1
BRDA:43,9,0,2
BRDA:43,9,1,2
BRDA:47,10,0,1
BRDA:47,10,1,0
BRDA:59,11,0,1
BRDA:59,11,1,1
BRDA:76,12,0,1
BRDA:76,12,1,0
BRDA:79,13,0,1
BRDA:79,13,1,0
BRF:29
BRH:19
end_of_record
TN:
SF:client/utils/modules.js
FN:10,(anonymous_0)
FNF:1
FNH:1
FNDA:5,(anonymous_0)
DA:4,8
DA:11,5
DA:13,1
DA:15,1
DA:17,1
DA:19,1
DA:21,1
LF:7
LH:7
BRDA:11,0,0,1
BRDA:11,0,1,1
BRDA:11,0,2,1
BRDA:11,0,3,1
BRDA:11,0,4,1
BRF:5
BRH:5
end_of_record
TN:
SF:client/utils/pathfinder.js
FN:15,(anonymous_0)
FN:51,(anonymous_1)
FN:71,(anonymous_2)
FN:95,(anonymous_3)
FN:120,(anonymous_4)
FN:125,(anonymous_5)
FN:139,(anonymous_6)
FN:152,(anonymous_7)
FNF:8
FNH:7
FNDA:6,(anonymous_0)
FNDA:6,(anonymous_1)
FNDA:2,(anonymous_2)
FNDA:0,(anonymous_3)
FNDA:3,(anonymous_4)
FNDA:1,(anonymous_5)
FNDA:3,(anonymous_6)
FNDA:1,(anonymous_7)
DA:22,6
DA:27,6
DA:33,6
DA:38,6
DA:43,6
DA:45,6
DA:53,6
DA:54,30
DA:56,150
DA:59,6
DA:73,2
DA:74,2
DA:77,2
DA:78,2
DA:80,2
DA:82,2
DA:83,0
DA:86,2
DA:97,0
DA:101,0
DA:103,0
DA:104,0
DA:105,0
DA:107,0
DA:108,0
DA:109,0
DA:113,0
DA:125,3
DA:126,1
DA:127,1
DA:129,1
DA:130,1
DA:142,3
DA:143,1
DA:146,2
DA:155,1
DA:156,1
LF:37
LH:27
BRDA:82,0,0,0
BRDA:82,0,1,2
BRDA:82,1,0,2
BRDA:82,1,1,1
BRDA:107,2,0,0
BRDA:107,2,1,0
BRDA:126,3,0,0
BRDA:126,3,1,1
BRDA:127,4,0,0
BRDA:127,4,1,1
BRDA:129,5,0,1
BRDA:129,5,1,0
BRDA:129,6,0,1
BRDA:129,6,1,1
BRDA:130,7,0,0
BRDA:130,7,1,1
BRDA:142,8,0,1
BRDA:142,8,1,2
BRF:18
BRH:11
end_of_record
TN:
SF:client/utils/queue.js
FN:13,(anonymous_0)
FN:26,(anonymous_1)
FN:34,(anonymous_2)
FN:42,(anonymous_3)
FN:50,(anonymous_4)
FN:51,(anonymous_5)
FNF:6
FNH:6
FNDA:5,(anonymous_0)
FNDA:1,(anonymous_1)
FNDA:7,(anonymous_2)
FNDA:1,(anonymous_3)
FNDA:1,(anonymous_4)
FNDA:3,(anonymous_5)
DA:20,5
DA:27,1
DA:35,7
DA:43,1
DA:51,1
DA:52,3
LF:6
LH:6
BRF:0
BRH:0
end_of_record
TN:
SF:client/utils/storage.js
FN:16,(anonymous_0)
FN:33,(anonymous_1)
FN:34,(anonymous_2)
FN:53,(anonymous_3)
FN:72,(anonymous_4)
FN:104,(anonymous_5)
FN:115,(anonymous_6)
FN:126,(anonymous_7)
FN:138,(anonymous_8)
FN:155,(anonymous_9)
FN:171,(anonymous_10)
FN:180,(anonymous_11)
FNF:12
FNH:10
FNDA:13,(anonymous_0)
FNDA:0,(anonymous_1)
FNDA:0,(anonymous_2)
FNDA:13,(anonymous_3)
FNDA:15,(anonymous_4)
FNDA:9,(anonymous_5)
FNDA:1,(anonymous_6)
FNDA:2,(anonymous_7)
FNDA:2,(anonymous_8)
FNDA:1,(anonymous_9)
FNDA:3,(anonymous_10)
FNDA:2,(anonymous_11)
DA:17,13
DA:23,13
DA:29,13
DA:33,0
DA:34,0
DA:41,13
DA:46,13
DA:47,13
DA:54,13
DA:56,13
DA:57,1
DA:59,12
DA:62,13
DA:63,1
DA:64,1
DA:73,15
DA:75,15
DA:105,9
DA:107,9
DA:108,9
DA:116,1
DA:118,1
DA:119,1
DA:127,2
DA:129,2
DA:130,2
DA:139,2
DA:141,2
DA:143,2
DA:144,1
DA:147,2
DA:156,1
DA:158,1
DA:160,1
DA:161,1
DA:164,1
DA:172,3
DA:173,3
DA:181,2
DA:182,2
LF:40
LH:38
BRDA:29,0,0,13
BRDA:29,0,1,0
BRDA:56,1,0,1
BRDA:56,1,1,12
BRDA:56,2,0,13
BRDA:56,2,1,13
BRDA:62,3,0,1
BRDA:62,3,1,12
BRDA:107,4,0,9
BRDA:107,4,1,0
BRDA:143,5,0,1
BRDA:143,5,1,1
BRDA:160,6,0,1
BRDA:160,6,1,0
BRDA:182,7,0,2
BRDA:182,7,1,0
BRF:16
BRH:12
end_of_record
TN:
SF:client/utils/timer.js
FN:11,(anonymous_0)
FN:29,(anonymous_1)
FNF:2
FNH:2
FNDA:13,(anonymous_0)
FNDA:6,(anonymous_1)
DA:16,13
DA:21,13
DA:30,6
DA:32,6
DA:33,3
DA:34,3
DA:37,6
LF:7
LH:7
BRDA:32,0,0,3
BRDA:32,0,1,3
BRF:2
BRH:2
end_of_record
TN:
SF:client/utils/transition.js
FN:9,(anonymous_0)
FN:41,(anonymous_1)
FN:77,(anonymous_2)
FN:114,(anonymous_3)
FN:129,(anonymous_4)
FNF:5
FNH:5
FNDA:35,(anonymous_0)
FNDA:6,(anonymous_1)
FNDA:5,(anonymous_2)
FNDA:1,(anonymous_3)
FNDA:2,(anonymous_4)
DA:14,35
DA:19,35
DA:24,35
DA:29,35
DA:53,6
DA:58,6
DA:63,6
DA:64,6
DA:65,6
DA:66,6
DA:68,6
DA:70,6
DA:78,5
DA:79,1
DA:82,4
DA:83,1
DA:85,3
DA:87,3
DA:88,1
DA:91,3
DA:93,3
DA:97,3
DA:98,1
DA:99,1
DA:100,1
DA:102,2
DA:103,2
DA:115,1
DA:123,1
DA:130,2
LF:30
LH:30
BRDA:78,0,0,1
BRDA:78,0,1,4
BRDA:82,1,0,1
BRDA:82,1,1,3
BRDA:87,2,0,1
BRDA:87,2,1,2
BRDA:97,3,0,1
BRDA:97,3,1,2
BRDA:97,4,0,3
BRDA:97,4,1,2
BRDA:99,5,0,1
BRDA:99,5,1,0
BRDA:102,6,0,2
BRDA:102,6,1,0
BRF:14
BRH:12
end_of_record
TN:
SF:client/utils/util.js
FN:9,(anonymous_0)
FN:21,(anonymous_1)
FN:33,requestAnmiF
FN:40,(anonymous_3)
FNF:4
FNH:3
FNDA:15,(anonymous_0)
FNDA:5,(anonymous_1)
FNDA:2,requestAnmiF
FNDA:0,(anonymous_3)
DA:9,15
DA:14,2
DA:21,2
DA:22,5
DA:33,2
DA:34,2
DA:35,2
DA:41,0
LF:8
LH:7
BRDA:22,0,0,5
BRDA:22,0,1,4
BRDA:22,0,2,3
BRDA:22,0,3,2
BRDA:34,1,0,2
BRDA:34,1,1,0
BRDA:35,2,0,2
BRDA:35,2,1,0
BRDA:35,2,2,0
BRDA:35,2,3,0
BRDA:35,2,4,0
BRDA:35,2,5,0
BRF:12
BRH:6
end_of_record
TN:
SF:components/abilitiesBar/index.tsx
FN:1,(anonymous_0)
FNF:1
FNH:1
FNDA:3,(anonymous_0)
DA:1,1
DA:2,3
LF:2
LH:2
BRF:0
BRH:0
end_of_record
TN:
SF:components/actionsDialog/index.tsx
FN:1,(anonymous_0)
FNF:1
FNH:1
FNDA:4,(anonymous_0)
DA:1,1
DA:2,4
LF:2
LH:2
BRF:0
BRH:0
end_of_record
TN:
SF:components/bank/index.tsx
FN:1,(anonymous_0)
FNF:1
FNH:1
FNDA:4,(anonymous_0)
DA:1,1
DA:2,4
LF:2
LH:2
BRF:0
BRH:0
end_of_record
TN:
SF:components/bubbles/index.tsx
FN:1,(anonymous_0)
FNF:1
FNH:1
FNDA:2,(anonymous_0)
DA:1,1
DA:2,2
LF:2
LH:2
BRF:0
BRH:0
end_of_record
TN:
SF:components/buttonBar/index.tsx
FN:1,(anonymous_0)
FNF:1
FNH:1
FNDA:4,(anonymous_0)
DA:1,1
DA:2,4
LF:2
LH:2
BRF:0
BRH:0
end_of_record
TN:
SF:components/canvas/index.tsx
FN:13,(anonymous_0)
FNF:1
FNH:1
FNDA:14,(anonymous_0)
DA:7,3
DA:13,3
DA:14,14
LF:3
LH:3
BRDA:13,0,0,0
BRF:1
BRH:0
end_of_record
TN:
SF:components/chatBar/index.tsx
FN:5,(anonymous_0)
FNF:1
FNH:1
FNDA:4,(anonymous_0)
DA:5,1
DA:6,4
LF:2
LH:2
BRF:0
BRH:0
end_of_record
TN:
SF:components/chatInput/index.tsx
FN:4,(anonymous_0)
FN:6,(anonymous_1)
FNF:2
FNH:1
FNDA:4,(anonymous_0)
FNDA:0,(anonymous_1)
DA:4,1
DA:6,4
DA:7,0
DA:10,4
LF:4
LH:3
BRF:0
BRH:0
end_of_record
TN:
SF:components/createCharacter/index.tsx
FN:3,(anonymous_0)
FNF:1
FNH:1
FNDA:10,(anonymous_0)
DA:3,2
DA:4,10
LF:2
LH:2
BRF:0
BRH:0
end_of_record
TN:
SF:components/deathDialog/index.tsx
FN:1,(anonymous_0)
FNF:1
FNH:1
FNDA:8,(anonymous_0)
DA:1,2
DA:2,8
LF:2
LH:2
BRF:0
BRH:0
end_of_record
TN:
SF:components/dropDialog/index.tsx
FN:4,(anonymous_0)
FN:5,(anonymous_1)
FNF:2
FNH:1
FNDA:5,(anonymous_0)
FNDA:0,(anonymous_1)
DA:4,1
DA:5,5
DA:6,0
DA:9,5
LF:4
LH:3
BRF:0
BRH:0
end_of_record
TN:
SF:components/enchant/index.tsx
FN:1,(anonymous_0)
FNF:1
FNH:1
FNDA:4,(anonymous_0)
DA:1,1
DA:2,4
LF:2
LH:2
BRF:0
BRH:0
end_of_record
TN:
SF:components/footer/index.tsx
FN:1,(anonymous_0)
FNF:1
FNH:1
FNDA:7,(anonymous_0)
DA:1,2
DA:2,7
LF:2
LH:2
BRF:0
BRH:0
end_of_record
TN:
SF:components/hud/index.tsx
FN:1,(anonymous_0)
FNF:1
FNH:1
FNDA:4,(anonymous_0)
DA:1,1
DA:2,4
LF:2
LH:2
BRF:0
BRH:0
end_of_record
TN:
SF:components/inventory/index.tsx
FN:1,(anonymous_0)
FNF:1
FNH:1
FNDA:3,(anonymous_0)
DA:1,1
DA:2,3
LF:2
LH:2
BRF:0
BRH:0
end_of_record
TN:
SF:components/loadCharacter/index.tsx
FN:7,(anonymous_0)
FNF:1
FNH:1
FNDA:9,(anonymous_0)
DA:7,2
DA:8,9
LF:2
LH:2
BRF:0
BRH:0
end_of_record
TN:
SF:components/loader/index.tsx
FN:4,(anonymous_0)
FNF:1
FNH:1
FNDA:9,(anonymous_0)
DA:4,2
DA:5,9
LF:2
LH:2
BRDA:4,0,0,0
BRDA:5,1,0,8
BRDA:5,1,1,1
BRF:3
BRH:2
end_of_record
TN:
SF:components/logo/index.tsx
FN:4,(anonymous_0)
FNF:1
FNH:1
FNDA:8,(anonymous_0)
DA:4,2
DA:5,8
LF:2
LH:2
BRF:0
BRH:0
end_of_record
TN:
SF:components/map/index.tsx
FN:1,(anonymous_0)
FNF:1
FNH:1
FNDA:4,(anonymous_0)
DA:1,1
DA:2,4
LF:2
LH:2
BRF:0
BRH:0
end_of_record
TN:
SF:components/messageDialog/index.tsx
FN:1,(anonymous_0)
FNF:1
FNH:1
FNDA:8,(anonymous_0)
DA:1,2
DA:2,8
LF:2
LH:2
BRF:0
BRH:0
end_of_record
TN:
SF:components/notifications/index.tsx
FN:1,(anonymous_0)
FNF:1
FNH:1
FNDA:4,(anonymous_0)
DA:1,1
DA:2,4
LF:2
LH:2
BRF:0
BRH:0
end_of_record
TN:
SF:components/playerActions/index.tsx
FN:1,(anonymous_0)
FNF:1
FNH:1
FNDA:4,(anonymous_0)
DA:1,1
DA:2,4
LF:2
LH:2
BRF:0
BRH:0
end_of_record
TN:
SF:components/profileDialog/index.tsx
FN:1,(anonymous_0)
FNF:1
FNH:1
FNDA:5,(anonymous_0)
DA:1,1
DA:2,5
LF:2
LH:2
BRF:0
BRH:0
end_of_record
TN:
SF:components/settingsDialog/index.tsx
FN:4,(anonymous_0)
FN:5,(anonymous_1)
FNF:2
FNH:1
FNDA:4,(anonymous_0)
FNDA:0,(anonymous_1)
DA:4,1
DA:5,4
DA:6,0
DA:9,4
LF:4
LH:3
BRF:0
BRH:0
end_of_record
TN:
SF:components/splash/index.tsx
FN:9,(anonymous_0)
FNF:1
FNH:1
FNDA:4,(anonymous_0)
DA:9,1
DA:10,4
LF:2
LH:2
BRF:0
BRH:0
end_of_record
TN:
SF:components/trade/index.tsx
FN:1,(anonymous_0)
FNF:1
FNH:1
FNDA:3,(anonymous_0)
DA:1,1
DA:2,3
LF:2
LH:2
BRF:0
BRH:0
end_of_record
TN:
SF:components/worldBar/index.tsx
FN:5,(anonymous_0)
FNF:1
FNH:1
FNDA:4,(anonymous_0)
DA:5,1
DA:6,4
LF:2
LH:2
BRF:0
BRH:0
end_of_record
