TN:
SF:client/index.js
FN:19,(anonymous_0)
FN:243,(anonymous_1)
FN:257,(anonymous_2)
FN:258,(anonymous_3)
FN:259,(anonymous_4)
FN:260,(anonymous_5)
FN:261,(anonymous_6)
FN:262,(anonymous_7)
FN:263,(anonymous_8)
FN:264,(anonymous_9)
FN:265,(anonymous_10)
FN:266,(anonymous_11)
FN:267,(anonymous_12)
FN:268,(anonymous_13)
FN:286,(anonymous_14)
FN:302,(anonymous_15)
FN:321,(anonymous_16)
FN:342,(anonymous_17)
FN:360,(anonymous_18)
FN:384,(anonymous_19)
FN:403,(anonymous_20)
FN:419,(anonymous_21)
FN:447,(anonymous_22)
FN:464,(anonymous_23)
FN:482,(anonymous_24)
FN:499,(anonymous_25)
FN:528,(anonymous_26)
FN:533,(anonymous_27)
FN:543,(anonymous_28)
FN:556,(anonymous_29)
FN:574,(anonymous_30)
FN:598,(anonymous_31)
FN:620,(anonymous_32)
FN:668,(anonymous_33)
FN:697,(anonymous_34)
FN:710,(anonymous_35)
FN:733,(anonymous_36)
FN:745,(anonymous_37)
FN:756,(anonymous_38)
FN:776,(anonymous_39)
FN:786,(anonymous_40)
FN:796,(anonymous_41)
FN:805,(anonymous_42)
FN:816,(anonymous_43)
FN:827,(anonymous_44)
FN:838,(anonymous_45)
FN:860,(anonymous_46)
FN:870,(anonymous_47)
FN:887,(anonymous_48)
FN:910,(anonymous_49)
FN:914,(anonymous_50)
FN:920,(anonymous_51)
FN:930,(anonymous_52)
FN:949,(anonymous_53)
FN:960,(anonymous_54)
FN:970,(anonymous_55)
FN:982,(anonymous_56)
FN:992,(anonymous_57)
FN:1002,(anonymous_58)
FNF:59
FNH:1
FNDA:1,(anonymous_0)
FNDA:0,(anonymous_1)
FNDA:0,(anonymous_2)
FNDA:0,(anonymous_3)
FNDA:0,(anonymous_4)
FNDA:0,(anonymous_5)
FNDA:0,(anonymous_6)
FNDA:0,(anonymous_7)
FNDA:0,(anonymous_8)
FNDA:0,(anonymous_9)
FNDA:0,(anonymous_10)
FNDA:0,(anonymous_11)
FNDA:0,(anonymous_12)
FNDA:0,(anonymous_13)
FNDA:0,(anonymous_14)
FNDA:0,(anonymous_15)
FNDA:0,(anonymous_16)
FNDA:0,(anonymous_17)
FNDA:0,(anonymous_18)
FNDA:0,(anonymous_19)
FNDA:0,(anonymous_20)
FNDA:0,(anonymous_21)
FNDA:0,(anonymous_22)
FNDA:0,(anonymous_23)
FNDA:0,(anonymous_24)
FNDA:0,(anonymous_25)
FNDA:0,(anonymous_26)
FNDA:0,(anonymous_27)
FNDA:0,(anonymous_28)
FNDA:0,(anonymous_29)
FNDA:0,(anonymous_30)
FNDA:0,(anonymous_31)
FNDA:0,(anonymous_32)
FNDA:0,(anonymous_33)
FNDA:0,(anonymous_34)
FNDA:0,(anonymous_35)
FNDA:0,(anonymous_36)
FNDA:0,(anonymous_37)
FNDA:0,(anonymous_38)
FNDA:0,(anonymous_39)
FNDA:0,(anonymous_40)
FNDA:0,(anonymous_41)
FNDA:0,(anonymous_42)
FNDA:0,(anonymous_43)
FNDA:0,(anonymous_44)
FNDA:0,(anonymous_45)
FNDA:0,(anonymous_46)
FNDA:0,(anonymous_47)
FNDA:0,(anonymous_48)
FNDA:0,(anonymous_49)
FNDA:0,(anonymous_50)
FNDA:0,(anonymous_51)
FNDA:0,(anonymous_52)
FNDA:0,(anonymous_53)
FNDA:0,(anonymous_54)
FNDA:0,(anonymous_55)
FNDA:0,(anonymous_56)
FNDA:0,(anonymous_57)
FNDA:0,(anonymous_58)
DA:20,1
DA:27,1
DA:33,1
DA:39,1
DA:45,1
DA:51,1
DA:57,1
DA:63,1
DA:69,1
DA:75,1
DA:81,1
DA:87,1
DA:93,1
DA:99,1
DA:105,1
DA:111,1
DA:117,1
DA:123,1
DA:129,1
DA:135,1
DA:141,1
DA:147,1
DA:153,1
DA:159,1
DA:165,1
DA:171,1
DA:177,1
DA:183,1
DA:189,1
DA:195,1
DA:201,1
DA:207,1
DA:213,1
DA:219,1
DA:225,1
DA:231,1
DA:237,1
DA:244,0
DA:247,0
DA:248,0
DA:249,0
DA:250,0
DA:251,0
DA:253,0
DA:254,0
DA:255,0
DA:257,0
DA:258,0
DA:259,0
DA:260,0
DA:261,0
DA:262,0
DA:263,0
DA:264,0
DA:265,0
DA:266,0
DA:267,0
DA:268,0
DA:270,0
DA:271,0
DA:273,0
DA:274,0
DA:277,0
DA:279,0
DA:280,0
DA:281,0
DA:282,0
DA:286,0
DA:287,0
DA:290,0
DA:291,0
DA:292,0
DA:294,0
DA:303,0
DA:305,0
DA:306,0
DA:310,0
DA:311,0
DA:312,0
DA:313,0
DA:322,0
DA:324,0
DA:330,0
DA:333,0
DA:334,0
DA:343,0
DA:345,0
DA:346,0
DA:347,0
DA:350,0
DA:351,0
DA:352,0
DA:361,0
DA:363,0
DA:368,0
DA:369,0
DA:370,0
DA:373,0
DA:385,0
DA:387,0
DA:388,0
DA:391,0
DA:393,0
DA:394,0
DA:395,0
DA:404,0
DA:406,0
DA:407,0
DA:410,0
DA:411,0
DA:420,0
DA:422,0
DA:424,0
DA:425,0
DA:428,0
DA:430,0
DA:431,0
DA:432,0
DA:435,0
DA:436,0
DA:439,0
DA:448,0
DA:450,0
DA:452,0
DA:453,0
DA:456,0
DA:457,0
DA:467,0
DA:468,0
DA:471,0
DA:472,0
DA:474,0
DA:483,0
DA:485,0
DA:486,0
DA:489,0
DA:490,0
DA:492,0
DA:500,0
DA:521,0
DA:529,0
DA:531,0
DA:533,0
DA:534,0
DA:535,0
DA:536,0
DA:544,0
DA:546,0
DA:547,0
DA:548,0
DA:557,0
DA:559,0
DA:560,0
DA:563,0
DA:565,0
DA:566,0
DA:567,0
DA:575,0
DA:577,0
DA:579,0
DA:580,0
DA:581,0
DA:583,0
DA:584,0
DA:587,0
DA:588,0
DA:590,0
DA:591,0
DA:599,0
DA:601,0
DA:603,0
DA:604,0
DA:607,0
DA:608,0
DA:609,0
DA:610,0
DA:613,0
DA:621,0
DA:623,0
DA:624,0
DA:625,0
DA:626,0
DA:628,0
DA:629,0
DA:637,0
DA:638,0
DA:639,0
DA:642,0
DA:643,0
DA:644,0
DA:647,0
DA:648,0
DA:652,0
DA:655,0
DA:656,0
DA:657,0
DA:660,0
DA:669,0
DA:671,0
DA:672,0
DA:674,0
DA:675,0
DA:678,0
DA:679,0
DA:680,0
DA:683,0
DA:684,0
DA:685,0
DA:688,0
DA:698,0
DA:700,0
DA:711,0
DA:713,0
DA:715,0
DA:717,0
DA:718,0
DA:719,0
DA:720,0
DA:723,0
DA:724,0
DA:734,0
DA:736,0
DA:737,0
DA:738,0
DA:740,0
DA:741,0
DA:744,0
DA:745,0
DA:746,0
DA:747,0
DA:748,0
DA:757,0
DA:759,0
DA:760,0
DA:764,0
DA:765,0
DA:768,0
DA:769,0
DA:777,0
DA:779,0
DA:787,0
DA:789,0
DA:797,0
DA:799,0
DA:806,0
DA:808,0
DA:809,0
DA:817,0
DA:819,0
DA:820,0
DA:828,0
DA:830,0
DA:839,0
DA:840,0
DA:841,0
DA:842,0
DA:851,0
DA:861,0
DA:863,0
DA:871,0
DA:873,0
DA:874,0
DA:875,0
DA:876,0
DA:879,0
DA:880,0
DA:888,0
DA:890,0
DA:891,0
DA:892,0
DA:894,0
DA:895,0
DA:896,0
DA:897,0
DA:899,0
DA:900,0
DA:901,0
DA:911,0
DA:913,0
DA:914,0
DA:915,0
DA:919,0
DA:920,0
DA:921,0
DA:931,0
DA:933,0
DA:934,0
DA:936,0
DA:941,0
DA:950,0
DA:953,0
DA:961,0
DA:963,0
DA:973,0
DA:983,0
DA:985,0
DA:993,0
DA:995,0
DA:1003,0
DA:1005,0
LF:300
LH:37
BRDA:51,0,0,1
BRDA:51,0,1,0
BRDA:290,1,0,0
BRDA:290,1,1,0
BRDA:305,2,0,0
BRDA:305,2,1,0
BRDA:324,3,0,0
BRDA:324,3,1,0
BRDA:325,4,0,0
BRDA:325,4,1,0
BRDA:325,4,2,0
BRDA:325,4,3,0
BRDA:325,4,4,0
BRDA:345,5,0,0
BRDA:345,5,1,0
BRDA:363,6,0,0
BRDA:363,6,1,0
BRDA:364,7,0,0
BRDA:364,7,1,0
BRDA:364,7,2,0
BRDA:387,8,0,0
BRDA:387,8,1,0
BRDA:387,9,0,0
BRDA:387,9,1,0
BRDA:406,10,0,0
BRDA:406,10,1,0
BRDA:406,11,0,0
BRDA:406,11,1,0
BRDA:406,11,2,0
BRDA:424,12,0,0
BRDA:424,12,1,0
BRDA:430,13,0,0
BRDA:430,13,1,0
BRDA:430,14,0,0
BRDA:430,14,1,0
BRDA:435,15,0,0
BRDA:435,15,1,0
BRDA:452,16,0,0
BRDA:452,16,1,0
BRDA:452,17,0,0
BRDA:452,17,1,0
BRDA:467,18,0,0
BRDA:467,18,1,0
BRDA:467,19,0,0
BRDA:467,19,1,0
BRDA:467,19,2,0
BRDA:485,20,0,0
BRDA:485,20,1,0
BRDA:485,21,0,0
BRDA:485,21,1,0
BRDA:559,22,0,0
BRDA:559,22,1,0
BRDA:559,23,0,0
BRDA:559,23,1,0
BRDA:579,24,0,0
BRDA:579,24,1,0
BRDA:583,25,0,0
BRDA:583,25,1,0
BRDA:587,26,0,0
BRDA:587,26,1,0
BRDA:590,27,0,0
BRDA:590,27,1,0
BRDA:591,28,0,0
BRDA:591,28,1,0
BRDA:603,29,0,0
BRDA:603,29,1,0
BRDA:607,30,0,0
BRDA:607,30,1,0
BRDA:607,30,2,0
BRDA:628,31,0,0
BRDA:628,31,1,0
BRDA:637,32,0,0
BRDA:637,32,1,0
BRDA:642,33,0,0
BRDA:642,33,1,0
BRDA:647,34,0,0
BRDA:647,34,1,0
BRDA:655,35,0,0
BRDA:655,35,1,0
BRDA:655,36,0,0
BRDA:655,36,1,0
BRDA:674,37,0,0
BRDA:674,37,1,0
BRDA:678,38,0,0
BRDA:678,38,1,0
BRDA:678,39,0,0
BRDA:678,39,1,0
BRDA:683,40,0,0
BRDA:683,40,1,0
BRDA:683,41,0,0
BRDA:683,41,1,0
BRDA:717,42,0,0
BRDA:717,42,1,0
BRDA:740,43,0,0
BRDA:740,43,1,0
BRDA:760,44,0,0
BRDA:760,44,1,0
BRDA:779,45,0,0
BRDA:779,45,1,0
BRDA:779,45,2,0
BRDA:808,46,0,0
BRDA:808,46,1,0
BRDA:842,47,0,0
BRDA:842,47,1,0
BRDA:842,48,0,0
BRDA:842,48,1,0
BRDA:851,49,0,0
BRDA:851,49,1,0
BRDA:873,50,0,0
BRDA:873,50,1,0
BRDA:894,51,0,0
BRDA:894,51,1,0
BRDA:913,52,0,0
BRDA:913,52,1,0
BRDA:919,53,0,0
BRDA:919,53,1,0
BRDA:963,54,0,0
BRDA:963,54,1,0
BRDA:1005,55,0,0
BRDA:1005,55,1,0
BRDA:1005,55,2,0
BRF:121
BRH:1
end_of_record
TN:
SF:client/lib/log.js
FN:13,(anonymous_0)
FN:32,(anonymous_1)
FN:46,(anonymous_2)
FN:67,(anonymous_3)
FN:114,(anonymous_4)
FN:221,(anonymous_5)
FN:222,(anonymous_6)
FN:239,(anonymous_7)
FN:254,(anonymous_8)
FN:268,(anonymous_9)
FNF:10
FNH:5
FNDA:1,(anonymous_0)
FNDA:0,(anonymous_1)
FNDA:0,(anonymous_2)
FNDA:0,(anonymous_3)
FNDA:1,(anonymous_4)
FNDA:1,(anonymous_5)
FNDA:2,(anonymous_6)
FNDA:0,(anonymous_7)
FNDA:1,(anonymous_8)
FNDA:0,(anonymous_9)
DA:14,1
DA:15,1
DA:17,1
DA:18,1
DA:21,1
DA:23,1
DA:24,1
DA:33,0
DA:34,0
DA:47,0
DA:48,0
DA:50,0
DA:51,0
DA:54,0
DA:55,0
DA:57,0
DA:58,0
DA:76,0
DA:78,0
DA:79,0
DA:82,0
DA:86,0
DA:87,0
DA:88,0
DA:92,0
DA:99,0
DA:100,0
DA:103,0
DA:116,1
DA:117,1
DA:119,1
DA:199,1
DA:200,0
DA:201,1
DA:202,0
DA:203,1
DA:204,1
DA:206,0
DA:209,1
DA:211,1
DA:222,2
DA:223,1
DA:225,1
DA:226,1
DA:228,0
DA:240,0
DA:241,0
DA:242,0
DA:255,1
DA:256,1
DA:269,0
DA:270,0
DA:271,0
DA:272,0
DA:273,0
DA:274,0
LF:56
LH:22
BRDA:15,0,0,1
BRDA:15,0,1,0
BRDA:17,1,0,1
BRDA:17,1,1,0
BRDA:18,2,0,1
BRDA:18,2,1,1
BRDA:23,3,0,1
BRDA:23,3,1,0
BRDA:46,4,0,0
BRDA:48,5,0,0
BRDA:48,5,1,0
BRDA:50,6,0,0
BRDA:50,6,1,0
BRDA:54,7,0,0
BRDA:54,7,1,0
BRDA:76,8,0,0
BRDA:76,8,1,0
BRDA:83,9,0,0
BRDA:83,9,1,0
BRDA:99,10,0,0
BRDA:99,10,1,0
BRDA:199,11,0,0
BRDA:199,11,1,1
BRDA:199,12,0,1
BRDA:199,12,1,0
BRDA:201,13,0,0
BRDA:201,13,1,1
BRDA:201,14,0,1
BRDA:201,14,1,0
BRDA:203,15,0,1
BRDA:203,15,1,0
BRDA:203,16,0,1
BRDA:203,16,1,1
BRDA:225,17,0,1
BRDA:225,17,1,0
BRDA:240,18,0,0
BRDA:240,18,1,0
BRDA:240,19,0,0
BRDA:240,19,1,0
BRDA:241,20,0,0
BRDA:241,20,1,0
BRDA:255,21,0,1
BRDA:255,21,1,0
BRDA:269,22,0,0
BRDA:269,22,1,0
BRDA:269,23,0,0
BRDA:269,23,1,0
BRDA:271,24,0,0
BRDA:271,24,1,0
BRDA:271,25,0,0
BRDA:271,25,1,0
BRF:51
BRH:14
end_of_record
TN:
SF:client/utils/modules.js
FN:7,(anonymous_0)
FNF:1
FNH:0
FNDA:0,(anonymous_0)
DA:1,1
DA:8,0
DA:10,0
DA:12,0
DA:14,0
DA:16,0
DA:18,0
LF:7
LH:1
BRDA:8,0,0,0
BRDA:8,0,1,0
BRDA:8,0,2,0
BRDA:8,0,3,0
BRDA:8,0,4,0
BRF:5
BRH:0
end_of_record
